[2025-12-15T20:35:12.149+0000] {local_task_job_runner.py:120} INFO - ::group::Pre task execution logs
[2025-12-15T20:35:12.192+0000] {taskinstance.py:2076} INFO - Dependencies all met for dep_context=non-requeueable deps ti=<TaskInstance: minio_to_snowflake.load_into_snowflake scheduled__2025-12-15T20:30:00+00:00 [queued]>
[2025-12-15T20:35:12.203+0000] {taskinstance.py:2076} INFO - Dependencies all met for dep_context=requeueable deps ti=<TaskInstance: minio_to_snowflake.load_into_snowflake scheduled__2025-12-15T20:30:00+00:00 [queued]>
[2025-12-15T20:35:12.204+0000] {taskinstance.py:2306} INFO - Starting attempt 1 of 3
[2025-12-15T20:35:12.223+0000] {taskinstance.py:2330} INFO - Executing <Task(PythonOperator): load_into_snowflake> on 2025-12-15 20:30:00+00:00
[2025-12-15T20:35:12.239+0000] {logging_mixin.py:188} WARNING - /home/***/.local/lib/python3.12/site-packages/***/task/task_runner/standard_task_runner.py:62 DeprecationWarning: This process (pid=68441) is multi-threaded, use of fork() may lead to deadlocks in the child.
[2025-12-15T20:35:12.241+0000] {standard_task_runner.py:64} INFO - Started process 68444 to run task
[2025-12-15T20:35:12.238+0000] {standard_task_runner.py:90} INFO - Running: ['***', 'tasks', 'run', 'minio_to_snowflake', 'load_into_snowflake', 'scheduled__2025-12-15T20:30:00+00:00', '--job-id', '227', '--raw', '--subdir', 'DAGS_FOLDER/minio_to_snowflake.py', '--cfg-path', '/tmp/tmpm8aj5z5l']
[2025-12-15T20:35:12.242+0000] {standard_task_runner.py:91} INFO - Job 227: Subtask load_into_snowflake
[2025-12-15T20:35:12.337+0000] {task_command.py:426} INFO - Running <TaskInstance: minio_to_snowflake.load_into_snowflake scheduled__2025-12-15T20:30:00+00:00 [running]> on host 4abec113d47e
[2025-12-15T20:35:12.548+0000] {taskinstance.py:2648} INFO - Exporting env vars: AIRFLOW_CTX_DAG_OWNER='***' AIRFLOW_CTX_DAG_ID='minio_to_snowflake' AIRFLOW_CTX_TASK_ID='load_into_snowflake' AIRFLOW_CTX_EXECUTION_DATE='2025-12-15T20:30:00+00:00' AIRFLOW_CTX_TRY_NUMBER='1' AIRFLOW_CTX_DAG_RUN_ID='scheduled__2025-12-15T20:30:00+00:00'
[2025-12-15T20:35:12.551+0000] {taskinstance.py:430} INFO - ::endgroup::
[2025-12-15T20:35:12.628+0000] {logging_mixin.py:188} INFO - Received 265 files from previous task.
[2025-12-15T20:35:12.629+0000] {logging_mixin.py:188} INFO - Cnnecting to Snowflake...
[2025-12-15T20:35:12.631+0000] {connection.py:408} INFO - Snowflake Connector for Python Version: 3.11.0, Python Version: 3.12.4, Platform: Linux-6.6.87.2-microsoft-standard-WSL2-x86_64-with-glibc2.36
[2025-12-15T20:35:12.632+0000] {connection.py:1258} INFO - This connection is in OCSP Fail Open Mode. TLS Certificates would be checked for validity and revocation status. Any other Certificate Revocation related exceptions or OCSP Responder failures would be disregarded in favor of connectivity.
[2025-12-15T20:35:22.259+0000] {logging_mixin.py:188} INFO - Connected to Snowflake.
[2025-12-15T20:35:28.431+0000] {logging_mixin.py:188} INFO - Uploaded file to Snowflake stage: /tmp/minio_data/1765699149.json
[2025-12-15T20:35:31.351+0000] {logging_mixin.py:188} INFO - Uploaded file to Snowflake stage: /tmp/minio_data/1765700319.json
[2025-12-15T20:35:34.736+0000] {logging_mixin.py:188} INFO - Uploaded file to Snowflake stage: /tmp/minio_data/1765700445.json
[2025-12-15T20:35:38.776+0000] {logging_mixin.py:188} INFO - Uploaded file to Snowflake stage: /tmp/minio_data/1765700570.json
[2025-12-15T20:35:40.737+0000] {logging_mixin.py:188} INFO - Uploaded file to Snowflake stage: /tmp/minio_data/1765700695.json
[2025-12-15T20:35:43.683+0000] {logging_mixin.py:188} INFO - Uploaded file to Snowflake stage: /tmp/minio_data/1765700820.json
[2025-12-15T20:35:45.040+0000] {logging_mixin.py:188} INFO - Uploaded file to Snowflake stage: /tmp/minio_data/1765700944.json
[2025-12-15T20:35:46.292+0000] {logging_mixin.py:188} INFO - Uploaded file to Snowflake stage: /tmp/minio_data/1765701068.json
[2025-12-15T20:35:49.696+0000] {logging_mixin.py:188} INFO - Uploaded file to Snowflake stage: /tmp/minio_data/1765701195.json
[2025-12-15T20:35:53.400+0000] {logging_mixin.py:188} INFO - Uploaded file to Snowflake stage: /tmp/minio_data/1765701319.json
[2025-12-15T20:35:54.666+0000] {logging_mixin.py:188} INFO - Uploaded file to Snowflake stage: /tmp/minio_data/1765701444.json
[2025-12-15T20:35:55.547+0000] {logging_mixin.py:188} INFO - Uploaded file to Snowflake stage: /tmp/minio_data/1765701569.json
[2025-12-15T20:35:56.454+0000] {logging_mixin.py:188} INFO - Uploaded file to Snowflake stage: /tmp/minio_data/1765701708.json
[2025-12-15T20:35:57.473+0000] {logging_mixin.py:188} INFO - Uploaded file to Snowflake stage: /tmp/minio_data/1765701834.json
[2025-12-15T20:35:58.933+0000] {logging_mixin.py:188} INFO - Uploaded file to Snowflake stage: /tmp/minio_data/1765701960.json
[2025-12-15T20:36:02.046+0000] {logging_mixin.py:188} INFO - Uploaded file to Snowflake stage: /tmp/minio_data/1765702086.json
[2025-12-15T20:36:03.191+0000] {logging_mixin.py:188} INFO - Uploaded file to Snowflake stage: /tmp/minio_data/1765702212.json
[2025-12-15T20:36:05.252+0000] {logging_mixin.py:188} INFO - Uploaded file to Snowflake stage: /tmp/minio_data/1765702339.json
[2025-12-15T20:36:06.655+0000] {logging_mixin.py:188} INFO - Uploaded file to Snowflake stage: /tmp/minio_data/1765702464.json
[2025-12-15T20:36:07.817+0000] {logging_mixin.py:188} INFO - Uploaded file to Snowflake stage: /tmp/minio_data/1765702590.json
[2025-12-15T20:36:12.561+0000] {logging_mixin.py:188} INFO - Uploaded file to Snowflake stage: /tmp/minio_data/1765702715.json
[2025-12-15T20:36:14.323+0000] {logging_mixin.py:188} INFO - Uploaded file to Snowflake stage: /tmp/minio_data/1765702840.json
[2025-12-15T20:36:16.553+0000] {logging_mixin.py:188} INFO - Uploaded file to Snowflake stage: /tmp/minio_data/1765702967.json
[2025-12-15T20:36:18.660+0000] {logging_mixin.py:188} INFO - Uploaded file to Snowflake stage: /tmp/minio_data/1765703092.json
[2025-12-15T20:36:21.412+0000] {logging_mixin.py:188} INFO - Uploaded file to Snowflake stage: /tmp/minio_data/1765703217.json
[2025-12-15T20:36:25.545+0000] {logging_mixin.py:188} INFO - Uploaded file to Snowflake stage: /tmp/minio_data/1765703342.json
[2025-12-15T20:36:27.448+0000] {logging_mixin.py:188} INFO - Uploaded file to Snowflake stage: /tmp/minio_data/1765703468.json
[2025-12-15T20:36:36.364+0000] {logging_mixin.py:188} INFO - Uploaded file to Snowflake stage: /tmp/minio_data/1765703593.json
[2025-12-15T20:36:37.885+0000] {logging_mixin.py:188} INFO - Uploaded file to Snowflake stage: /tmp/minio_data/1765703717.json
[2025-12-15T20:36:42.977+0000] {logging_mixin.py:188} INFO - Uploaded file to Snowflake stage: /tmp/minio_data/1765703841.json
[2025-12-15T20:36:46.137+0000] {logging_mixin.py:188} INFO - Uploaded file to Snowflake stage: /tmp/minio_data/1765703966.json
[2025-12-15T20:36:47.284+0000] {logging_mixin.py:188} INFO - Uploaded file to Snowflake stage: /tmp/minio_data/1765704090.json
[2025-12-15T20:36:48.199+0000] {logging_mixin.py:188} INFO - Uploaded file to Snowflake stage: /tmp/minio_data/1765704215.json
[2025-12-15T20:37:26.509+0000] {connectionpool.py:824} WARNING - Retrying (Retry(total=0, connect=None, read=None, redirect=None, status=None)) after connection broken by 'ProtocolError('Connection aborted.', RemoteDisconnected('Remote end closed connection without response'))': /4sob1000-s/tables/12560761461/1765704339.json.gz
[2025-12-15T20:37:23.300+0000] {storage_client.py:318} WARNING - HEAD with url b'https://sfc-uk-ds1-28-customer-stage.s3.amazonaws.com/4sob1000-s/tables/12560761461/1765704339.json.gz' failed for transient error: HTTPSConnectionPool(host='sfc-uk-ds1-28-customer-stage.s3.amazonaws.com', port=443): Max retries exceeded with url: /4sob1000-s/tables/12560761461/1765704339.json.gz (Caused by NewConnectionError('<snowflake.connector.vendored.urllib3.connection.HTTPSConnection object at 0x726825a24470>: Failed to establish a new connection: [Errno -5] No address associated with hostname'))
[2025-12-15T20:37:24.888+0000] {logging_mixin.py:188} INFO - Uploaded file to Snowflake stage: /tmp/minio_data/1765704339.json
[2025-12-15T20:37:26.175+0000] {logging_mixin.py:188} INFO - Uploaded file to Snowflake stage: /tmp/minio_data/1765704464.json
[2025-12-15T20:37:35.296+0000] {logging_mixin.py:188} INFO - Uploaded file to Snowflake stage: /tmp/minio_data/1765704588.json
[2025-12-15T20:37:37.954+0000] {logging_mixin.py:188} INFO - Uploaded file to Snowflake stage: /tmp/minio_data/1765704712.json
[2025-12-15T20:37:44.511+0000] {logging_mixin.py:188} INFO - Uploaded file to Snowflake stage: /tmp/minio_data/1765704837.json
[2025-12-15T20:37:48.984+0000] {logging_mixin.py:188} INFO - Uploaded file to Snowflake stage: /tmp/minio_data/1765704961.json
[2025-12-15T20:37:52.193+0000] {logging_mixin.py:188} INFO - Uploaded file to Snowflake stage: /tmp/minio_data/1765705086.json
[2025-12-15T20:37:56.563+0000] {logging_mixin.py:188} INFO - Uploaded file to Snowflake stage: /tmp/minio_data/1765705210.json
[2025-12-15T20:37:57.660+0000] {logging_mixin.py:188} INFO - Uploaded file to Snowflake stage: /tmp/minio_data/1765705335.json
[2025-12-15T20:38:45.023+0000] {logging_mixin.py:188} INFO - Uploaded file to Snowflake stage: /tmp/minio_data/1765705459.json
[2025-12-15T20:38:46.388+0000] {logging_mixin.py:188} INFO - Uploaded file to Snowflake stage: /tmp/minio_data/1765705591.json
[2025-12-15T20:38:48.221+0000] {logging_mixin.py:188} INFO - Uploaded file to Snowflake stage: /tmp/minio_data/1765705724.json
[2025-12-15T20:38:49.561+0000] {logging_mixin.py:188} INFO - Uploaded file to Snowflake stage: /tmp/minio_data/1765705856.json
[2025-12-15T20:38:50.452+0000] {logging_mixin.py:188} INFO - Uploaded file to Snowflake stage: /tmp/minio_data/1765706004.json
[2025-12-15T20:38:51.499+0000] {logging_mixin.py:188} INFO - Uploaded file to Snowflake stage: /tmp/minio_data/1765706174.json
[2025-12-15T20:38:53.095+0000] {logging_mixin.py:188} INFO - Uploaded file to Snowflake stage: /tmp/minio_data/1765706317.json
[2025-12-15T20:38:54.519+0000] {logging_mixin.py:188} INFO - Uploaded file to Snowflake stage: /tmp/minio_data/1765706443.json
[2025-12-15T20:38:55.398+0000] {logging_mixin.py:188} INFO - Uploaded file to Snowflake stage: /tmp/minio_data/1765706568.json
[2025-12-15T20:38:56.339+0000] {logging_mixin.py:188} INFO - Uploaded file to Snowflake stage: /tmp/minio_data/1765706694.json
[2025-12-15T20:38:57.420+0000] {logging_mixin.py:188} INFO - Uploaded file to Snowflake stage: /tmp/minio_data/1765706820.json
[2025-12-15T20:38:58.194+0000] {logging_mixin.py:188} INFO - Uploaded file to Snowflake stage: /tmp/minio_data/1765699206.json
[2025-12-15T20:38:59.357+0000] {logging_mixin.py:188} INFO - Uploaded file to Snowflake stage: /tmp/minio_data/1765700358.json
[2025-12-15T20:39:00.962+0000] {logging_mixin.py:188} INFO - Uploaded file to Snowflake stage: /tmp/minio_data/1765700483.json
[2025-12-15T20:39:02.464+0000] {logging_mixin.py:188} INFO - Uploaded file to Snowflake stage: /tmp/minio_data/1765700609.json
[2025-12-15T20:39:03.372+0000] {logging_mixin.py:188} INFO - Uploaded file to Snowflake stage: /tmp/minio_data/1765700734.json
[2025-12-15T20:39:04.218+0000] {logging_mixin.py:188} INFO - Uploaded file to Snowflake stage: /tmp/minio_data/1765700858.json
[2025-12-15T20:39:07.757+0000] {logging_mixin.py:188} INFO - Uploaded file to Snowflake stage: /tmp/minio_data/1765700983.json
[2025-12-15T20:39:08.621+0000] {logging_mixin.py:188} INFO - Uploaded file to Snowflake stage: /tmp/minio_data/1765701108.json
[2025-12-15T20:39:09.586+0000] {logging_mixin.py:188} INFO - Uploaded file to Snowflake stage: /tmp/minio_data/1765701234.json
[2025-12-15T20:39:11.522+0000] {logging_mixin.py:188} INFO - Uploaded file to Snowflake stage: /tmp/minio_data/1765701359.json
[2025-12-15T20:39:12.691+0000] {logging_mixin.py:188} INFO - Uploaded file to Snowflake stage: /tmp/minio_data/1765701483.json
[2025-12-15T20:39:14.954+0000] {logging_mixin.py:188} INFO - Uploaded file to Snowflake stage: /tmp/minio_data/1765701607.json
[2025-12-15T20:39:16.603+0000] {logging_mixin.py:188} INFO - Uploaded file to Snowflake stage: /tmp/minio_data/1765701748.json
[2025-12-15T20:39:17.478+0000] {logging_mixin.py:188} INFO - Uploaded file to Snowflake stage: /tmp/minio_data/1765701874.json
[2025-12-15T20:39:19.763+0000] {logging_mixin.py:188} INFO - Uploaded file to Snowflake stage: /tmp/minio_data/1765701999.json
[2025-12-15T20:39:24.966+0000] {logging_mixin.py:188} INFO - Uploaded file to Snowflake stage: /tmp/minio_data/1765702125.json
[2025-12-15T20:39:26.739+0000] {logging_mixin.py:188} INFO - Uploaded file to Snowflake stage: /tmp/minio_data/1765702252.json
[2025-12-15T20:39:27.846+0000] {logging_mixin.py:188} INFO - Uploaded file to Snowflake stage: /tmp/minio_data/1765702378.json
[2025-12-15T20:39:29.244+0000] {logging_mixin.py:188} INFO - Uploaded file to Snowflake stage: /tmp/minio_data/1765702503.json
[2025-12-15T20:39:32.571+0000] {logging_mixin.py:188} INFO - Uploaded file to Snowflake stage: /tmp/minio_data/1765702628.json
[2025-12-15T20:39:33.487+0000] {logging_mixin.py:188} INFO - Uploaded file to Snowflake stage: /tmp/minio_data/1765702754.json
[2025-12-15T20:39:34.749+0000] {logging_mixin.py:188} INFO - Uploaded file to Snowflake stage: /tmp/minio_data/1765702880.json
[2025-12-15T20:39:38.894+0000] {logging_mixin.py:188} INFO - Uploaded file to Snowflake stage: /tmp/minio_data/1765703006.json
[2025-12-15T20:39:41.777+0000] {logging_mixin.py:188} INFO - Uploaded file to Snowflake stage: /tmp/minio_data/1765703131.json
[2025-12-15T20:39:43.930+0000] {logging_mixin.py:188} INFO - Uploaded file to Snowflake stage: /tmp/minio_data/1765703256.json
[2025-12-15T20:39:48.490+0000] {logging_mixin.py:188} INFO - Uploaded file to Snowflake stage: /tmp/minio_data/1765703381.json
[2025-12-15T20:39:50.079+0000] {logging_mixin.py:188} INFO - Uploaded file to Snowflake stage: /tmp/minio_data/1765703507.json
[2025-12-15T20:39:51.369+0000] {logging_mixin.py:188} INFO - Uploaded file to Snowflake stage: /tmp/minio_data/1765703631.json
[2025-12-15T20:39:52.457+0000] {logging_mixin.py:188} INFO - Uploaded file to Snowflake stage: /tmp/minio_data/1765703756.json
[2025-12-15T20:39:56.082+0000] {logging_mixin.py:188} INFO - Uploaded file to Snowflake stage: /tmp/minio_data/1765703880.json
[2025-12-15T20:39:59.705+0000] {logging_mixin.py:188} INFO - Uploaded file to Snowflake stage: /tmp/minio_data/1765704004.json
[2025-12-15T20:40:03.306+0000] {logging_mixin.py:188} INFO - Uploaded file to Snowflake stage: /tmp/minio_data/1765704129.json
[2025-12-15T20:40:04.258+0000] {logging_mixin.py:188} INFO - Uploaded file to Snowflake stage: /tmp/minio_data/1765704254.json
[2025-12-15T20:40:05.672+0000] {logging_mixin.py:188} INFO - Uploaded file to Snowflake stage: /tmp/minio_data/1765704377.json
[2025-12-15T20:40:06.752+0000] {logging_mixin.py:188} INFO - Uploaded file to Snowflake stage: /tmp/minio_data/1765704502.json
[2025-12-15T20:40:08.502+0000] {logging_mixin.py:188} INFO - Uploaded file to Snowflake stage: /tmp/minio_data/1765704627.json
[2025-12-15T20:40:09.963+0000] {logging_mixin.py:188} INFO - Uploaded file to Snowflake stage: /tmp/minio_data/1765704751.json
[2025-12-15T20:40:11.645+0000] {logging_mixin.py:188} INFO - Uploaded file to Snowflake stage: /tmp/minio_data/1765704875.json
[2025-12-15T20:40:12.563+0000] {logging_mixin.py:188} INFO - Uploaded file to Snowflake stage: /tmp/minio_data/1765705000.json
[2025-12-15T20:40:14.558+0000] {logging_mixin.py:188} INFO - Uploaded file to Snowflake stage: /tmp/minio_data/1765705125.json
[2025-12-15T20:40:18.162+0000] {logging_mixin.py:188} INFO - Uploaded file to Snowflake stage: /tmp/minio_data/1765705249.json
[2025-12-15T20:40:23.314+0000] {logging_mixin.py:188} INFO - Uploaded file to Snowflake stage: /tmp/minio_data/1765705373.json
[2025-12-15T20:40:26.579+0000] {logging_mixin.py:188} INFO - Uploaded file to Snowflake stage: /tmp/minio_data/1765705504.json
[2025-12-15T20:40:28.332+0000] {logging_mixin.py:188} INFO - Uploaded file to Snowflake stage: /tmp/minio_data/1765705636.json
[2025-12-15T20:40:31.267+0000] {logging_mixin.py:188} INFO - Uploaded file to Snowflake stage: /tmp/minio_data/1765705768.json
[2025-12-15T20:40:32.613+0000] {logging_mixin.py:188} INFO - Uploaded file to Snowflake stage: /tmp/minio_data/1765705902.json
[2025-12-15T20:40:34.014+0000] {logging_mixin.py:188} INFO - Uploaded file to Snowflake stage: /tmp/minio_data/1765706078.json
[2025-12-15T20:40:36.033+0000] {logging_mixin.py:188} INFO - Uploaded file to Snowflake stage: /tmp/minio_data/1765706228.json
[2025-12-15T20:40:38.005+0000] {logging_mixin.py:188} INFO - Uploaded file to Snowflake stage: /tmp/minio_data/1765706357.json
[2025-12-15T20:40:39.873+0000] {logging_mixin.py:188} INFO - Uploaded file to Snowflake stage: /tmp/minio_data/1765706482.json
[2025-12-15T20:40:42.098+0000] {logging_mixin.py:188} INFO - Uploaded file to Snowflake stage: /tmp/minio_data/1765706607.json
[2025-12-15T20:40:43.338+0000] {logging_mixin.py:188} INFO - Uploaded file to Snowflake stage: /tmp/minio_data/1765706733.json
[2025-12-15T20:40:45.237+0000] {logging_mixin.py:188} INFO - Uploaded file to Snowflake stage: /tmp/minio_data/1765706859.json
[2025-12-15T20:40:57.697+0000] {connectionpool.py:824} WARNING - Retrying (Retry(total=0, connect=None, read=None, redirect=None, status=None)) after connection broken by 'ProtocolError('Connection aborted.', RemoteDisconnected('Remote end closed connection without response'))': /4sob1000-s/tables/12560761461/1765699167.json.gz
[2025-12-15T20:41:04.414+0000] {logging_mixin.py:188} INFO - Uploaded file to Snowflake stage: /tmp/minio_data/1765699167.json
[2025-12-15T20:41:07.453+0000] {logging_mixin.py:188} INFO - Uploaded file to Snowflake stage: /tmp/minio_data/1765700332.json
[2025-12-15T20:41:10.365+0000] {logging_mixin.py:188} INFO - Uploaded file to Snowflake stage: /tmp/minio_data/1765700458.json
[2025-12-15T20:41:16.422+0000] {logging_mixin.py:188} INFO - Uploaded file to Snowflake stage: /tmp/minio_data/1765700583.json
[2025-12-15T20:42:05.566+0000] {connectionpool.py:824} WARNING - Retrying (Retry(total=0, connect=None, read=None, redirect=None, status=None)) after connection broken by 'NewConnectionError('<snowflake.connector.vendored.urllib3.connection.HTTPSConnection object at 0x726825a705f0>: Failed to establish a new connection: [Errno -2] Name or service not known')': /queries/v1/query-request?requestId=1877ef62-c82b-4bad-9122-16030c472edb&clientStartTime=1765831276427&retryCount=1&retryReason=None&request_guid=c9ecedb0-94b3-4514-805d-59c0e702eae4
[2025-12-15T20:42:06.583+0000] {connectionpool.py:824} WARNING - Retrying (Retry(total=0, connect=None, read=None, redirect=None, status=None)) after connection broken by 'NewConnectionError('<snowflake.connector.vendored.urllib3.connection.HTTPSConnection object at 0x726825a70e90>: Failed to establish a new connection: [Errno -2] Name or service not known')': /queries/v1/query-request?requestId=1877ef62-c82b-4bad-9122-16030c472edb&clientStartTime=1765831276427&retryCount=2&retryReason=None&request_guid=ee9dc79c-0042-4d94-a31c-231c67a461eb
[2025-12-15T20:42:07.601+0000] {connectionpool.py:824} WARNING - Retrying (Retry(total=0, connect=None, read=None, redirect=None, status=None)) after connection broken by 'NewConnectionError('<snowflake.connector.vendored.urllib3.connection.HTTPSConnection object at 0x72683efb6ae0>: Failed to establish a new connection: [Errno -2] Name or service not known')': /queries/v1/query-request?requestId=1877ef62-c82b-4bad-9122-16030c472edb&clientStartTime=1765831276427&retryCount=3&retryReason=None&request_guid=ba0f9b73-ec4d-42ab-ac7f-2d00e0b40841
[2025-12-15T20:42:07.620+0000] {connectionpool.py:824} WARNING - Retrying (Retry(total=0, connect=None, read=None, redirect=None, status=None)) after connection broken by 'NewConnectionError('<snowflake.connector.vendored.urllib3.connection.HTTPSConnection object at 0x726825bb66f0>: Failed to establish a new connection: [Errno -2] Name or service not known')': /queries/v1/query-request?requestId=1877ef62-c82b-4bad-9122-16030c472edb&clientStartTime=1765831276427&retryCount=4&retryReason=None&request_guid=7fd8d7b5-72d4-4717-b557-0ffd6d572bd9
[2025-12-15T20:42:10.676+0000] {connectionpool.py:824} WARNING - Retrying (Retry(total=0, connect=None, read=None, redirect=None, status=None)) after connection broken by 'NewConnectionError('<snowflake.connector.vendored.urllib3.connection.HTTPSConnection object at 0x726825a243b0>: Failed to establish a new connection: [Errno -2] Name or service not known')': /queries/v1/query-request?requestId=1877ef62-c82b-4bad-9122-16030c472edb&clientStartTime=1765831276427&retryCount=5&retryReason=None&request_guid=5e4eff69-4f25-41df-b125-250b9ada05aa
[2025-12-15T20:42:13.716+0000] {connectionpool.py:824} WARNING - Retrying (Retry(total=0, connect=None, read=None, redirect=None, status=None)) after connection broken by 'NewConnectionError('<snowflake.connector.vendored.urllib3.connection.HTTPSConnection object at 0x72683efb61b0>: Failed to establish a new connection: [Errno -2] Name or service not known')': /queries/v1/query-request?requestId=1877ef62-c82b-4bad-9122-16030c472edb&clientStartTime=1765831276427&retryCount=6&retryReason=None&request_guid=540c11f5-2d87-4667-974e-b7b09f65df62
[2025-12-15T20:42:28.743+0000] {connectionpool.py:824} WARNING - Retrying (Retry(total=0, connect=None, read=None, redirect=None, status=None)) after connection broken by 'NewConnectionError('<snowflake.connector.vendored.urllib3.connection.HTTPSConnection object at 0x726825a73050>: Failed to establish a new connection: [Errno -2] Name or service not known')': /queries/v1/query-request?requestId=1877ef62-c82b-4bad-9122-16030c472edb&clientStartTime=1765831276427&retryCount=7&retryReason=None&request_guid=1e764354-505c-4715-a025-e3d09b37a45f
[2025-12-15T20:42:29.766+0000] {connectionpool.py:824} WARNING - Retrying (Retry(total=0, connect=None, read=None, redirect=None, status=None)) after connection broken by 'NewConnectionError('<snowflake.connector.vendored.urllib3.connection.HTTPSConnection object at 0x726825a702f0>: Failed to establish a new connection: [Errno -2] Name or service not known')': /queries/v1/query-request?requestId=1877ef62-c82b-4bad-9122-16030c472edb&clientStartTime=1765831276427&retryCount=8&retryReason=None&request_guid=9155a867-0822-4d76-9d80-8229599da68d
[2025-12-15T20:42:34.887+0000] {connectionpool.py:824} WARNING - Retrying (Retry(total=0, connect=None, read=None, redirect=None, status=None)) after connection broken by 'NewConnectionError('<snowflake.connector.vendored.urllib3.connection.HTTPSConnection object at 0x726825a738f0>: Failed to establish a new connection: [Errno -2] Name or service not known')': /queries/v1/query-request?requestId=1877ef62-c82b-4bad-9122-16030c472edb&clientStartTime=1765831276427&retryCount=9&retryReason=None&request_guid=34fdd34a-b844-4216-8e45-3e83dfbd00f4
[2025-12-15T20:42:43.919+0000] {connectionpool.py:824} WARNING - Retrying (Retry(total=0, connect=None, read=None, redirect=None, status=None)) after connection broken by 'NewConnectionError('<snowflake.connector.vendored.urllib3.connection.HTTPSConnection object at 0x726825a25250>: Failed to establish a new connection: [Errno -2] Name or service not known')': /queries/v1/query-request?requestId=1877ef62-c82b-4bad-9122-16030c472edb&clientStartTime=1765831276427&retryCount=10&retryReason=None&request_guid=f435bc44-f768-40e1-a24d-5c90b380587d
[2025-12-15T20:43:00.030+0000] {connectionpool.py:824} WARNING - Retrying (Retry(total=0, connect=None, read=None, redirect=None, status=None)) after connection broken by 'NewConnectionError('<snowflake.connector.vendored.urllib3.connection.HTTPSConnection object at 0x726825a4a810>: Failed to establish a new connection: [Errno -2] Name or service not known')': /queries/v1/query-request?requestId=1877ef62-c82b-4bad-9122-16030c472edb&clientStartTime=1765831276427&retryCount=11&retryReason=None&request_guid=324400e3-b04a-4106-bde0-d6dd449b6dac
[2025-12-15T20:43:15.124+0000] {connectionpool.py:824} WARNING - Retrying (Retry(total=0, connect=None, read=None, redirect=None, status=None)) after connection broken by 'NewConnectionError('<snowflake.connector.vendored.urllib3.connection.HTTPSConnection object at 0x726825a25880>: Failed to establish a new connection: [Errno -2] Name or service not known')': /queries/v1/query-request?requestId=1877ef62-c82b-4bad-9122-16030c472edb&clientStartTime=1765831276427&retryCount=12&retryReason=None&request_guid=9aae2183-1a9f-4508-85bf-6e08f0e402b8
[2025-12-15T20:43:30.163+0000] {connectionpool.py:824} WARNING - Retrying (Retry(total=0, connect=None, read=None, redirect=None, status=None)) after connection broken by 'NewConnectionError('<snowflake.connector.vendored.urllib3.connection.HTTPSConnection object at 0x726825a73c20>: Failed to establish a new connection: [Errno -2] Name or service not known')': /queries/v1/query-request?requestId=1877ef62-c82b-4bad-9122-16030c472edb&clientStartTime=1765831276427&retryCount=13&retryReason=None&request_guid=0c2c55b6-1a5a-4b15-b5eb-ac66b971fe1a
[2025-12-15T20:43:46.263+0000] {connectionpool.py:824} WARNING - Retrying (Retry(total=0, connect=None, read=None, redirect=None, status=None)) after connection broken by 'NewConnectionError('<snowflake.connector.vendored.urllib3.connection.HTTPSConnection object at 0x726825a73aa0>: Failed to establish a new connection: [Errno -2] Name or service not known')': /queries/v1/query-request?requestId=1877ef62-c82b-4bad-9122-16030c472edb&clientStartTime=1765831276427&retryCount=14&retryReason=None&request_guid=2410b062-b68f-4b65-96bc-3e891f05dd43
[2025-12-15T20:43:46.278+0000] {connectionpool.py:824} WARNING - Retrying (Retry(total=0, connect=None, read=None, redirect=None, status=None)) after connection broken by 'NewConnectionError('<snowflake.connector.vendored.urllib3.connection.HTTPSConnection object at 0x726825bb7d40>: Failed to establish a new connection: [Errno -2] Name or service not known')': /queries/v1/query-request?requestId=1877ef62-c82b-4bad-9122-16030c472edb&clientStartTime=1765831276427&retryCount=15&retryReason=None&request_guid=767c162e-be83-4130-83a5-b129741d5dbd
[2025-12-15T20:43:51.305+0000] {connectionpool.py:824} WARNING - Retrying (Retry(total=0, connect=None, read=None, redirect=None, status=None)) after connection broken by 'NewConnectionError('<snowflake.connector.vendored.urllib3.connection.HTTPSConnection object at 0x726825a490a0>: Failed to establish a new connection: [Errno -2] Name or service not known')': /queries/v1/query-request?requestId=1877ef62-c82b-4bad-9122-16030c472edb&clientStartTime=1765831276427&retryCount=16&retryReason=None&request_guid=e8271adb-5d61-402b-a491-53c87be42ac4
[2025-12-15T20:43:55.340+0000] {connectionpool.py:824} WARNING - Retrying (Retry(total=0, connect=None, read=None, redirect=None, status=None)) after connection broken by 'NewConnectionError('<snowflake.connector.vendored.urllib3.connection.HTTPSConnection object at 0x726825a4bd40>: Failed to establish a new connection: [Errno -2] Name or service not known')': /queries/v1/query-request?requestId=1877ef62-c82b-4bad-9122-16030c472edb&clientStartTime=1765831276427&retryCount=17&retryReason=None&request_guid=22b4d413-4120-4fec-b0f2-d96fcc3bcc16
[2025-12-15T20:43:55.352+0000] {connectionpool.py:824} WARNING - Retrying (Retry(total=0, connect=None, read=None, redirect=None, status=None)) after connection broken by 'NewConnectionError('<snowflake.connector.vendored.urllib3.connection.HTTPSConnection object at 0x726825a4a3c0>: Failed to establish a new connection: [Errno -2] Name or service not known')': /queries/v1/query-request?requestId=1877ef62-c82b-4bad-9122-16030c472edb&clientStartTime=1765831276427&retryCount=18&retryReason=None&request_guid=e3322cbe-c9ba-4a30-b44b-1fa19de289eb
[2025-12-15T20:44:07.445+0000] {connectionpool.py:824} WARNING - Retrying (Retry(total=0, connect=None, read=None, redirect=None, status=None)) after connection broken by 'NewConnectionError('<snowflake.connector.vendored.urllib3.connection.HTTPSConnection object at 0x72683efb6210>: Failed to establish a new connection: [Errno -2] Name or service not known')': /queries/v1/query-request?requestId=1877ef62-c82b-4bad-9122-16030c472edb&clientStartTime=1765831276427&retryCount=19&retryReason=None&request_guid=085995bd-35ba-4412-b5a7-1ccbece9bf5c
[2025-12-15T20:44:08.479+0000] {connectionpool.py:824} WARNING - Retrying (Retry(total=0, connect=None, read=None, redirect=None, status=None)) after connection broken by 'NewConnectionError('<snowflake.connector.vendored.urllib3.connection.HTTPSConnection object at 0x726825a73ef0>: Failed to establish a new connection: [Errno -2] Name or service not known')': /queries/v1/query-request?requestId=1877ef62-c82b-4bad-9122-16030c472edb&clientStartTime=1765831276427&retryCount=20&retryReason=None&request_guid=3bf4a710-87c5-4778-8c19-a0273f617043
[2025-12-15T20:44:17.502+0000] {connectionpool.py:824} WARNING - Retrying (Retry(total=0, connect=None, read=None, redirect=None, status=None)) after connection broken by 'NewConnectionError('<snowflake.connector.vendored.urllib3.connection.HTTPSConnection object at 0x726825a24c20>: Failed to establish a new connection: [Errno -2] Name or service not known')': /queries/v1/query-request?requestId=1877ef62-c82b-4bad-9122-16030c472edb&clientStartTime=1765831276427&retryCount=21&retryReason=None&request_guid=3294e228-02e3-4cea-929c-53c2dc4053b3
[2025-12-15T20:44:21.525+0000] {connectionpool.py:824} WARNING - Retrying (Retry(total=0, connect=None, read=None, redirect=None, status=None)) after connection broken by 'NewConnectionError('<snowflake.connector.vendored.urllib3.connection.HTTPSConnection object at 0x726825a4bcb0>: Failed to establish a new connection: [Errno -2] Name or service not known')': /queries/v1/query-request?requestId=1877ef62-c82b-4bad-9122-16030c472edb&clientStartTime=1765831276427&retryCount=22&retryReason=None&request_guid=6ee07a4c-5e7f-4f80-917b-d4ccaade7675
[2025-12-15T20:44:28.543+0000] {connectionpool.py:824} WARNING - Retrying (Retry(total=0, connect=None, read=None, redirect=None, status=None)) after connection broken by 'NewConnectionError('<snowflake.connector.vendored.urllib3.connection.HTTPSConnection object at 0x726825a49df0>: Failed to establish a new connection: [Errno -2] Name or service not known')': /queries/v1/query-request?requestId=1877ef62-c82b-4bad-9122-16030c472edb&clientStartTime=1765831276427&retryCount=23&retryReason=None&request_guid=5afa2c2a-f733-479c-b46e-6dc50e7da52a
[2025-12-15T20:44:37.613+0000] {connectionpool.py:824} WARNING - Retrying (Retry(total=0, connect=None, read=None, redirect=None, status=None)) after connection broken by 'NewConnectionError('<snowflake.connector.vendored.urllib3.connection.HTTPSConnection object at 0x726825bd84a0>: Failed to establish a new connection: [Errno -2] Name or service not known')': /queries/v1/query-request?requestId=1877ef62-c82b-4bad-9122-16030c472edb&clientStartTime=1765831276427&retryCount=24&retryReason=None&request_guid=ba5b007d-8f37-4b07-ad02-bcf3341d1d03
[2025-12-15T20:44:43.656+0000] {connectionpool.py:824} WARNING - Retrying (Retry(total=0, connect=None, read=None, redirect=None, status=None)) after connection broken by 'NewConnectionError('<snowflake.connector.vendored.urllib3.connection.HTTPSConnection object at 0x72682592d460>: Failed to establish a new connection: [Errno -2] Name or service not known')': /queries/v1/query-request?requestId=1877ef62-c82b-4bad-9122-16030c472edb&clientStartTime=1765831276427&retryCount=25&retryReason=None&request_guid=400192d8-b4a4-424f-a6d7-849b38ad84be
[2025-12-15T20:44:58.696+0000] {connectionpool.py:824} WARNING - Retrying (Retry(total=0, connect=None, read=None, redirect=None, status=None)) after connection broken by 'NewConnectionError('<snowflake.connector.vendored.urllib3.connection.HTTPSConnection object at 0x726825bd8e60>: Failed to establish a new connection: [Errno -2] Name or service not known')': /queries/v1/query-request?requestId=1877ef62-c82b-4bad-9122-16030c472edb&clientStartTime=1765831276427&retryCount=26&retryReason=None&request_guid=3ca34e24-0bb2-4e49-a5ba-41b25505fefd
[2025-12-15T20:45:06.736+0000] {connectionpool.py:824} WARNING - Retrying (Retry(total=0, connect=None, read=None, redirect=None, status=None)) after connection broken by 'NewConnectionError('<snowflake.connector.vendored.urllib3.connection.HTTPSConnection object at 0x726825a4bef0>: Failed to establish a new connection: [Errno -2] Name or service not known')': /queries/v1/query-request?requestId=1877ef62-c82b-4bad-9122-16030c472edb&clientStartTime=1765831276427&retryCount=27&retryReason=None&request_guid=f6b4dc19-5b37-44bf-a067-68de510e66e3
[2025-12-15T20:45:14.754+0000] {connectionpool.py:824} WARNING - Retrying (Retry(total=0, connect=None, read=None, redirect=None, status=None)) after connection broken by 'NewConnectionError('<snowflake.connector.vendored.urllib3.connection.HTTPSConnection object at 0x726825a70170>: Failed to establish a new connection: [Errno -2] Name or service not known')': /queries/v1/query-request?requestId=1877ef62-c82b-4bad-9122-16030c472edb&clientStartTime=1765831276427&retryCount=28&retryReason=None&request_guid=41523a01-c6ba-49d0-9059-eb60e74c82a3
[2025-12-15T20:45:26.791+0000] {connectionpool.py:824} WARNING - Retrying (Retry(total=0, connect=None, read=None, redirect=None, status=None)) after connection broken by 'NewConnectionError('<snowflake.connector.vendored.urllib3.connection.HTTPSConnection object at 0x726825a718e0>: Failed to establish a new connection: [Errno -2] Name or service not known')': /queries/v1/query-request?requestId=1877ef62-c82b-4bad-9122-16030c472edb&clientStartTime=1765831276427&retryCount=29&retryReason=None&request_guid=7ced2854-f9e9-49d9-a6db-861560696755
[2025-12-15T20:45:36.826+0000] {connectionpool.py:824} WARNING - Retrying (Retry(total=0, connect=None, read=None, redirect=None, status=None)) after connection broken by 'NewConnectionError('<snowflake.connector.vendored.urllib3.connection.HTTPSConnection object at 0x72683efb6960>: Failed to establish a new connection: [Errno -2] Name or service not known')': /queries/v1/query-request?requestId=1877ef62-c82b-4bad-9122-16030c472edb&clientStartTime=1765831276427&retryCount=30&retryReason=None&request_guid=33a43152-8a18-4219-b530-e8e5321456f8
[2025-12-15T20:45:36.838+0000] {connectionpool.py:824} WARNING - Retrying (Retry(total=0, connect=None, read=None, redirect=None, status=None)) after connection broken by 'NewConnectionError('<snowflake.connector.vendored.urllib3.connection.HTTPSConnection object at 0x726825bf97f0>: Failed to establish a new connection: [Errno -2] Name or service not known')': /queries/v1/query-request?requestId=1877ef62-c82b-4bad-9122-16030c472edb&clientStartTime=1765831276427&retryCount=31&retryReason=None&request_guid=61de6e77-2d38-4136-a1a7-117530766a43
[2025-12-15T20:45:36.852+0000] {connectionpool.py:824} WARNING - Retrying (Retry(total=0, connect=None, read=None, redirect=None, status=None)) after connection broken by 'NewConnectionError('<snowflake.connector.vendored.urllib3.connection.HTTPSConnection object at 0x72683efb6810>: Failed to establish a new connection: [Errno -2] Name or service not known')': /queries/v1/query-request?requestId=1877ef62-c82b-4bad-9122-16030c472edb&clientStartTime=1765831276427&retryCount=32&retryReason=None&request_guid=71d24e7e-1145-46ad-9534-b92e01247380
[2025-12-15T20:45:49.904+0000] {connectionpool.py:824} WARNING - Retrying (Retry(total=0, connect=None, read=None, redirect=None, status=None)) after connection broken by 'NewConnectionError('<snowflake.connector.vendored.urllib3.connection.HTTPSConnection object at 0x726825a72270>: Failed to establish a new connection: [Errno -2] Name or service not known')': /queries/v1/query-request?requestId=1877ef62-c82b-4bad-9122-16030c472edb&clientStartTime=1765831276427&retryCount=33&retryReason=None&request_guid=33767c94-7a0c-4312-9789-9e93008a4e47
[2025-12-15T20:46:02.932+0000] {connectionpool.py:824} WARNING - Retrying (Retry(total=0, connect=None, read=None, redirect=None, status=None)) after connection broken by 'NewConnectionError('<snowflake.connector.vendored.urllib3.connection.HTTPSConnection object at 0x726825df7560>: Failed to establish a new connection: [Errno -2] Name or service not known')': /queries/v1/query-request?requestId=1877ef62-c82b-4bad-9122-16030c472edb&clientStartTime=1765831276427&retryCount=34&retryReason=None&request_guid=9414ba11-dd11-4830-a724-8516c571e262
[2025-12-15T20:46:13.960+0000] {connectionpool.py:824} WARNING - Retrying (Retry(total=0, connect=None, read=None, redirect=None, status=None)) after connection broken by 'NewConnectionError('<snowflake.connector.vendored.urllib3.connection.HTTPSConnection object at 0x726825a4bd40>: Failed to establish a new connection: [Errno -2] Name or service not known')': /queries/v1/query-request?requestId=1877ef62-c82b-4bad-9122-16030c472edb&clientStartTime=1765831276427&retryCount=35&retryReason=None&request_guid=a29acc9f-c63c-4ccf-bc2d-ab5d58f8bd55
[2025-12-15T20:46:23.995+0000] {connectionpool.py:824} WARNING - Retrying (Retry(total=0, connect=None, read=None, redirect=None, status=None)) after connection broken by 'NewConnectionError('<snowflake.connector.vendored.urllib3.connection.HTTPSConnection object at 0x726825bd8e60>: Failed to establish a new connection: [Errno -2] Name or service not known')': /queries/v1/query-request?requestId=1877ef62-c82b-4bad-9122-16030c472edb&clientStartTime=1765831276427&retryCount=36&retryReason=None&request_guid=6879f4f4-ba2b-426b-88bb-96baa72ce733
[2025-12-15T20:46:38.050+0000] {connectionpool.py:824} WARNING - Retrying (Retry(total=0, connect=None, read=None, redirect=None, status=None)) after connection broken by 'NewConnectionError('<snowflake.connector.vendored.urllib3.connection.HTTPSConnection object at 0x726825bfa540>: Failed to establish a new connection: [Errno -2] Name or service not known')': /queries/v1/query-request?requestId=1877ef62-c82b-4bad-9122-16030c472edb&clientStartTime=1765831276427&retryCount=37&retryReason=None&request_guid=bad47618-1d9c-4fad-8cbe-11227002a6be
[2025-12-15T20:46:46.071+0000] {connectionpool.py:824} WARNING - Retrying (Retry(total=0, connect=None, read=None, redirect=None, status=None)) after connection broken by 'NewConnectionError('<snowflake.connector.vendored.urllib3.connection.HTTPSConnection object at 0x726825bf8a40>: Failed to establish a new connection: [Errno -2] Name or service not known')': /queries/v1/query-request?requestId=1877ef62-c82b-4bad-9122-16030c472edb&clientStartTime=1765831276427&retryCount=38&retryReason=None&request_guid=cd61a9ae-7ff3-416a-93a1-c97dd3661202
[2025-12-15T20:46:56.083+0000] {connectionpool.py:824} WARNING - Retrying (Retry(total=0, connect=None, read=None, redirect=None, status=None)) after connection broken by 'NewConnectionError('<snowflake.connector.vendored.urllib3.connection.HTTPSConnection object at 0x726825bd8da0>: Failed to establish a new connection: [Errno -2] Name or service not known')': /queries/v1/query-request?requestId=1877ef62-c82b-4bad-9122-16030c472edb&clientStartTime=1765831276427&retryCount=39&retryReason=None&request_guid=97d5f5b0-47b6-41b5-86b5-3779934aed3f
[2025-12-15T20:47:00.105+0000] {connectionpool.py:824} WARNING - Retrying (Retry(total=0, connect=None, read=None, redirect=None, status=None)) after connection broken by 'NewConnectionError('<snowflake.connector.vendored.urllib3.connection.HTTPSConnection object at 0x726825a49c40>: Failed to establish a new connection: [Errno -2] Name or service not known')': /queries/v1/query-request?requestId=1877ef62-c82b-4bad-9122-16030c472edb&clientStartTime=1765831276427&retryCount=40&retryReason=None&request_guid=b6b5d835-bf96-4914-96c4-0861291e009b
[2025-12-15T20:47:11.117+0000] {connectionpool.py:824} WARNING - Retrying (Retry(total=0, connect=None, read=None, redirect=None, status=None)) after connection broken by 'NewConnectionError('<snowflake.connector.vendored.urllib3.connection.HTTPSConnection object at 0x726825a73a40>: Failed to establish a new connection: [Errno -2] Name or service not known')': /queries/v1/query-request?requestId=1877ef62-c82b-4bad-9122-16030c472edb&clientStartTime=1765831276427&retryCount=41&retryReason=None&request_guid=653bcee6-6f68-4e7f-892a-a4cd664b2e56
[2025-12-15T20:47:19.130+0000] {connectionpool.py:824} WARNING - Retrying (Retry(total=0, connect=None, read=None, redirect=None, status=None)) after connection broken by 'NewConnectionError('<snowflake.connector.vendored.urllib3.connection.HTTPSConnection object at 0x72683efb6450>: Failed to establish a new connection: [Errno -2] Name or service not known')': /queries/v1/query-request?requestId=1877ef62-c82b-4bad-9122-16030c472edb&clientStartTime=1765831276427&retryCount=42&retryReason=None&request_guid=2a4f3e2a-3ea8-48ce-be0c-44ae0111a1a5
[2025-12-15T20:47:28.143+0000] {connectionpool.py:824} WARNING - Retrying (Retry(total=0, connect=None, read=None, redirect=None, status=None)) after connection broken by 'NewConnectionError('<snowflake.connector.vendored.urllib3.connection.HTTPSConnection object at 0x726825bf9160>: Failed to establish a new connection: [Errno -2] Name or service not known')': /queries/v1/query-request?requestId=1877ef62-c82b-4bad-9122-16030c472edb&clientStartTime=1765831276427&retryCount=43&retryReason=None&request_guid=31da6db4-bd66-402c-a8d2-dc8fecc60324
[2025-12-15T20:47:28.157+0000] {connectionpool.py:824} WARNING - Retrying (Retry(total=0, connect=None, read=None, redirect=None, status=None)) after connection broken by 'NewConnectionError('<snowflake.connector.vendored.urllib3.connection.HTTPSConnection object at 0x726825bfa9f0>: Failed to establish a new connection: [Errno -2] Name or service not known')': /queries/v1/query-request?requestId=1877ef62-c82b-4bad-9122-16030c472edb&clientStartTime=1765831276427&retryCount=44&retryReason=None&request_guid=b6c99b90-c735-425b-b21f-68216147c4b3
[2025-12-15T20:47:44.165+0000] {connectionpool.py:824} WARNING - Retrying (Retry(total=0, connect=None, read=None, redirect=None, status=None)) after connection broken by 'NewConnectionError('<snowflake.connector.vendored.urllib3.connection.HTTPSConnection object at 0x726825bf8a70>: Failed to establish a new connection: [Errno -2] Name or service not known')': /queries/v1/query-request?requestId=1877ef62-c82b-4bad-9122-16030c472edb&clientStartTime=1765831276427&retryCount=45&retryReason=None&request_guid=de84d8c3-74da-4916-9c5e-ecb223c73f04
[2025-12-15T20:47:59.183+0000] {connectionpool.py:824} WARNING - Retrying (Retry(total=0, connect=None, read=None, redirect=None, status=None)) after connection broken by 'NewConnectionError('<snowflake.connector.vendored.urllib3.connection.HTTPSConnection object at 0x726825a70fb0>: Failed to establish a new connection: [Errno -2] Name or service not known')': /queries/v1/query-request?requestId=1877ef62-c82b-4bad-9122-16030c472edb&clientStartTime=1765831276427&retryCount=46&retryReason=None&request_guid=2c4291c1-be04-4f5e-9c1a-e4cdaddb6a64
[2025-12-15T20:48:01.197+0000] {connectionpool.py:824} WARNING - Retrying (Retry(total=0, connect=None, read=None, redirect=None, status=None)) after connection broken by 'NewConnectionError('<snowflake.connector.vendored.urllib3.connection.HTTPSConnection object at 0x72682592f920>: Failed to establish a new connection: [Errno -2] Name or service not known')': /queries/v1/query-request?requestId=1877ef62-c82b-4bad-9122-16030c472edb&clientStartTime=1765831276427&retryCount=47&retryReason=None&request_guid=5074b4d8-44f0-4f2f-9362-fd2ab5b84e4f
[2025-12-15T20:48:13.213+0000] {connectionpool.py:824} WARNING - Retrying (Retry(total=0, connect=None, read=None, redirect=None, status=None)) after connection broken by 'NewConnectionError('<snowflake.connector.vendored.urllib3.connection.HTTPSConnection object at 0x726825bd8e60>: Failed to establish a new connection: [Errno -2] Name or service not known')': /queries/v1/query-request?requestId=1877ef62-c82b-4bad-9122-16030c472edb&clientStartTime=1765831276427&retryCount=48&retryReason=None&request_guid=67d4ffd2-60e3-4661-9f7b-b3f2e9b5dc79
[2025-12-15T20:48:28.224+0000] {connectionpool.py:824} WARNING - Retrying (Retry(total=0, connect=None, read=None, redirect=None, status=None)) after connection broken by 'NewConnectionError('<snowflake.connector.vendored.urllib3.connection.HTTPSConnection object at 0x726825bf8b60>: Failed to establish a new connection: [Errno -2] Name or service not known')': /queries/v1/query-request?requestId=1877ef62-c82b-4bad-9122-16030c472edb&clientStartTime=1765831276427&retryCount=49&retryReason=None&request_guid=f5408d90-342a-42e0-83af-5963e070ada0
[2025-12-15T20:48:44.246+0000] {connectionpool.py:824} WARNING - Retrying (Retry(total=0, connect=None, read=None, redirect=None, status=None)) after connection broken by 'NewConnectionError('<snowflake.connector.vendored.urllib3.connection.HTTPSConnection object at 0x726825bfb260>: Failed to establish a new connection: [Errno -2] Name or service not known')': /queries/v1/query-request?requestId=1877ef62-c82b-4bad-9122-16030c472edb&clientStartTime=1765831276427&retryCount=50&retryReason=None&request_guid=50510997-fc2a-4b68-861b-dc7985f70b1a
[2025-12-15T20:48:48.273+0000] {connectionpool.py:824} WARNING - Retrying (Retry(total=0, connect=None, read=None, redirect=None, status=None)) after connection broken by 'NewConnectionError('<snowflake.connector.vendored.urllib3.connection.HTTPSConnection object at 0x726825bfb050>: Failed to establish a new connection: [Errno -2] Name or service not known')': /queries/v1/query-request?requestId=1877ef62-c82b-4bad-9122-16030c472edb&clientStartTime=1765831276427&retryCount=51&retryReason=None&request_guid=8c3749bd-5626-4e76-9d32-ef6f83d1f0cc
[2025-12-15T20:48:50.311+0000] {connectionpool.py:824} WARNING - Retrying (Retry(total=0, connect=None, read=None, redirect=None, status=None)) after connection broken by 'NewConnectionError('<snowflake.connector.vendored.urllib3.connection.HTTPSConnection object at 0x72682592f0e0>: Failed to establish a new connection: [Errno -2] Name or service not known')': /queries/v1/query-request?requestId=1877ef62-c82b-4bad-9122-16030c472edb&clientStartTime=1765831276427&retryCount=52&retryReason=None&request_guid=4c29e6f6-aa74-4a31-8e53-ce0f62b096f9
[2025-12-15T20:48:58.341+0000] {connectionpool.py:824} WARNING - Retrying (Retry(total=0, connect=None, read=None, redirect=None, status=None)) after connection broken by 'NewConnectionError('<snowflake.connector.vendored.urllib3.connection.HTTPSConnection object at 0x726825bd8d10>: Failed to establish a new connection: [Errno -2] Name or service not known')': /queries/v1/query-request?requestId=1877ef62-c82b-4bad-9122-16030c472edb&clientStartTime=1765831276427&retryCount=53&retryReason=None&request_guid=a913b8a1-8fd6-4950-8df8-333becd956ca
[2025-12-15T20:48:58.353+0000] {connectionpool.py:824} WARNING - Retrying (Retry(total=0, connect=None, read=None, redirect=None, status=None)) after connection broken by 'NewConnectionError('<snowflake.connector.vendored.urllib3.connection.HTTPSConnection object at 0x726825bdb380>: Failed to establish a new connection: [Errno -2] Name or service not known')': /queries/v1/query-request?requestId=1877ef62-c82b-4bad-9122-16030c472edb&clientStartTime=1765831276427&retryCount=54&retryReason=None&request_guid=d6dfb06b-6cb2-4999-9704-ef1cb5958095
[2025-12-15T20:49:04.365+0000] {connectionpool.py:824} WARNING - Retrying (Retry(total=0, connect=None, read=None, redirect=None, status=None)) after connection broken by 'NewConnectionError('<snowflake.connector.vendored.urllib3.connection.HTTPSConnection object at 0x726825a49b50>: Failed to establish a new connection: [Errno -2] Name or service not known')': /queries/v1/query-request?requestId=1877ef62-c82b-4bad-9122-16030c472edb&clientStartTime=1765831276427&retryCount=55&retryReason=None&request_guid=b6a3bcbb-78b1-4eea-ba34-d2340ca3c598
[2025-12-15T20:49:14.384+0000] {connectionpool.py:824} WARNING - Retrying (Retry(total=0, connect=None, read=None, redirect=None, status=None)) after connection broken by 'NewConnectionError('<snowflake.connector.vendored.urllib3.connection.HTTPSConnection object at 0x726825a48770>: Failed to establish a new connection: [Errno -2] Name or service not known')': /queries/v1/query-request?requestId=1877ef62-c82b-4bad-9122-16030c472edb&clientStartTime=1765831276427&retryCount=56&retryReason=None&request_guid=d059ad82-e8af-44d0-89ae-bd2d335a04a7
[2025-12-15T20:49:21.430+0000] {connectionpool.py:824} WARNING - Retrying (Retry(total=0, connect=None, read=None, redirect=None, status=None)) after connection broken by 'NewConnectionError('<snowflake.connector.vendored.urllib3.connection.HTTPSConnection object at 0x726825a26450>: Failed to establish a new connection: [Errno -2] Name or service not known')': /queries/v1/query-request?requestId=1877ef62-c82b-4bad-9122-16030c472edb&clientStartTime=1765831276427&retryCount=57&retryReason=None&request_guid=93a947d3-5647-4e6c-b640-244011efb638
[2025-12-15T20:49:33.450+0000] {connectionpool.py:824} WARNING - Retrying (Retry(total=0, connect=None, read=None, redirect=None, status=None)) after connection broken by 'NewConnectionError('<snowflake.connector.vendored.urllib3.connection.HTTPSConnection object at 0x726825a738f0>: Failed to establish a new connection: [Errno -2] Name or service not known')': /queries/v1/query-request?requestId=1877ef62-c82b-4bad-9122-16030c472edb&clientStartTime=1765831276427&retryCount=58&retryReason=None&request_guid=f71aa511-9cf6-4e58-af11-77429e2e89eb
[2025-12-15T20:49:33.461+0000] {connectionpool.py:824} WARNING - Retrying (Retry(total=0, connect=None, read=None, redirect=None, status=None)) after connection broken by 'NewConnectionError('<snowflake.connector.vendored.urllib3.connection.HTTPSConnection object at 0x726825a24c20>: Failed to establish a new connection: [Errno -2] Name or service not known')': /queries/v1/query-request?requestId=1877ef62-c82b-4bad-9122-16030c472edb&clientStartTime=1765831276427&retryCount=59&retryReason=None&request_guid=71d76490-fcbf-4cfe-a1de-01bda9e5125e
[2025-12-15T20:49:46.517+0000] {connectionpool.py:824} WARNING - Retrying (Retry(total=0, connect=None, read=None, redirect=None, status=None)) after connection broken by 'NewConnectionError('<snowflake.connector.vendored.urllib3.connection.HTTPSConnection object at 0x726825a49a00>: Failed to establish a new connection: [Errno -2] Name or service not known')': /queries/v1/query-request?requestId=1877ef62-c82b-4bad-9122-16030c472edb&clientStartTime=1765831276427&retryCount=60&retryReason=None&request_guid=bbaa2f32-59e0-4324-b02c-0c619a582553
[2025-12-15T20:49:57.559+0000] {connectionpool.py:824} WARNING - Retrying (Retry(total=0, connect=None, read=None, redirect=None, status=None)) after connection broken by 'NewConnectionError('<snowflake.connector.vendored.urllib3.connection.HTTPSConnection object at 0x726825bd8ad0>: Failed to establish a new connection: [Errno -2] Name or service not known')': /queries/v1/query-request?requestId=1877ef62-c82b-4bad-9122-16030c472edb&clientStartTime=1765831276427&retryCount=61&retryReason=None&request_guid=ec1a159e-1097-41e8-85f1-cbbfef788d6b
[2025-12-15T20:50:07.604+0000] {connectionpool.py:824} WARNING - Retrying (Retry(total=0, connect=None, read=None, redirect=None, status=None)) after connection broken by 'NewConnectionError('<snowflake.connector.vendored.urllib3.connection.HTTPSConnection object at 0x726825bb67e0>: Failed to establish a new connection: [Errno -2] Name or service not known')': /queries/v1/query-request?requestId=1877ef62-c82b-4bad-9122-16030c472edb&clientStartTime=1765831276427&retryCount=62&retryReason=None&request_guid=b7b9495c-10dc-49eb-bf3c-cb6324132666
[2025-12-15T20:50:22.653+0000] {connectionpool.py:824} WARNING - Retrying (Retry(total=0, connect=None, read=None, redirect=None, status=None)) after connection broken by 'NewConnectionError('<snowflake.connector.vendored.urllib3.connection.HTTPSConnection object at 0x726825a72120>: Failed to establish a new connection: [Errno -2] Name or service not known')': /queries/v1/query-request?requestId=1877ef62-c82b-4bad-9122-16030c472edb&clientStartTime=1765831276427&retryCount=63&retryReason=None&request_guid=71aa7c4d-4a81-4d80-913c-61de7a5d3215
[2025-12-15T20:50:31.770+0000] {connectionpool.py:824} WARNING - Retrying (Retry(total=0, connect=None, read=None, redirect=None, status=None)) after connection broken by 'NewConnectionError('<snowflake.connector.vendored.urllib3.connection.HTTPSConnection object at 0x726825a72780>: Failed to establish a new connection: [Errno -2] Name or service not known')': /queries/v1/query-request?requestId=1877ef62-c82b-4bad-9122-16030c472edb&clientStartTime=1765831276427&retryCount=64&retryReason=None&request_guid=cb28ec9f-c90c-4a98-9263-6f57f2a0c956
[2025-12-15T20:50:33.025+0000] {connectionpool.py:824} WARNING - Retrying (Retry(total=0, connect=None, read=None, redirect=None, status=None)) after connection broken by 'NewConnectionError('<snowflake.connector.vendored.urllib3.connection.HTTPSConnection object at 0x726825bf8170>: Failed to establish a new connection: [Errno -2] Name or service not known')': /queries/v1/query-request?requestId=1877ef62-c82b-4bad-9122-16030c472edb&clientStartTime=1765831276427&retryCount=65&retryReason=None&request_guid=bfc23974-2e0f-404e-a296-c43cfa562158
[2025-12-15T20:50:40.126+0000] {connectionpool.py:824} WARNING - Retrying (Retry(total=0, connect=None, read=None, redirect=None, status=None)) after connection broken by 'NewConnectionError('<snowflake.connector.vendored.urllib3.connection.HTTPSConnection object at 0x726825a711f0>: Failed to establish a new connection: [Errno -2] Name or service not known')': /queries/v1/query-request?requestId=1877ef62-c82b-4bad-9122-16030c472edb&clientStartTime=1765831276427&retryCount=66&retryReason=None&request_guid=a109bb28-d797-468f-b388-8d784d47948f
[2025-12-15T20:50:55.194+0000] {connectionpool.py:824} WARNING - Retrying (Retry(total=0, connect=None, read=None, redirect=None, status=None)) after connection broken by 'NewConnectionError('<snowflake.connector.vendored.urllib3.connection.HTTPSConnection object at 0x726825bb6e10>: Failed to establish a new connection: [Errno -2] Name or service not known')': /queries/v1/query-request?requestId=1877ef62-c82b-4bad-9122-16030c472edb&clientStartTime=1765831276427&retryCount=67&retryReason=None&request_guid=34652776-8fa3-4969-9de5-16b72e5dda99
[2025-12-15T20:51:05.345+0000] {connectionpool.py:824} WARNING - Retrying (Retry(total=0, connect=None, read=None, redirect=None, status=None)) after connection broken by 'NewConnectionError('<snowflake.connector.vendored.urllib3.connection.HTTPSConnection object at 0x726825a4ae40>: Failed to establish a new connection: [Errno -2] Name or service not known')': /queries/v1/query-request?requestId=1877ef62-c82b-4bad-9122-16030c472edb&clientStartTime=1765831276427&retryCount=68&retryReason=None&request_guid=684fe1f5-4360-4134-aa83-6c43c6086c7a
[2025-12-15T20:51:06.376+0000] {connectionpool.py:824} WARNING - Retrying (Retry(total=0, connect=None, read=None, redirect=None, status=None)) after connection broken by 'NewConnectionError('<snowflake.connector.vendored.urllib3.connection.HTTPSConnection object at 0x726825a482c0>: Failed to establish a new connection: [Errno -2] Name or service not known')': /queries/v1/query-request?requestId=1877ef62-c82b-4bad-9122-16030c472edb&clientStartTime=1765831276427&retryCount=69&retryReason=None&request_guid=c822a018-70a9-4203-a039-cf2bf3d113f9
[2025-12-15T20:51:13.409+0000] {connectionpool.py:824} WARNING - Retrying (Retry(total=0, connect=None, read=None, redirect=None, status=None)) after connection broken by 'NewConnectionError('<snowflake.connector.vendored.urllib3.connection.HTTPSConnection object at 0x726825a24dd0>: Failed to establish a new connection: [Errno -2] Name or service not known')': /queries/v1/query-request?requestId=1877ef62-c82b-4bad-9122-16030c472edb&clientStartTime=1765831276427&retryCount=70&retryReason=None&request_guid=76b24cb0-eca7-4166-92c7-b2d8a67133d6
[2025-12-15T20:51:13.436+0000] {connectionpool.py:824} WARNING - Retrying (Retry(total=0, connect=None, read=None, redirect=None, status=None)) after connection broken by 'NewConnectionError('<snowflake.connector.vendored.urllib3.connection.HTTPSConnection object at 0x726825bf9250>: Failed to establish a new connection: [Errno -2] Name or service not known')': /queries/v1/query-request?requestId=1877ef62-c82b-4bad-9122-16030c472edb&clientStartTime=1765831276427&retryCount=71&retryReason=None&request_guid=c63fe99c-c73a-4bb1-ae67-0106d06318ad
[2025-12-15T20:51:24.470+0000] {connectionpool.py:824} WARNING - Retrying (Retry(total=0, connect=None, read=None, redirect=None, status=None)) after connection broken by 'NewConnectionError('<snowflake.connector.vendored.urllib3.connection.HTTPSConnection object at 0x726825bfbc80>: Failed to establish a new connection: [Errno -2] Name or service not known')': /queries/v1/query-request?requestId=1877ef62-c82b-4bad-9122-16030c472edb&clientStartTime=1765831276427&retryCount=72&retryReason=None&request_guid=65d7d493-2d9b-40e8-b555-ef0ffded1e97
[2025-12-15T20:51:33.486+0000] {connectionpool.py:824} WARNING - Retrying (Retry(total=0, connect=None, read=None, redirect=None, status=None)) after connection broken by 'NewConnectionError('<snowflake.connector.vendored.urllib3.connection.HTTPSConnection object at 0x726825a490a0>: Failed to establish a new connection: [Errno -2] Name or service not known')': /queries/v1/query-request?requestId=1877ef62-c82b-4bad-9122-16030c472edb&clientStartTime=1765831276427&retryCount=73&retryReason=None&request_guid=eea235a5-e0c5-430b-b349-7f0365a2a7c7
[2025-12-15T20:51:49.512+0000] {connectionpool.py:824} WARNING - Retrying (Retry(total=0, connect=None, read=None, redirect=None, status=None)) after connection broken by 'NewConnectionError('<snowflake.connector.vendored.urllib3.connection.HTTPSConnection object at 0x726825bd8980>: Failed to establish a new connection: [Errno -2] Name or service not known')': /queries/v1/query-request?requestId=1877ef62-c82b-4bad-9122-16030c472edb&clientStartTime=1765831276427&retryCount=74&retryReason=None&request_guid=4e8cd783-167d-4818-8a2b-f2c1aa7462d9
[2025-12-15T20:51:51.544+0000] {connectionpool.py:824} WARNING - Retrying (Retry(total=0, connect=None, read=None, redirect=None, status=None)) after connection broken by 'NewConnectionError('<snowflake.connector.vendored.urllib3.connection.HTTPSConnection object at 0x72682592ef60>: Failed to establish a new connection: [Errno -2] Name or service not known')': /queries/v1/query-request?requestId=1877ef62-c82b-4bad-9122-16030c472edb&clientStartTime=1765831276427&retryCount=75&retryReason=None&request_guid=025f3eeb-50db-4045-9ef2-b17a4aac9f6f
[2025-12-15T20:51:54.576+0000] {connectionpool.py:824} WARNING - Retrying (Retry(total=0, connect=None, read=None, redirect=None, status=None)) after connection broken by 'NewConnectionError('<snowflake.connector.vendored.urllib3.connection.HTTPSConnection object at 0x726825a70c50>: Failed to establish a new connection: [Errno -2] Name or service not known')': /queries/v1/query-request?requestId=1877ef62-c82b-4bad-9122-16030c472edb&clientStartTime=1765831276427&retryCount=76&retryReason=None&request_guid=e5b350fa-ba0f-4936-b6bd-240b550176d1
[2025-12-15T20:52:09.587+0000] {connectionpool.py:824} WARNING - Retrying (Retry(total=0, connect=None, read=None, redirect=None, status=None)) after connection broken by 'NewConnectionError('<snowflake.connector.vendored.urllib3.connection.HTTPSConnection object at 0x726825bf9250>: Failed to establish a new connection: [Errno -2] Name or service not known')': /queries/v1/query-request?requestId=1877ef62-c82b-4bad-9122-16030c472edb&clientStartTime=1765831276427&retryCount=77&retryReason=None&request_guid=2851238a-be1c-4e66-b7d6-0eaa009cbacf
[2025-12-15T20:52:23.624+0000] {connectionpool.py:824} WARNING - Retrying (Retry(total=0, connect=None, read=None, redirect=None, status=None)) after connection broken by 'NewConnectionError('<snowflake.connector.vendored.urllib3.connection.HTTPSConnection object at 0x726825bf8e00>: Failed to establish a new connection: [Errno -2] Name or service not known')': /queries/v1/query-request?requestId=1877ef62-c82b-4bad-9122-16030c472edb&clientStartTime=1765831276427&retryCount=78&retryReason=None&request_guid=aead04e6-27a5-4a7d-91d3-40e63e2bf588
[2025-12-15T20:52:25.646+0000] {connectionpool.py:824} WARNING - Retrying (Retry(total=0, connect=None, read=None, redirect=None, status=None)) after connection broken by 'NewConnectionError('<snowflake.connector.vendored.urllib3.connection.HTTPSConnection object at 0x726825bb7410>: Failed to establish a new connection: [Errno -2] Name or service not known')': /queries/v1/query-request?requestId=1877ef62-c82b-4bad-9122-16030c472edb&clientStartTime=1765831276427&retryCount=79&retryReason=None&request_guid=4666ee8f-6613-47e2-b523-ad90fa41c7fd
[2025-12-15T20:52:31.669+0000] {connectionpool.py:824} WARNING - Retrying (Retry(total=0, connect=None, read=None, redirect=None, status=None)) after connection broken by 'NewConnectionError('<snowflake.connector.vendored.urllib3.connection.HTTPSConnection object at 0x726825bda300>: Failed to establish a new connection: [Errno -2] Name or service not known')': /queries/v1/query-request?requestId=1877ef62-c82b-4bad-9122-16030c472edb&clientStartTime=1765831276427&retryCount=80&retryReason=None&request_guid=b4927bcc-2c96-4f96-8135-2477b6fa82fb
[2025-12-15T20:52:37.704+0000] {connectionpool.py:824} WARNING - Retrying (Retry(total=0, connect=None, read=None, redirect=None, status=None)) after connection broken by 'NewConnectionError('<snowflake.connector.vendored.urllib3.connection.HTTPSConnection object at 0x726825a739e0>: Failed to establish a new connection: [Errno -2] Name or service not known')': /queries/v1/query-request?requestId=1877ef62-c82b-4bad-9122-16030c472edb&clientStartTime=1765831276427&retryCount=81&retryReason=None&request_guid=fbdb50dd-b04f-49e5-ab82-dc6a7c45936e
[2025-12-15T20:52:42.765+0000] {connectionpool.py:824} WARNING - Retrying (Retry(total=0, connect=None, read=None, redirect=None, status=None)) after connection broken by 'NewConnectionError('<snowflake.connector.vendored.urllib3.connection.HTTPSConnection object at 0x72683efb62a0>: Failed to establish a new connection: [Errno -2] Name or service not known')': /queries/v1/query-request?requestId=1877ef62-c82b-4bad-9122-16030c472edb&clientStartTime=1765831276427&retryCount=82&retryReason=None&request_guid=eb4405e8-cb70-4b69-9881-534fc8c20774
[2025-12-15T20:52:53.835+0000] {connectionpool.py:824} WARNING - Retrying (Retry(total=0, connect=None, read=None, redirect=None, status=None)) after connection broken by 'NewConnectionError('<snowflake.connector.vendored.urllib3.connection.HTTPSConnection object at 0x726825bfba40>: Failed to establish a new connection: [Errno -2] Name or service not known')': /queries/v1/query-request?requestId=1877ef62-c82b-4bad-9122-16030c472edb&clientStartTime=1765831276427&retryCount=83&retryReason=None&request_guid=455cc7db-7143-43e0-ab17-544011453aa6
[2025-12-15T20:52:56.872+0000] {connectionpool.py:824} WARNING - Retrying (Retry(total=0, connect=None, read=None, redirect=None, status=None)) after connection broken by 'NewConnectionError('<snowflake.connector.vendored.urllib3.connection.HTTPSConnection object at 0x726825bf8140>: Failed to establish a new connection: [Errno -2] Name or service not known')': /queries/v1/query-request?requestId=1877ef62-c82b-4bad-9122-16030c472edb&clientStartTime=1765831276427&retryCount=84&retryReason=None&request_guid=25aba9f7-5e81-476b-9182-18751cf00a6e
[2025-12-15T20:53:09.911+0000] {connectionpool.py:824} WARNING - Retrying (Retry(total=0, connect=None, read=None, redirect=None, status=None)) after connection broken by 'NewConnectionError('<snowflake.connector.vendored.urllib3.connection.HTTPSConnection object at 0x726825bf8410>: Failed to establish a new connection: [Errno -2] Name or service not known')': /queries/v1/query-request?requestId=1877ef62-c82b-4bad-9122-16030c472edb&clientStartTime=1765831276427&retryCount=85&retryReason=None&request_guid=aed15c15-a490-4034-96cc-76c3c2ccfe22
[2025-12-15T20:53:10.946+0000] {connectionpool.py:824} WARNING - Retrying (Retry(total=0, connect=None, read=None, redirect=None, status=None)) after connection broken by 'NewConnectionError('<snowflake.connector.vendored.urllib3.connection.HTTPSConnection object at 0x726825a732c0>: Failed to establish a new connection: [Errno -2] Name or service not known')': /queries/v1/query-request?requestId=1877ef62-c82b-4bad-9122-16030c472edb&clientStartTime=1765831276427&retryCount=86&retryReason=None&request_guid=1a51119b-b58c-4034-9f7a-1e2b9efa9b5f
[2025-12-15T20:53:11.968+0000] {connectionpool.py:824} WARNING - Retrying (Retry(total=0, connect=None, read=None, redirect=None, status=None)) after connection broken by 'NewConnectionError('<snowflake.connector.vendored.urllib3.connection.HTTPSConnection object at 0x726825a49310>: Failed to establish a new connection: [Errno -2] Name or service not known')': /queries/v1/query-request?requestId=1877ef62-c82b-4bad-9122-16030c472edb&clientStartTime=1765831276427&retryCount=87&retryReason=None&request_guid=dcf6d2f0-cf5c-4171-99ae-36965c7ffdb5
[2025-12-15T20:53:11.993+0000] {connectionpool.py:824} WARNING - Retrying (Retry(total=0, connect=None, read=None, redirect=None, status=None)) after connection broken by 'NewConnectionError('<snowflake.connector.vendored.urllib3.connection.HTTPSConnection object at 0x726825bda450>: Failed to establish a new connection: [Errno -2] Name or service not known')': /queries/v1/query-request?requestId=1877ef62-c82b-4bad-9122-16030c472edb&clientStartTime=1765831276427&retryCount=88&retryReason=None&request_guid=f9f04b02-ee1e-4f4a-a83c-fe514bf1503b
[2025-12-15T20:53:19.021+0000] {connectionpool.py:824} WARNING - Retrying (Retry(total=0, connect=None, read=None, redirect=None, status=None)) after connection broken by 'NewConnectionError('<snowflake.connector.vendored.urllib3.connection.HTTPSConnection object at 0x726825bf90a0>: Failed to establish a new connection: [Errno -2] Name or service not known')': /queries/v1/query-request?requestId=1877ef62-c82b-4bad-9122-16030c472edb&clientStartTime=1765831276427&retryCount=89&retryReason=None&request_guid=e82de237-4c2b-46d7-9752-b2cebd110551
[2025-12-15T20:53:22.069+0000] {connectionpool.py:824} WARNING - Retrying (Retry(total=0, connect=None, read=None, redirect=None, status=None)) after connection broken by 'NewConnectionError('<snowflake.connector.vendored.urllib3.connection.HTTPSConnection object at 0x726825bfa6c0>: Failed to establish a new connection: [Errno -2] Name or service not known')': /queries/v1/query-request?requestId=1877ef62-c82b-4bad-9122-16030c472edb&clientStartTime=1765831276427&retryCount=90&retryReason=None&request_guid=dd958399-7ce9-4107-bbf3-10dc935564b6
[2025-12-15T20:53:32.125+0000] {connectionpool.py:824} WARNING - Retrying (Retry(total=0, connect=None, read=None, redirect=None, status=None)) after connection broken by 'NewConnectionError('<snowflake.connector.vendored.urllib3.connection.HTTPSConnection object at 0x726825bfabd0>: Failed to establish a new connection: [Errno -2] Name or service not known')': /queries/v1/query-request?requestId=1877ef62-c82b-4bad-9122-16030c472edb&clientStartTime=1765831276427&retryCount=91&retryReason=None&request_guid=f482d078-647f-4df4-bed7-511c125f09b5
[2025-12-15T20:53:33.176+0000] {connectionpool.py:824} WARNING - Retrying (Retry(total=0, connect=None, read=None, redirect=None, status=None)) after connection broken by 'NewConnectionError('<snowflake.connector.vendored.urllib3.connection.HTTPSConnection object at 0x726825bfbf50>: Failed to establish a new connection: [Errno -2] Name or service not known')': /queries/v1/query-request?requestId=1877ef62-c82b-4bad-9122-16030c472edb&clientStartTime=1765831276427&retryCount=92&retryReason=None&request_guid=c0ad01c8-5f89-4ea6-809d-d38ffb960438
[2025-12-15T20:53:42.233+0000] {connectionpool.py:824} WARNING - Retrying (Retry(total=0, connect=None, read=None, redirect=None, status=None)) after connection broken by 'NewConnectionError('<snowflake.connector.vendored.urllib3.connection.HTTPSConnection object at 0x726825bd8dd0>: Failed to establish a new connection: [Errno -2] Name or service not known')': /queries/v1/query-request?requestId=1877ef62-c82b-4bad-9122-16030c472edb&clientStartTime=1765831276427&retryCount=93&retryReason=None&request_guid=b5e6453c-9fb6-4270-a0ac-e40b24e7ca76
[2025-12-15T20:53:53.251+0000] {connectionpool.py:824} WARNING - Retrying (Retry(total=0, connect=None, read=None, redirect=None, status=None)) after connection broken by 'NewConnectionError('<snowflake.connector.vendored.urllib3.connection.HTTPSConnection object at 0x726825a49b80>: Failed to establish a new connection: [Errno -2] Name or service not known')': /queries/v1/query-request?requestId=1877ef62-c82b-4bad-9122-16030c472edb&clientStartTime=1765831276427&retryCount=94&retryReason=None&request_guid=c4ce86e4-5f2c-4e6d-8c8e-13ac59acfe08
[2025-12-15T20:54:08.255+0000] {connectionpool.py:824} WARNING - Retrying (Retry(total=0, connect=None, read=None, redirect=None, status=None)) after connection broken by 'NewConnectionError('<snowflake.connector.vendored.urllib3.connection.HTTPSConnection object at 0x726825a732c0>: Failed to establish a new connection: [Errno -2] Name or service not known')': /queries/v1/query-request?requestId=1877ef62-c82b-4bad-9122-16030c472edb&clientStartTime=1765831276427&retryCount=95&retryReason=None&request_guid=c66bcfd6-f5af-4be2-b703-b332b0a7fd7d
[2025-12-15T20:54:20.307+0000] {connectionpool.py:824} WARNING - Retrying (Retry(total=0, connect=None, read=None, redirect=None, status=None)) after connection broken by 'NewConnectionError('<snowflake.connector.vendored.urllib3.connection.HTTPSConnection object at 0x726825bf8740>: Failed to establish a new connection: [Errno -2] Name or service not known')': /queries/v1/query-request?requestId=1877ef62-c82b-4bad-9122-16030c472edb&clientStartTime=1765831276427&retryCount=96&retryReason=None&request_guid=14531f1a-d978-4241-9043-cf3b75491bf0
[2025-12-15T20:54:26.345+0000] {connectionpool.py:824} WARNING - Retrying (Retry(total=0, connect=None, read=None, redirect=None, status=None)) after connection broken by 'NewConnectionError('<snowflake.connector.vendored.urllib3.connection.HTTPSConnection object at 0x726825bf9370>: Failed to establish a new connection: [Errno -2] Name or service not known')': /queries/v1/query-request?requestId=1877ef62-c82b-4bad-9122-16030c472edb&clientStartTime=1765831276427&retryCount=97&retryReason=None&request_guid=3187c3d9-1b7f-4b33-8388-085b63b6e599
[2025-12-15T20:54:36.340+0000] {connectionpool.py:824} WARNING - Retrying (Retry(total=0, connect=None, read=None, redirect=None, status=None)) after connection broken by 'NewConnectionError('<snowflake.connector.vendored.urllib3.connection.HTTPSConnection object at 0x726825bfa810>: Failed to establish a new connection: [Errno -2] Name or service not known')': /queries/v1/query-request?requestId=1877ef62-c82b-4bad-9122-16030c472edb&clientStartTime=1765831276427&retryCount=98&retryReason=None&request_guid=ecb662cd-5d99-4ecb-9301-30a11b8172bf
[2025-12-15T20:54:37.360+0000] {connectionpool.py:824} WARNING - Retrying (Retry(total=0, connect=None, read=None, redirect=None, status=None)) after connection broken by 'NewConnectionError('<snowflake.connector.vendored.urllib3.connection.HTTPSConnection object at 0x726825bf8ec0>: Failed to establish a new connection: [Errno -2] Name or service not known')': /queries/v1/query-request?requestId=1877ef62-c82b-4bad-9122-16030c472edb&clientStartTime=1765831276427&retryCount=99&retryReason=None&request_guid=36a9722c-da91-4f9f-81e0-c967a9b781ee
[2025-12-15T20:54:50.394+0000] {connectionpool.py:824} WARNING - Retrying (Retry(total=0, connect=None, read=None, redirect=None, status=None)) after connection broken by 'NewConnectionError('<snowflake.connector.vendored.urllib3.connection.HTTPSConnection object at 0x726825a70920>: Failed to establish a new connection: [Errno -2] Name or service not known')': /queries/v1/query-request?requestId=1877ef62-c82b-4bad-9122-16030c472edb&clientStartTime=1765831276427&retryCount=100&retryReason=None&request_guid=b32aa263-de4d-4111-9949-89d500b79dbd
[2025-12-15T20:55:05.464+0000] {connectionpool.py:824} WARNING - Retrying (Retry(total=0, connect=None, read=None, redirect=None, status=None)) after connection broken by 'NewConnectionError('<snowflake.connector.vendored.urllib3.connection.HTTPSConnection object at 0x726825a48fb0>: Failed to establish a new connection: [Errno -2] Name or service not known')': /queries/v1/query-request?requestId=1877ef62-c82b-4bad-9122-16030c472edb&clientStartTime=1765831276427&retryCount=101&retryReason=None&request_guid=31537fc1-d0ac-4c3f-a848-7a4bbd1a6a6d
[2025-12-15T20:55:05.637+0000] {connectionpool.py:824} WARNING - Retrying (Retry(total=0, connect=None, read=None, redirect=None, status=None)) after connection broken by 'NewConnectionError('<snowflake.connector.vendored.urllib3.connection.HTTPSConnection object at 0x726825bdbf20>: Failed to establish a new connection: [Errno -2] Name or service not known')': /queries/v1/query-request?requestId=1877ef62-c82b-4bad-9122-16030c472edb&clientStartTime=1765831276427&retryCount=102&retryReason=None&request_guid=f814a89b-e4a6-482b-965a-fccf65c99a68
[2025-12-15T20:55:09.785+0000] {connectionpool.py:824} WARNING - Retrying (Retry(total=0, connect=None, read=None, redirect=None, status=None)) after connection broken by 'NewConnectionError('<snowflake.connector.vendored.urllib3.connection.HTTPSConnection object at 0x726825bfb7d0>: Failed to establish a new connection: [Errno -2] Name or service not known')': /queries/v1/query-request?requestId=1877ef62-c82b-4bad-9122-16030c472edb&clientStartTime=1765831276427&retryCount=103&retryReason=None&request_guid=6533af24-1d2a-4c81-8ea1-73d0fa905645
[2025-12-15T20:55:11.841+0000] {connectionpool.py:824} WARNING - Retrying (Retry(total=0, connect=None, read=None, redirect=None, status=None)) after connection broken by 'NewConnectionError('<snowflake.connector.vendored.urllib3.connection.HTTPSConnection object at 0x726825bf8140>: Failed to establish a new connection: [Errno -2] Name or service not known')': /queries/v1/query-request?requestId=1877ef62-c82b-4bad-9122-16030c472edb&clientStartTime=1765831276427&retryCount=104&retryReason=None&request_guid=85fa04ac-2813-4336-b0db-f1a8c6316534
[2025-12-15T20:55:11.898+0000] {connectionpool.py:824} WARNING - Retrying (Retry(total=0, connect=None, read=None, redirect=None, status=None)) after connection broken by 'NewConnectionError('<snowflake.connector.vendored.urllib3.connection.HTTPSConnection object at 0x726825bfb9b0>: Failed to establish a new connection: [Errno -2] Name or service not known')': /queries/v1/query-request?requestId=1877ef62-c82b-4bad-9122-16030c472edb&clientStartTime=1765831276427&retryCount=105&retryReason=None&request_guid=d90ac874-0b7d-4d4e-8c9c-34a34b4ad7c7
[2025-12-15T20:55:16.002+0000] {connectionpool.py:824} WARNING - Retrying (Retry(total=0, connect=None, read=None, redirect=None, status=None)) after connection broken by 'NewConnectionError('<snowflake.connector.vendored.urllib3.connection.HTTPSConnection object at 0x726825bda1e0>: Failed to establish a new connection: [Errno -2] Name or service not known')': /queries/v1/query-request?requestId=1877ef62-c82b-4bad-9122-16030c472edb&clientStartTime=1765831276427&retryCount=106&retryReason=None&request_guid=ad3e3bc9-03d7-462b-9ecd-5e46f0b553fd
[2025-12-15T20:55:25.114+0000] {connectionpool.py:824} WARNING - Retrying (Retry(total=0, connect=None, read=None, redirect=None, status=None)) after connection broken by 'NewConnectionError('<snowflake.connector.vendored.urllib3.connection.HTTPSConnection object at 0x726825a72c60>: Failed to establish a new connection: [Errno -2] Name or service not known')': /queries/v1/query-request?requestId=1877ef62-c82b-4bad-9122-16030c472edb&clientStartTime=1765831276427&retryCount=107&retryReason=None&request_guid=5d558f58-3c6b-4a1b-b0f0-8a43af288231
[2025-12-15T20:55:38.134+0000] {connectionpool.py:824} WARNING - Retrying (Retry(total=0, connect=None, read=None, redirect=None, status=None)) after connection broken by 'NewConnectionError('<snowflake.connector.vendored.urllib3.connection.HTTPSConnection object at 0x726825a48fb0>: Failed to establish a new connection: [Errno -2] Name or service not known')': /queries/v1/query-request?requestId=1877ef62-c82b-4bad-9122-16030c472edb&clientStartTime=1765831276427&retryCount=108&retryReason=None&request_guid=2d9eddfc-9775-40b6-a059-68840aeb81dc
[2025-12-15T20:55:46.153+0000] {connectionpool.py:824} WARNING - Retrying (Retry(total=0, connect=None, read=None, redirect=None, status=None)) after connection broken by 'NewConnectionError('<snowflake.connector.vendored.urllib3.connection.HTTPSConnection object at 0x726825bb6690>: Failed to establish a new connection: [Errno -2] Name or service not known')': /queries/v1/query-request?requestId=1877ef62-c82b-4bad-9122-16030c472edb&clientStartTime=1765831276427&retryCount=109&retryReason=None&request_guid=687bb66e-a1ab-4f91-a568-67a28abc1505
[2025-12-15T20:55:51.186+0000] {connectionpool.py:824} WARNING - Retrying (Retry(total=0, connect=None, read=None, redirect=None, status=None)) after connection broken by 'NewConnectionError('<snowflake.connector.vendored.urllib3.connection.HTTPSConnection object at 0x726825bfab70>: Failed to establish a new connection: [Errno -2] Name or service not known')': /queries/v1/query-request?requestId=1877ef62-c82b-4bad-9122-16030c472edb&clientStartTime=1765831276427&retryCount=110&retryReason=None&request_guid=b2005043-08f1-4ba4-9e09-679b43dfa18d
[2025-12-15T20:55:53.206+0000] {connectionpool.py:824} WARNING - Retrying (Retry(total=0, connect=None, read=None, redirect=None, status=None)) after connection broken by 'NewConnectionError('<snowflake.connector.vendored.urllib3.connection.HTTPSConnection object at 0x726825bfbf20>: Failed to establish a new connection: [Errno -2] Name or service not known')': /queries/v1/query-request?requestId=1877ef62-c82b-4bad-9122-16030c472edb&clientStartTime=1765831276427&retryCount=111&retryReason=None&request_guid=b51182ad-9aa5-47d7-9a61-8f4dcfe13d3a
[2025-12-15T20:55:56.239+0000] {connectionpool.py:824} WARNING - Retrying (Retry(total=0, connect=None, read=None, redirect=None, status=None)) after connection broken by 'NewConnectionError('<snowflake.connector.vendored.urllib3.connection.HTTPSConnection object at 0x726825bf82c0>: Failed to establish a new connection: [Errno -2] Name or service not known')': /queries/v1/query-request?requestId=1877ef62-c82b-4bad-9122-16030c472edb&clientStartTime=1765831276427&retryCount=112&retryReason=None&request_guid=376af037-91cb-47eb-9036-63e8514877b2
[2025-12-15T20:56:06.266+0000] {connectionpool.py:824} WARNING - Retrying (Retry(total=0, connect=None, read=None, redirect=None, status=None)) after connection broken by 'NewConnectionError('<snowflake.connector.vendored.urllib3.connection.HTTPSConnection object at 0x726825bf9250>: Failed to establish a new connection: [Errno -2] Name or service not known')': /queries/v1/query-request?requestId=1877ef62-c82b-4bad-9122-16030c472edb&clientStartTime=1765831276427&retryCount=113&retryReason=None&request_guid=2fa50cc3-6931-4417-ad6b-52b6255618e2
[2025-12-15T20:56:10.314+0000] {connectionpool.py:824} WARNING - Retrying (Retry(total=0, connect=None, read=None, redirect=None, status=None)) after connection broken by 'NewConnectionError('<snowflake.connector.vendored.urllib3.connection.HTTPSConnection object at 0x726825bfb3e0>: Failed to establish a new connection: [Errno -2] Name or service not known')': /queries/v1/query-request?requestId=1877ef62-c82b-4bad-9122-16030c472edb&clientStartTime=1765831276427&retryCount=114&retryReason=None&request_guid=a3598c37-b430-4a07-b056-63e57bd635f4
[2025-12-15T20:56:11.349+0000] {connectionpool.py:824} WARNING - Retrying (Retry(total=0, connect=None, read=None, redirect=None, status=None)) after connection broken by 'NewConnectionError('<snowflake.connector.vendored.urllib3.connection.HTTPSConnection object at 0x726825a48a40>: Failed to establish a new connection: [Errno -2] Name or service not known')': /queries/v1/query-request?requestId=1877ef62-c82b-4bad-9122-16030c472edb&clientStartTime=1765831276427&retryCount=115&retryReason=None&request_guid=06e99ee2-cd29-4887-8077-ba2d416e8efe
[2025-12-15T20:56:15.381+0000] {connectionpool.py:824} WARNING - Retrying (Retry(total=0, connect=None, read=None, redirect=None, status=None)) after connection broken by 'NewConnectionError('<snowflake.connector.vendored.urllib3.connection.HTTPSConnection object at 0x726825ba0920>: Failed to establish a new connection: [Errno -2] Name or service not known')': /queries/v1/query-request?requestId=1877ef62-c82b-4bad-9122-16030c472edb&clientStartTime=1765831276427&retryCount=116&retryReason=None&request_guid=f28b6f60-5fd6-4105-8cbf-6ed769af051e
[2025-12-15T20:56:21.442+0000] {connectionpool.py:824} WARNING - Retrying (Retry(total=0, connect=None, read=None, redirect=None, status=None)) after connection broken by 'NewConnectionError('<snowflake.connector.vendored.urllib3.connection.HTTPSConnection object at 0x726825a73b00>: Failed to establish a new connection: [Errno -2] Name or service not known')': /queries/v1/query-request?requestId=1877ef62-c82b-4bad-9122-16030c472edb&clientStartTime=1765831276427&retryCount=117&retryReason=None&request_guid=409112e5-e1a6-4818-a3c6-21d7d0fdce16
[2025-12-15T20:56:32.468+0000] {connectionpool.py:824} WARNING - Retrying (Retry(total=0, connect=None, read=None, redirect=None, status=None)) after connection broken by 'NewConnectionError('<snowflake.connector.vendored.urllib3.connection.HTTPSConnection object at 0x726825bd84d0>: Failed to establish a new connection: [Errno -2] Name or service not known')': /queries/v1/query-request?requestId=1877ef62-c82b-4bad-9122-16030c472edb&clientStartTime=1765831276427&retryCount=118&retryReason=None&request_guid=62f34767-38a9-4b69-af70-90dce949f268
[2025-12-15T20:56:40.497+0000] {connectionpool.py:824} WARNING - Retrying (Retry(total=0, connect=None, read=None, redirect=None, status=None)) after connection broken by 'NewConnectionError('<snowflake.connector.vendored.urllib3.connection.HTTPSConnection object at 0x726825be8a40>: Failed to establish a new connection: [Errno -2] Name or service not known')': /queries/v1/query-request?requestId=1877ef62-c82b-4bad-9122-16030c472edb&clientStartTime=1765831276427&retryCount=119&retryReason=None&request_guid=48331fd0-3dd3-442b-baf0-cedc63d986a4
[2025-12-15T20:56:48.546+0000] {connectionpool.py:824} WARNING - Retrying (Retry(total=0, connect=None, read=None, redirect=None, status=None)) after connection broken by 'NewConnectionError('<snowflake.connector.vendored.urllib3.connection.HTTPSConnection object at 0x726825a73c80>: Failed to establish a new connection: [Errno -2] Name or service not known')': /queries/v1/query-request?requestId=1877ef62-c82b-4bad-9122-16030c472edb&clientStartTime=1765831276427&retryCount=120&retryReason=None&request_guid=5d75b4c7-787e-4ce5-8645-d0bace5159ca
[2025-12-15T20:56:56.577+0000] {connectionpool.py:824} WARNING - Retrying (Retry(total=0, connect=None, read=None, redirect=None, status=None)) after connection broken by 'NewConnectionError('<snowflake.connector.vendored.urllib3.connection.HTTPSConnection object at 0x726825a49640>: Failed to establish a new connection: [Errno -2] Name or service not known')': /queries/v1/query-request?requestId=1877ef62-c82b-4bad-9122-16030c472edb&clientStartTime=1765831276427&retryCount=121&retryReason=None&request_guid=bc6b6fbb-e398-4980-9530-75aefff70a14
[2025-12-15T20:57:10.587+0000] {connectionpool.py:824} WARNING - Retrying (Retry(total=0, connect=None, read=None, redirect=None, status=None)) after connection broken by 'NewConnectionError('<snowflake.connector.vendored.urllib3.connection.HTTPSConnection object at 0x726825a24290>: Failed to establish a new connection: [Errno -2] Name or service not known')': /queries/v1/query-request?requestId=1877ef62-c82b-4bad-9122-16030c472edb&clientStartTime=1765831276427&retryCount=122&retryReason=None&request_guid=7c95e480-e859-4a74-9885-bd59d4979a63
[2025-12-15T20:57:23.635+0000] {connectionpool.py:824} WARNING - Retrying (Retry(total=0, connect=None, read=None, redirect=None, status=None)) after connection broken by 'NewConnectionError('<snowflake.connector.vendored.urllib3.connection.HTTPSConnection object at 0x726825bfbc50>: Failed to establish a new connection: [Errno -2] Name or service not known')': /queries/v1/query-request?requestId=1877ef62-c82b-4bad-9122-16030c472edb&clientStartTime=1765831276427&retryCount=123&retryReason=None&request_guid=6e84b9ef-ffbb-43cd-ab95-32cb11d48b84
[2025-12-15T20:57:30.673+0000] {connectionpool.py:824} WARNING - Retrying (Retry(total=0, connect=None, read=None, redirect=None, status=None)) after connection broken by 'NewConnectionError('<snowflake.connector.vendored.urllib3.connection.HTTPSConnection object at 0x726825bfbdd0>: Failed to establish a new connection: [Errno -2] Name or service not known')': /queries/v1/query-request?requestId=1877ef62-c82b-4bad-9122-16030c472edb&clientStartTime=1765831276427&retryCount=124&retryReason=None&request_guid=b814d5a5-ae14-4623-9071-652b32446e37
[2025-12-15T20:57:43.734+0000] {connectionpool.py:824} WARNING - Retrying (Retry(total=0, connect=None, read=None, redirect=None, status=None)) after connection broken by 'NewConnectionError('<snowflake.connector.vendored.urllib3.connection.HTTPSConnection object at 0x726825be9b20>: Failed to establish a new connection: [Errno -2] Name or service not known')': /queries/v1/query-request?requestId=1877ef62-c82b-4bad-9122-16030c472edb&clientStartTime=1765831276427&retryCount=125&retryReason=None&request_guid=64cb5894-e53d-49e9-81a4-d44b6edd5477
[2025-12-15T20:57:47.787+0000] {connectionpool.py:824} WARNING - Retrying (Retry(total=0, connect=None, read=None, redirect=None, status=None)) after connection broken by 'NewConnectionError('<snowflake.connector.vendored.urllib3.connection.HTTPSConnection object at 0x726825bfd4f0>: Failed to establish a new connection: [Errno -2] Name or service not known')': /queries/v1/query-request?requestId=1877ef62-c82b-4bad-9122-16030c472edb&clientStartTime=1765831276427&retryCount=126&retryReason=None&request_guid=85be4dc6-dc89-42fd-988d-3b3db8446062
[2025-12-15T20:58:00.808+0000] {connectionpool.py:824} WARNING - Retrying (Retry(total=0, connect=None, read=None, redirect=None, status=None)) after connection broken by 'NewConnectionError('<snowflake.connector.vendored.urllib3.connection.HTTPSConnection object at 0x726825bfbdd0>: Failed to establish a new connection: [Errno -2] Name or service not known')': /queries/v1/query-request?requestId=1877ef62-c82b-4bad-9122-16030c472edb&clientStartTime=1765831276427&retryCount=127&retryReason=None&request_guid=0d6c624c-5f11-403b-baff-41b3db36103a
[2025-12-15T20:58:02.901+0000] {connectionpool.py:824} WARNING - Retrying (Retry(total=0, connect=None, read=None, redirect=None, status=None)) after connection broken by 'NewConnectionError('<snowflake.connector.vendored.urllib3.connection.HTTPSConnection object at 0x726825bd9070>: Failed to establish a new connection: [Errno -2] Name or service not known')': /queries/v1/query-request?requestId=1877ef62-c82b-4bad-9122-16030c472edb&clientStartTime=1765831276427&retryCount=128&retryReason=None&request_guid=d2228a8b-5439-47f5-9a39-880b5b683546
[2025-12-15T20:58:18.992+0000] {connectionpool.py:824} WARNING - Retrying (Retry(total=0, connect=None, read=None, redirect=None, status=None)) after connection broken by 'NewConnectionError('<snowflake.connector.vendored.urllib3.connection.HTTPSConnection object at 0x726825a48980>: Failed to establish a new connection: [Errno -2] Name or service not known')': /queries/v1/query-request?requestId=1877ef62-c82b-4bad-9122-16030c472edb&clientStartTime=1765831276427&retryCount=129&retryReason=None&request_guid=094720ee-ddf9-4bce-b6e5-53d065af4fab
[2025-12-15T20:58:25.031+0000] {connectionpool.py:824} WARNING - Retrying (Retry(total=0, connect=None, read=None, redirect=None, status=None)) after connection broken by 'NewConnectionError('<snowflake.connector.vendored.urllib3.connection.HTTPSConnection object at 0x726825a4bce0>: Failed to establish a new connection: [Errno -2] Name or service not known')': /queries/v1/query-request?requestId=1877ef62-c82b-4bad-9122-16030c472edb&clientStartTime=1765831276427&retryCount=130&retryReason=None&request_guid=2ca03619-e03b-44ec-86a5-4bbfebca1f92
[2025-12-15T20:58:28.053+0000] {connectionpool.py:824} WARNING - Retrying (Retry(total=0, connect=None, read=None, redirect=None, status=None)) after connection broken by 'NewConnectionError('<snowflake.connector.vendored.urllib3.connection.HTTPSConnection object at 0x726825a722d0>: Failed to establish a new connection: [Errno -2] Name or service not known')': /queries/v1/query-request?requestId=1877ef62-c82b-4bad-9122-16030c472edb&clientStartTime=1765831276427&retryCount=131&retryReason=None&request_guid=ec61b3c7-252e-4cf1-a34a-881f06dac343
[2025-12-15T20:58:31.094+0000] {connectionpool.py:824} WARNING - Retrying (Retry(total=0, connect=None, read=None, redirect=None, status=None)) after connection broken by 'NewConnectionError('<snowflake.connector.vendored.urllib3.connection.HTTPSConnection object at 0x726825bfc2f0>: Failed to establish a new connection: [Errno -2] Name or service not known')': /queries/v1/query-request?requestId=1877ef62-c82b-4bad-9122-16030c472edb&clientStartTime=1765831276427&retryCount=132&retryReason=None&request_guid=473e0924-92c6-47e1-9978-63f345a1c089
[2025-12-15T20:58:45.135+0000] {connectionpool.py:824} WARNING - Retrying (Retry(total=0, connect=None, read=None, redirect=None, status=None)) after connection broken by 'NewConnectionError('<snowflake.connector.vendored.urllib3.connection.HTTPSConnection object at 0x726825beb260>: Failed to establish a new connection: [Errno -2] Name or service not known')': /queries/v1/query-request?requestId=1877ef62-c82b-4bad-9122-16030c472edb&clientStartTime=1765831276427&retryCount=133&retryReason=None&request_guid=7d1cc2a8-e232-4ace-b8eb-0df2e9d497bb
[2025-12-15T20:58:57.170+0000] {connectionpool.py:824} WARNING - Retrying (Retry(total=0, connect=None, read=None, redirect=None, status=None)) after connection broken by 'NewConnectionError('<snowflake.connector.vendored.urllib3.connection.HTTPSConnection object at 0x726825bb7440>: Failed to establish a new connection: [Errno -2] Name or service not known')': /queries/v1/query-request?requestId=1877ef62-c82b-4bad-9122-16030c472edb&clientStartTime=1765831276427&retryCount=134&retryReason=None&request_guid=d9eb6836-50f1-4bea-917a-7ebf084f7ca3
[2025-12-15T20:59:12.203+0000] {connectionpool.py:824} WARNING - Retrying (Retry(total=0, connect=None, read=None, redirect=None, status=None)) after connection broken by 'NewConnectionError('<snowflake.connector.vendored.urllib3.connection.HTTPSConnection object at 0x726825bf81d0>: Failed to establish a new connection: [Errno -2] Name or service not known')': /queries/v1/query-request?requestId=1877ef62-c82b-4bad-9122-16030c472edb&clientStartTime=1765831276427&retryCount=135&retryReason=None&request_guid=c64a5f21-02e8-4d7b-aa8c-c5f15c8c421d
[2025-12-15T20:59:12.291+0000] {connectionpool.py:824} WARNING - Retrying (Retry(total=0, connect=None, read=None, redirect=None, status=None)) after connection broken by 'NewConnectionError('<snowflake.connector.vendored.urllib3.connection.HTTPSConnection object at 0x726825bf8800>: Failed to establish a new connection: [Errno -2] Name or service not known')': /queries/v1/query-request?requestId=1877ef62-c82b-4bad-9122-16030c472edb&clientStartTime=1765831276427&retryCount=136&retryReason=None&request_guid=382d894b-48f7-4298-b80a-b4a2affd429a
[2025-12-15T20:59:28.340+0000] {connectionpool.py:824} WARNING - Retrying (Retry(total=0, connect=None, read=None, redirect=None, status=None)) after connection broken by 'NewConnectionError('<snowflake.connector.vendored.urllib3.connection.HTTPSConnection object at 0x726825bfbda0>: Failed to establish a new connection: [Errno -2] Name or service not known')': /queries/v1/query-request?requestId=1877ef62-c82b-4bad-9122-16030c472edb&clientStartTime=1765831276427&retryCount=137&retryReason=None&request_guid=dbe1e04c-5221-40e9-91bd-41158de7bcef
[2025-12-15T20:59:38.376+0000] {connectionpool.py:824} WARNING - Retrying (Retry(total=0, connect=None, read=None, redirect=None, status=None)) after connection broken by 'NewConnectionError('<snowflake.connector.vendored.urllib3.connection.HTTPSConnection object at 0x726825a4a330>: Failed to establish a new connection: [Errno -2] Name or service not known')': /queries/v1/query-request?requestId=1877ef62-c82b-4bad-9122-16030c472edb&clientStartTime=1765831276427&retryCount=138&retryReason=None&request_guid=830bca86-7697-42e8-8aff-da5405ac2ae4
[2025-12-15T20:59:46.409+0000] {connectionpool.py:824} WARNING - Retrying (Retry(total=0, connect=None, read=None, redirect=None, status=None)) after connection broken by 'NewConnectionError('<snowflake.connector.vendored.urllib3.connection.HTTPSConnection object at 0x726825a49d90>: Failed to establish a new connection: [Errno -2] Name or service not known')': /queries/v1/query-request?requestId=1877ef62-c82b-4bad-9122-16030c472edb&clientStartTime=1765831276427&retryCount=139&retryReason=None&request_guid=13aa719e-461d-4aef-b4a3-e1132569c581
[2025-12-15T20:59:59.465+0000] {connectionpool.py:824} WARNING - Retrying (Retry(total=0, connect=None, read=None, redirect=None, status=None)) after connection broken by 'NewConnectionError('<snowflake.connector.vendored.urllib3.connection.HTTPSConnection object at 0x726825a49220>: Failed to establish a new connection: [Errno -2] Name or service not known')': /queries/v1/query-request?requestId=1877ef62-c82b-4bad-9122-16030c472edb&clientStartTime=1765831276427&retryCount=140&retryReason=None&request_guid=9cd0440b-2a26-49de-b5c3-51bc320245c6
[2025-12-15T21:00:00.499+0000] {connectionpool.py:824} WARNING - Retrying (Retry(total=0, connect=None, read=None, redirect=None, status=None)) after connection broken by 'NewConnectionError('<snowflake.connector.vendored.urllib3.connection.HTTPSConnection object at 0x726825bfa450>: Failed to establish a new connection: [Errno -2] Name or service not known')': /queries/v1/query-request?requestId=1877ef62-c82b-4bad-9122-16030c472edb&clientStartTime=1765831276427&retryCount=141&retryReason=None&request_guid=a73193be-bb83-44b4-9a9a-65ec0827eb0f
[2025-12-15T21:00:09.540+0000] {connectionpool.py:824} WARNING - Retrying (Retry(total=0, connect=None, read=None, redirect=None, status=None)) after connection broken by 'NewConnectionError('<snowflake.connector.vendored.urllib3.connection.HTTPSConnection object at 0x726825bf9640>: Failed to establish a new connection: [Errno -2] Name or service not known')': /queries/v1/query-request?requestId=1877ef62-c82b-4bad-9122-16030c472edb&clientStartTime=1765831276427&retryCount=142&retryReason=None&request_guid=218d5870-f0be-4c15-b283-94ca4a5e2482
[2025-12-15T21:00:17.624+0000] {connectionpool.py:824} WARNING - Retrying (Retry(total=0, connect=None, read=None, redirect=None, status=None)) after connection broken by 'NewConnectionError('<snowflake.connector.vendored.urllib3.connection.HTTPSConnection object at 0x726825bf9ee0>: Failed to establish a new connection: [Errno -2] Name or service not known')': /queries/v1/query-request?requestId=1877ef62-c82b-4bad-9122-16030c472edb&clientStartTime=1765831276427&retryCount=143&retryReason=None&request_guid=3a932a0f-d327-401c-b901-c4e789bfcf98
[2025-12-15T21:00:28.705+0000] {connectionpool.py:824} WARNING - Retrying (Retry(total=0, connect=None, read=None, redirect=None, status=None)) after connection broken by 'NewConnectionError('<snowflake.connector.vendored.urllib3.connection.HTTPSConnection object at 0x726825bebec0>: Failed to establish a new connection: [Errno -2] Name or service not known')': /queries/v1/query-request?requestId=1877ef62-c82b-4bad-9122-16030c472edb&clientStartTime=1765831276427&retryCount=144&retryReason=None&request_guid=862ff770-db6e-49cc-9199-defdb93953e0
[2025-12-15T21:00:38.979+0000] {connectionpool.py:824} WARNING - Retrying (Retry(total=0, connect=None, read=None, redirect=None, status=None)) after connection broken by 'NewConnectionError('<snowflake.connector.vendored.urllib3.connection.HTTPSConnection object at 0x726825a24410>: Failed to establish a new connection: [Errno -2] Name or service not known')': /queries/v1/query-request?requestId=1877ef62-c82b-4bad-9122-16030c472edb&clientStartTime=1765831276427&retryCount=145&retryReason=None&request_guid=23d47910-f346-432e-8bea-d8949695c25b
[2025-12-15T21:08:52.466+0000] {local_task_job_runner.py:214} ERROR - Heartbeat time limit exceeded!
[2025-12-15T21:08:53.559+0000] {local_task_job_runner.py:222} INFO - ::endgroup::
[2025-12-15T21:08:53.722+0000] {process_utils.py:132} INFO - Sending 15 to group 68444. PIDs of all processes in the group: [68444]
[2025-12-15T21:08:53.735+0000] {process_utils.py:87} INFO - Sending the signal 15 to group 68444
[2025-12-15T21:08:53.792+0000] {taskinstance.py:2611} ERROR - Received SIGTERM. Terminating subprocesses.
[2025-12-15T21:08:54.145+0000] {taskinstance.py:441} INFO - ::group::Post task execution logs
[2025-12-15T21:08:59.883+0000] {taskinstance.py:2905} ERROR - Task failed with exception
Traceback (most recent call last):
  File "/home/airflow/.local/lib/python3.12/site-packages/snowflake/connector/vendored/urllib3/connection.py", line 174, in _new_conn
    conn = connection.create_connection(
           ^^^^^^^^^^^^^^^^^^^^^^^^^^^^^
  File "/home/airflow/.local/lib/python3.12/site-packages/snowflake/connector/vendored/urllib3/util/connection.py", line 79, in create_connection
    for res in socket.getaddrinfo(host, port, family, socket.SOCK_STREAM):
               ^^^^^^^^^^^^^^^^^^^^^^^^^^^^^^^^^^^^^^^^^^^^^^^^^^^^^^^^^^
  File "/usr/local/lib/python3.12/socket.py", line 964, in getaddrinfo
    for res in _socket.getaddrinfo(host, port, family, type, proto, flags):
               ^^^^^^^^^^^^^^^^^^^^^^^^^^^^^^^^^^^^^^^^^^^^^^^^^^^^^^^^^^^
socket.gaierror: [Errno -2] Name or service not known

During handling of the above exception, another exception occurred:

Traceback (most recent call last):
  File "/home/airflow/.local/lib/python3.12/site-packages/snowflake/connector/vendored/urllib3/connectionpool.py", line 715, in urlopen
    httplib_response = self._make_request(
                       ^^^^^^^^^^^^^^^^^^^
  File "/home/airflow/.local/lib/python3.12/site-packages/snowflake/connector/vendored/urllib3/connectionpool.py", line 404, in _make_request
    self._validate_conn(conn)
  File "/home/airflow/.local/lib/python3.12/site-packages/snowflake/connector/vendored/urllib3/connectionpool.py", line 1058, in _validate_conn
    conn.connect()
  File "/home/airflow/.local/lib/python3.12/site-packages/snowflake/connector/vendored/urllib3/connection.py", line 363, in connect
    self.sock = conn = self._new_conn()
                       ^^^^^^^^^^^^^^^^
  File "/home/airflow/.local/lib/python3.12/site-packages/snowflake/connector/vendored/urllib3/connection.py", line 186, in _new_conn
    raise NewConnectionError(
snowflake.connector.vendored.urllib3.exceptions.NewConnectionError: <snowflake.connector.vendored.urllib3.connection.HTTPSConnection object at 0x726825bd8b00>: Failed to establish a new connection: [Errno -2] Name or service not known

During handling of the above exception, another exception occurred:

Traceback (most recent call last):
  File "/home/airflow/.local/lib/python3.12/site-packages/snowflake/connector/vendored/requests/adapters.py", line 486, in send
    resp = conn.urlopen(
           ^^^^^^^^^^^^^
  File "/home/airflow/.local/lib/python3.12/site-packages/snowflake/connector/vendored/urllib3/connectionpool.py", line 827, in urlopen
    return self.urlopen(
           ^^^^^^^^^^^^^
  File "/home/airflow/.local/lib/python3.12/site-packages/snowflake/connector/vendored/urllib3/connectionpool.py", line 799, in urlopen
    retries = retries.increment(
              ^^^^^^^^^^^^^^^^^^
  File "/home/airflow/.local/lib/python3.12/site-packages/snowflake/connector/vendored/urllib3/util/retry.py", line 592, in increment
    raise MaxRetryError(_pool, url, error or ResponseError(cause))
snowflake.connector.vendored.urllib3.exceptions.MaxRetryError: HTTPSConnectionPool(host='xh42336.eu-west-2.aws.snowflakecomputing.com', port=443): Max retries exceeded with url: /queries/v1/query-request?requestId=1877ef62-c82b-4bad-9122-16030c472edb&clientStartTime=1765831276427&retryCount=145&retryReason=None&request_guid=23d47910-f346-432e-8bea-d8949695c25b (Caused by NewConnectionError('<snowflake.connector.vendored.urllib3.connection.HTTPSConnection object at 0x726825bd8b00>: Failed to establish a new connection: [Errno -2] Name or service not known'))

During handling of the above exception, another exception occurred:

Traceback (most recent call last):
  File "/home/airflow/.local/lib/python3.12/site-packages/snowflake/connector/network.py", line 1078, in _request_exec
    raw_ret = session.request(
              ^^^^^^^^^^^^^^^^
  File "/home/airflow/.local/lib/python3.12/site-packages/snowflake/connector/vendored/requests/sessions.py", line 589, in request
    resp = self.send(prep, **send_kwargs)
           ^^^^^^^^^^^^^^^^^^^^^^^^^^^^^^
  File "/home/airflow/.local/lib/python3.12/site-packages/snowflake/connector/vendored/requests/sessions.py", line 703, in send
    r = adapter.send(request, **kwargs)
        ^^^^^^^^^^^^^^^^^^^^^^^^^^^^^^^
  File "/home/airflow/.local/lib/python3.12/site-packages/snowflake/connector/vendored/requests/adapters.py", line 519, in send
    raise ConnectionError(e, request=request)
snowflake.connector.vendored.requests.exceptions.ConnectionError: HTTPSConnectionPool(host='xh42336.eu-west-2.aws.snowflakecomputing.com', port=443): Max retries exceeded with url: /queries/v1/query-request?requestId=1877ef62-c82b-4bad-9122-16030c472edb&clientStartTime=1765831276427&retryCount=145&retryReason=None&request_guid=23d47910-f346-432e-8bea-d8949695c25b (Caused by NewConnectionError('<snowflake.connector.vendored.urllib3.connection.HTTPSConnection object at 0x726825bd8b00>: Failed to establish a new connection: [Errno -2] Name or service not known'))

During handling of the above exception, another exception occurred:

Traceback (most recent call last):
  File "/home/airflow/.local/lib/python3.12/site-packages/snowflake/connector/network.py", line 884, in _request_exec_wrapper
    return_object = self._request_exec(
                    ^^^^^^^^^^^^^^^^^^^
  File "/home/airflow/.local/lib/python3.12/site-packages/snowflake/connector/network.py", line 1182, in _request_exec
    raise RetryRequest(err)
snowflake.connector.network.RetryRequest: HTTPSConnectionPool(host='xh42336.eu-west-2.aws.snowflakecomputing.com', port=443): Max retries exceeded with url: /queries/v1/query-request?requestId=1877ef62-c82b-4bad-9122-16030c472edb&clientStartTime=1765831276427&retryCount=145&retryReason=None&request_guid=23d47910-f346-432e-8bea-d8949695c25b (Caused by NewConnectionError('<snowflake.connector.vendored.urllib3.connection.HTTPSConnection object at 0x726825bd8b00>: Failed to establish a new connection: [Errno -2] Name or service not known'))

During handling of the above exception, another exception occurred:

Traceback (most recent call last):
  File "/home/airflow/.local/lib/python3.12/site-packages/airflow/models/taskinstance.py", line 465, in _execute_task
    result = _execute_callable(context=context, **execute_callable_kwargs)
             ^^^^^^^^^^^^^^^^^^^^^^^^^^^^^^^^^^^^^^^^^^^^^^^^^^^^^^^^^^^^^
  File "/home/airflow/.local/lib/python3.12/site-packages/airflow/models/taskinstance.py", line 432, in _execute_callable
    return execute_callable(context=context, **execute_callable_kwargs)
           ^^^^^^^^^^^^^^^^^^^^^^^^^^^^^^^^^^^^^^^^^^^^^^^^^^^^^^^^^^^^
  File "/home/airflow/.local/lib/python3.12/site-packages/airflow/models/baseoperator.py", line 401, in wrapper
    return func(self, *args, **kwargs)
           ^^^^^^^^^^^^^^^^^^^^^^^^^^^
  File "/home/airflow/.local/lib/python3.12/site-packages/airflow/operators/python.py", line 235, in execute
    return_value = self.execute_callable()
                   ^^^^^^^^^^^^^^^^^^^^^^^
  File "/home/airflow/.local/lib/python3.12/site-packages/airflow/operators/python.py", line 252, in execute_callable
    return self.python_callable(*self.op_args, **self.op_kwargs)
           ^^^^^^^^^^^^^^^^^^^^^^^^^^^^^^^^^^^^^^^^^^^^^^^^^^^^^
  File "/opt/airflow/dags/minio_to_snowflake.py", line 96, in load_into_snowflake
    cur.execute(f"""PUT file://{f} @%bronze_stock_quotes_raw""")
  File "/home/airflow/.local/lib/python3.12/site-packages/snowflake/connector/cursor.py", line 977, in execute
    ret = self._execute_helper(query, **kwargs)
          ^^^^^^^^^^^^^^^^^^^^^^^^^^^^^^^^^^^^^
  File "/home/airflow/.local/lib/python3.12/site-packages/snowflake/connector/cursor.py", line 694, in _execute_helper
    ret = self._connection.cmd_query(
          ^^^^^^^^^^^^^^^^^^^^^^^^^^^
  File "/home/airflow/.local/lib/python3.12/site-packages/snowflake/connector/connection.py", line 1328, in cmd_query
    ret = self.rest.request(
          ^^^^^^^^^^^^^^^^^^
  File "/home/airflow/.local/lib/python3.12/site-packages/snowflake/connector/network.py", line 493, in request
    return self._post_request(
           ^^^^^^^^^^^^^^^^^^^
  File "/home/airflow/.local/lib/python3.12/site-packages/snowflake/connector/network.py", line 734, in _post_request
    ret = self.fetch(
          ^^^^^^^^^^^
  File "/home/airflow/.local/lib/python3.12/site-packages/snowflake/connector/network.py", line 843, in fetch
    ret = self._request_exec_wrapper(
          ^^^^^^^^^^^^^^^^^^^^^^^^^^^
  File "/home/airflow/.local/lib/python3.12/site-packages/snowflake/connector/network.py", line 955, in _request_exec_wrapper
    time.sleep(float(retry_ctx.current_sleep_time))
  File "/home/airflow/.local/lib/python3.12/site-packages/airflow/models/taskinstance.py", line 2613, in signal_handler
    raise AirflowTaskTerminated("Task received SIGTERM signal")
airflow.exceptions.AirflowTaskTerminated: Task received SIGTERM signal
[2025-12-15T21:09:00.946+0000] {taskinstance.py:1206} INFO - Marking task as UP_FOR_RETRY. dag_id=minio_to_snowflake, task_id=load_into_snowflake, run_id=scheduled__2025-12-15T20:30:00+00:00, execution_date=20251215T203000, start_date=20251215T203512, end_date=20251215T210900
[2025-12-15T21:09:06.258+0000] {process_utils.py:80} INFO - Process psutil.Process(pid=68444, status='terminated', exitcode=2, started='20:35:11') (68444) terminated with exit code 2
