[2025-12-15T20:40:10.488+0000] {local_task_job_runner.py:120} INFO - ::group::Pre task execution logs
[2025-12-15T20:40:10.568+0000] {taskinstance.py:2076} INFO - Dependencies all met for dep_context=non-requeueable deps ti=<TaskInstance: minio_to_snowflake.load_into_snowflake scheduled__2025-12-15T20:35:00+00:00 [queued]>
[2025-12-15T20:40:10.586+0000] {taskinstance.py:2076} INFO - Dependencies all met for dep_context=requeueable deps ti=<TaskInstance: minio_to_snowflake.load_into_snowflake scheduled__2025-12-15T20:35:00+00:00 [queued]>
[2025-12-15T20:40:10.588+0000] {taskinstance.py:2306} INFO - Starting attempt 1 of 3
[2025-12-15T20:40:10.610+0000] {taskinstance.py:2330} INFO - Executing <Task(PythonOperator): load_into_snowflake> on 2025-12-15 20:35:00+00:00
[2025-12-15T20:40:10.632+0000] {logging_mixin.py:188} WARNING - /home/***/.local/lib/python3.12/site-packages/***/task/task_runner/standard_task_runner.py:62 DeprecationWarning: This process (pid=69345) is multi-threaded, use of fork() may lead to deadlocks in the child.
[2025-12-15T20:40:10.632+0000] {standard_task_runner.py:90} INFO - Running: ['***', 'tasks', 'run', 'minio_to_snowflake', 'load_into_snowflake', 'scheduled__2025-12-15T20:35:00+00:00', '--job-id', '229', '--raw', '--subdir', 'DAGS_FOLDER/minio_to_snowflake.py', '--cfg-path', '/tmp/tmpavc_oyi1']
[2025-12-15T20:40:10.637+0000] {standard_task_runner.py:64} INFO - Started process 69350 to run task
[2025-12-15T20:40:10.638+0000] {standard_task_runner.py:91} INFO - Job 229: Subtask load_into_snowflake
[2025-12-15T20:40:10.795+0000] {task_command.py:426} INFO - Running <TaskInstance: minio_to_snowflake.load_into_snowflake scheduled__2025-12-15T20:35:00+00:00 [running]> on host 4abec113d47e
[2025-12-15T20:40:11.090+0000] {taskinstance.py:2648} INFO - Exporting env vars: AIRFLOW_CTX_DAG_OWNER='***' AIRFLOW_CTX_DAG_ID='minio_to_snowflake' AIRFLOW_CTX_TASK_ID='load_into_snowflake' AIRFLOW_CTX_EXECUTION_DATE='2025-12-15T20:35:00+00:00' AIRFLOW_CTX_TRY_NUMBER='1' AIRFLOW_CTX_DAG_RUN_ID='scheduled__2025-12-15T20:35:00+00:00'
[2025-12-15T20:40:11.105+0000] {taskinstance.py:430} INFO - ::endgroup::
[2025-12-15T20:40:11.172+0000] {logging_mixin.py:188} INFO - Received 265 files from previous task.
[2025-12-15T20:40:11.172+0000] {logging_mixin.py:188} INFO - Cnnecting to Snowflake...
[2025-12-15T20:40:11.174+0000] {connection.py:408} INFO - Snowflake Connector for Python Version: 3.11.0, Python Version: 3.12.4, Platform: Linux-6.6.87.2-microsoft-standard-WSL2-x86_64-with-glibc2.36
[2025-12-15T20:40:11.176+0000] {connection.py:1258} INFO - This connection is in OCSP Fail Open Mode. TLS Certificates would be checked for validity and revocation status. Any other Certificate Revocation related exceptions or OCSP Responder failures would be disregarded in favor of connectivity.
[2025-12-15T20:40:12.998+0000] {logging_mixin.py:188} INFO - Connected to Snowflake.
[2025-12-15T20:40:16.354+0000] {logging_mixin.py:188} INFO - Uploaded file to Snowflake stage: /tmp/minio_data/1765699149.json
[2025-12-15T20:40:20.657+0000] {logging_mixin.py:188} INFO - Uploaded file to Snowflake stage: /tmp/minio_data/1765700319.json
[2025-12-15T20:40:25.755+0000] {logging_mixin.py:188} INFO - Uploaded file to Snowflake stage: /tmp/minio_data/1765700445.json
[2025-12-15T20:40:28.823+0000] {logging_mixin.py:188} INFO - Uploaded file to Snowflake stage: /tmp/minio_data/1765700570.json
[2025-12-15T20:40:31.867+0000] {logging_mixin.py:188} INFO - Uploaded file to Snowflake stage: /tmp/minio_data/1765700695.json
[2025-12-15T20:40:33.316+0000] {logging_mixin.py:188} INFO - Uploaded file to Snowflake stage: /tmp/minio_data/1765700820.json
[2025-12-15T20:40:34.456+0000] {logging_mixin.py:188} INFO - Uploaded file to Snowflake stage: /tmp/minio_data/1765700944.json
[2025-12-15T20:40:36.168+0000] {logging_mixin.py:188} INFO - Uploaded file to Snowflake stage: /tmp/minio_data/1765701068.json
[2025-12-15T20:40:38.530+0000] {logging_mixin.py:188} INFO - Uploaded file to Snowflake stage: /tmp/minio_data/1765701195.json
[2025-12-15T20:40:40.393+0000] {logging_mixin.py:188} INFO - Uploaded file to Snowflake stage: /tmp/minio_data/1765701319.json
[2025-12-15T20:40:42.800+0000] {logging_mixin.py:188} INFO - Uploaded file to Snowflake stage: /tmp/minio_data/1765701444.json
[2025-12-15T20:40:44.054+0000] {logging_mixin.py:188} INFO - Uploaded file to Snowflake stage: /tmp/minio_data/1765701569.json
[2025-12-15T20:40:47.991+0000] {logging_mixin.py:188} INFO - Uploaded file to Snowflake stage: /tmp/minio_data/1765701708.json
[2025-12-15T20:41:03.883+0000] {logging_mixin.py:188} INFO - Uploaded file to Snowflake stage: /tmp/minio_data/1765701834.json
[2025-12-15T20:41:07.179+0000] {logging_mixin.py:188} INFO - Uploaded file to Snowflake stage: /tmp/minio_data/1765701960.json
[2025-12-15T20:41:10.046+0000] {logging_mixin.py:188} INFO - Uploaded file to Snowflake stage: /tmp/minio_data/1765702086.json
[2025-12-15T20:41:15.733+0000] {logging_mixin.py:188} INFO - Uploaded file to Snowflake stage: /tmp/minio_data/1765702212.json
[2025-12-15T20:42:00.401+0000] {connectionpool.py:824} WARNING - Retrying (Retry(total=0, connect=None, read=None, redirect=None, status=None)) after connection broken by 'ProtocolError('Connection aborted.', RemoteDisconnected('Remote end closed connection without response'))': /?accelerate
[2025-12-15T20:42:01.447+0000] {storage_client.py:318} WARNING - GET with url b'https://sfc-uk-ds1-28-customer-stage.s3.amazonaws.com/?accelerate' failed for transient error: HTTPSConnectionPool(host='sfc-uk-ds1-28-customer-stage.s3.amazonaws.com', port=443): Max retries exceeded with url: /?accelerate (Caused by NewConnectionError('<snowflake.connector.vendored.urllib3.connection.HTTPSConnection object at 0x726825beaa50>: Failed to establish a new connection: [Errno -2] Name or service not known'))
[2025-12-15T20:42:01.454+0000] {connectionpool.py:824} WARNING - Retrying (Retry(total=0, connect=None, read=None, redirect=None, status=None)) after connection broken by 'NewConnectionError('<snowflake.connector.vendored.urllib3.connection.HTTPSConnection object at 0x726825beaf60>: Failed to establish a new connection: [Errno -2] Name or service not known')': /?accelerate
[2025-12-15T20:42:03.560+0000] {storage_client.py:318} WARNING - GET with url b'https://sfc-uk-ds1-28-customer-stage.s3.amazonaws.com/?accelerate' failed for transient error: HTTPSConnectionPool(host='sfc-uk-ds1-28-customer-stage.s3.amazonaws.com', port=443): Max retries exceeded with url: /?accelerate (Caused by NewConnectionError('<snowflake.connector.vendored.urllib3.connection.HTTPSConnection object at 0x726825be8f50>: Failed to establish a new connection: [Errno -2] Name or service not known'))
[2025-12-15T20:42:03.568+0000] {connectionpool.py:824} WARNING - Retrying (Retry(total=0, connect=None, read=None, redirect=None, status=None)) after connection broken by 'NewConnectionError('<snowflake.connector.vendored.urllib3.connection.HTTPSConnection object at 0x726825be9250>: Failed to establish a new connection: [Errno -2] Name or service not known')': /?accelerate
[2025-12-15T20:42:07.573+0000] {storage_client.py:318} WARNING - GET with url b'https://sfc-uk-ds1-28-customer-stage.s3.amazonaws.com/?accelerate' failed for transient error: HTTPSConnectionPool(host='sfc-uk-ds1-28-customer-stage.s3.amazonaws.com', port=443): Max retries exceeded with url: /?accelerate (Caused by NewConnectionError('<snowflake.connector.vendored.urllib3.connection.HTTPSConnection object at 0x726825be9100>: Failed to establish a new connection: [Errno -2] Name or service not known'))
[2025-12-15T20:42:07.586+0000] {connectionpool.py:824} WARNING - Retrying (Retry(total=0, connect=None, read=None, redirect=None, status=None)) after connection broken by 'NewConnectionError('<snowflake.connector.vendored.urllib3.connection.HTTPSConnection object at 0x726825bebd10>: Failed to establish a new connection: [Errno -2] Name or service not known')': /?accelerate
[2025-12-15T20:42:15.593+0000] {storage_client.py:318} WARNING - GET with url b'https://sfc-uk-ds1-28-customer-stage.s3.amazonaws.com/?accelerate' failed for transient error: HTTPSConnectionPool(host='sfc-uk-ds1-28-customer-stage.s3.amazonaws.com', port=443): Max retries exceeded with url: /?accelerate (Caused by NewConnectionError('<snowflake.connector.vendored.urllib3.connection.HTTPSConnection object at 0x726825bea690>: Failed to establish a new connection: [Errno -2] Name or service not known'))
[2025-12-15T20:42:15.636+0000] {connectionpool.py:824} WARNING - Retrying (Retry(total=0, connect=None, read=None, redirect=None, status=None)) after connection broken by 'NewConnectionError('<snowflake.connector.vendored.urllib3.connection.HTTPSConnection object at 0x726825bea150>: Failed to establish a new connection: [Errno -2] Name or service not known')': /?accelerate
[2025-12-15T20:42:31.643+0000] {storage_client.py:318} WARNING - GET with url b'https://sfc-uk-ds1-28-customer-stage.s3.amazonaws.com/?accelerate' failed for transient error: HTTPSConnectionPool(host='sfc-uk-ds1-28-customer-stage.s3.amazonaws.com', port=443): Max retries exceeded with url: /?accelerate (Caused by NewConnectionError('<snowflake.connector.vendored.urllib3.connection.HTTPSConnection object at 0x726825beb440>: Failed to establish a new connection: [Errno -2] Name or service not known'))
[2025-12-15T20:42:31.705+0000] {logging_mixin.py:188} INFO - Error uploading /tmp/minio_data/1765702339.json to Snowflake stage: GET with url b'https://sfc-uk-ds1-28-customer-stage.s3.amazonaws.com/?accelerate' failed for exceeding maximum retries.
[2025-12-15T20:43:33.024+0000] {connectionpool.py:824} WARNING - Retrying (Retry(total=0, connect=None, read=None, redirect=None, status=None)) after connection broken by 'NewConnectionError('<snowflake.connector.vendored.urllib3.connection.HTTPSConnection object at 0x726825a4a4e0>: Failed to establish a new connection: [Errno -2] Name or service not known')': /queries/v1/query-request?requestId=578cbd53-c29e-4d26-9dc0-f2270349e0d5&clientStartTime=1765831351707&retryCount=1&retryReason=None&request_guid=7c722e51-b3e3-4ef6-9b5b-bff98b304cf3
[2025-12-15T20:43:33.035+0000] {connectionpool.py:824} WARNING - Retrying (Retry(total=0, connect=None, read=None, redirect=None, status=None)) after connection broken by 'NewConnectionError('<snowflake.connector.vendored.urllib3.connection.HTTPSConnection object at 0x726825a4a510>: Failed to establish a new connection: [Errno -2] Name or service not known')': /queries/v1/query-request?requestId=578cbd53-c29e-4d26-9dc0-f2270349e0d5&clientStartTime=1765831351707&retryCount=2&retryReason=None&request_guid=9e81abae-0993-476d-b4f9-40d53f5e61a8
[2025-12-15T20:43:35.052+0000] {connectionpool.py:824} WARNING - Retrying (Retry(total=0, connect=None, read=None, redirect=None, status=None)) after connection broken by 'NewConnectionError('<snowflake.connector.vendored.urllib3.connection.HTTPSConnection object at 0x726825beb2c0>: Failed to establish a new connection: [Errno -2] Name or service not known')': /queries/v1/query-request?requestId=578cbd53-c29e-4d26-9dc0-f2270349e0d5&clientStartTime=1765831351707&retryCount=3&retryReason=None&request_guid=785add57-0059-4b3e-9a6b-96976232f811
[2025-12-15T20:43:42.071+0000] {connectionpool.py:824} WARNING - Retrying (Retry(total=0, connect=None, read=None, redirect=None, status=None)) after connection broken by 'NewConnectionError('<snowflake.connector.vendored.urllib3.connection.HTTPSConnection object at 0x726825be8bc0>: Failed to establish a new connection: [Errno -2] Name or service not known')': /queries/v1/query-request?requestId=578cbd53-c29e-4d26-9dc0-f2270349e0d5&clientStartTime=1765831351707&retryCount=4&retryReason=None&request_guid=4303fe2b-325a-440d-911a-554cd0d2c396
[2025-12-15T20:43:44.085+0000] {connectionpool.py:824} WARNING - Retrying (Retry(total=0, connect=None, read=None, redirect=None, status=None)) after connection broken by 'NewConnectionError('<snowflake.connector.vendored.urllib3.connection.HTTPSConnection object at 0x726825be8b00>: Failed to establish a new connection: [Errno -2] Name or service not known')': /queries/v1/query-request?requestId=578cbd53-c29e-4d26-9dc0-f2270349e0d5&clientStartTime=1765831351707&retryCount=5&retryReason=None&request_guid=1040736b-cbf8-4ca9-8f8b-d87ef5947968
[2025-12-15T20:43:50.108+0000] {connectionpool.py:824} WARNING - Retrying (Retry(total=0, connect=None, read=None, redirect=None, status=None)) after connection broken by 'NewConnectionError('<snowflake.connector.vendored.urllib3.connection.HTTPSConnection object at 0x726825a4a570>: Failed to establish a new connection: [Errno -2] Name or service not known')': /queries/v1/query-request?requestId=578cbd53-c29e-4d26-9dc0-f2270349e0d5&clientStartTime=1765831351707&retryCount=6&retryReason=None&request_guid=f0f370dd-3507-40c6-8b69-0786c3706a87
[2025-12-15T20:43:51.144+0000] {connectionpool.py:824} WARNING - Retrying (Retry(total=0, connect=None, read=None, redirect=None, status=None)) after connection broken by 'NewConnectionError('<snowflake.connector.vendored.urllib3.connection.HTTPSConnection object at 0x726825a49070>: Failed to establish a new connection: [Errno -2] Name or service not known')': /queries/v1/query-request?requestId=578cbd53-c29e-4d26-9dc0-f2270349e0d5&clientStartTime=1765831351707&retryCount=7&retryReason=None&request_guid=5e24d302-7ac0-4118-b261-93df001f6f91
[2025-12-15T20:43:59.176+0000] {connectionpool.py:824} WARNING - Retrying (Retry(total=0, connect=None, read=None, redirect=None, status=None)) after connection broken by 'NewConnectionError('<snowflake.connector.vendored.urllib3.connection.HTTPSConnection object at 0x726825a49940>: Failed to establish a new connection: [Errno -2] Name or service not known')': /queries/v1/query-request?requestId=578cbd53-c29e-4d26-9dc0-f2270349e0d5&clientStartTime=1765831351707&retryCount=8&retryReason=None&request_guid=f8c8262f-c389-4f83-bdbd-235b25db0145
[2025-12-15T20:44:00.194+0000] {connectionpool.py:824} WARNING - Retrying (Retry(total=0, connect=None, read=None, redirect=None, status=None)) after connection broken by 'NewConnectionError('<snowflake.connector.vendored.urllib3.connection.HTTPSConnection object at 0x726825a48b90>: Failed to establish a new connection: [Errno -2] Name or service not known')': /queries/v1/query-request?requestId=578cbd53-c29e-4d26-9dc0-f2270349e0d5&clientStartTime=1765831351707&retryCount=9&retryReason=None&request_guid=ab1975db-9c8d-4be8-a156-85d98ecb2853
[2025-12-15T20:44:09.258+0000] {connectionpool.py:824} WARNING - Retrying (Retry(total=0, connect=None, read=None, redirect=None, status=None)) after connection broken by 'NewConnectionError('<snowflake.connector.vendored.urllib3.connection.HTTPSConnection object at 0x726825be8c80>: Failed to establish a new connection: [Errno -2] Name or service not known')': /queries/v1/query-request?requestId=578cbd53-c29e-4d26-9dc0-f2270349e0d5&clientStartTime=1765831351707&retryCount=10&retryReason=None&request_guid=9797373e-0910-474f-8bf2-69e3da532ea0
[2025-12-15T20:44:16.285+0000] {connectionpool.py:824} WARNING - Retrying (Retry(total=0, connect=None, read=None, redirect=None, status=None)) after connection broken by 'NewConnectionError('<snowflake.connector.vendored.urllib3.connection.HTTPSConnection object at 0x726825be9bb0>: Failed to establish a new connection: [Errno -2] Name or service not known')': /queries/v1/query-request?requestId=578cbd53-c29e-4d26-9dc0-f2270349e0d5&clientStartTime=1765831351707&retryCount=11&retryReason=None&request_guid=a08f8682-6552-4ff2-8427-0ea93b01d5e1
[2025-12-15T20:44:30.316+0000] {connectionpool.py:824} WARNING - Retrying (Retry(total=0, connect=None, read=None, redirect=None, status=None)) after connection broken by 'NewConnectionError('<snowflake.connector.vendored.urllib3.connection.HTTPSConnection object at 0x726825a48aa0>: Failed to establish a new connection: [Errno -2] Name or service not known')': /queries/v1/query-request?requestId=578cbd53-c29e-4d26-9dc0-f2270349e0d5&clientStartTime=1765831351707&retryCount=12&retryReason=None&request_guid=7675685a-c450-4447-bc3f-9638aebead4b
[2025-12-15T20:44:38.390+0000] {connectionpool.py:824} WARNING - Retrying (Retry(total=0, connect=None, read=None, redirect=None, status=None)) after connection broken by 'NewConnectionError('<snowflake.connector.vendored.urllib3.connection.HTTPSConnection object at 0x726825a5bf50>: Failed to establish a new connection: [Errno -2] Name or service not known')': /queries/v1/query-request?requestId=578cbd53-c29e-4d26-9dc0-f2270349e0d5&clientStartTime=1765831351707&retryCount=13&retryReason=None&request_guid=f103ac74-06ce-4545-a2a1-a222eecc73e4
[2025-12-15T20:44:41.423+0000] {connectionpool.py:824} WARNING - Retrying (Retry(total=0, connect=None, read=None, redirect=None, status=None)) after connection broken by 'NewConnectionError('<snowflake.connector.vendored.urllib3.connection.HTTPSConnection object at 0x726825a5a420>: Failed to establish a new connection: [Errno -2] Name or service not known')': /queries/v1/query-request?requestId=578cbd53-c29e-4d26-9dc0-f2270349e0d5&clientStartTime=1765831351707&retryCount=14&retryReason=None&request_guid=2e3850f5-30f1-42c9-b4bb-973714b5c8ca
[2025-12-15T20:44:43.475+0000] {connectionpool.py:824} WARNING - Retrying (Retry(total=0, connect=None, read=None, redirect=None, status=None)) after connection broken by 'NewConnectionError('<snowflake.connector.vendored.urllib3.connection.HTTPSConnection object at 0x726825a59190>: Failed to establish a new connection: [Errno -2] Name or service not known')': /queries/v1/query-request?requestId=578cbd53-c29e-4d26-9dc0-f2270349e0d5&clientStartTime=1765831351707&retryCount=15&retryReason=None&request_guid=07002032-77c3-49da-a274-cc27f6d71421
[2025-12-15T20:44:50.501+0000] {connectionpool.py:824} WARNING - Retrying (Retry(total=0, connect=None, read=None, redirect=None, status=None)) after connection broken by 'NewConnectionError('<snowflake.connector.vendored.urllib3.connection.HTTPSConnection object at 0x726825be8cb0>: Failed to establish a new connection: [Errno -2] Name or service not known')': /queries/v1/query-request?requestId=578cbd53-c29e-4d26-9dc0-f2270349e0d5&clientStartTime=1765831351707&retryCount=16&retryReason=None&request_guid=4aac429e-e01c-46dd-9185-1267a169a99e
[2025-12-15T20:44:52.527+0000] {connectionpool.py:824} WARNING - Retrying (Retry(total=0, connect=None, read=None, redirect=None, status=None)) after connection broken by 'NewConnectionError('<snowflake.connector.vendored.urllib3.connection.HTTPSConnection object at 0x726825bea1e0>: Failed to establish a new connection: [Errno -2] Name or service not known')': /queries/v1/query-request?requestId=578cbd53-c29e-4d26-9dc0-f2270349e0d5&clientStartTime=1765831351707&retryCount=17&retryReason=None&request_guid=3cac5753-23b0-4b3c-9093-4c3a4d010a6b
[2025-12-15T20:45:00.556+0000] {connectionpool.py:824} WARNING - Retrying (Retry(total=0, connect=None, read=None, redirect=None, status=None)) after connection broken by 'NewConnectionError('<snowflake.connector.vendored.urllib3.connection.HTTPSConnection object at 0x726825a4a360>: Failed to establish a new connection: [Errno -2] Name or service not known')': /queries/v1/query-request?requestId=578cbd53-c29e-4d26-9dc0-f2270349e0d5&clientStartTime=1765831351707&retryCount=18&retryReason=None&request_guid=73bdd211-ee0c-4a90-9aff-ad9c5091c8db
[2025-12-15T20:45:03.595+0000] {connectionpool.py:824} WARNING - Retrying (Retry(total=0, connect=None, read=None, redirect=None, status=None)) after connection broken by 'NewConnectionError('<snowflake.connector.vendored.urllib3.connection.HTTPSConnection object at 0x726825a58ef0>: Failed to establish a new connection: [Errno -2] Name or service not known')': /queries/v1/query-request?requestId=578cbd53-c29e-4d26-9dc0-f2270349e0d5&clientStartTime=1765831351707&retryCount=19&retryReason=None&request_guid=e34499a7-1ce8-41c7-8ff4-39512d07463c
[2025-12-15T20:45:06.615+0000] {connectionpool.py:824} WARNING - Retrying (Retry(total=0, connect=None, read=None, redirect=None, status=None)) after connection broken by 'NewConnectionError('<snowflake.connector.vendored.urllib3.connection.HTTPSConnection object at 0x726825a5bf50>: Failed to establish a new connection: [Errno -2] Name or service not known')': /queries/v1/query-request?requestId=578cbd53-c29e-4d26-9dc0-f2270349e0d5&clientStartTime=1765831351707&retryCount=20&retryReason=None&request_guid=126dfd76-63f5-4103-a5a2-82e609df7e86
[2025-12-15T20:45:17.630+0000] {connectionpool.py:824} WARNING - Retrying (Retry(total=0, connect=None, read=None, redirect=None, status=None)) after connection broken by 'NewConnectionError('<snowflake.connector.vendored.urllib3.connection.HTTPSConnection object at 0x726825a59c40>: Failed to establish a new connection: [Errno -2] Name or service not known')': /queries/v1/query-request?requestId=578cbd53-c29e-4d26-9dc0-f2270349e0d5&clientStartTime=1765831351707&retryCount=21&retryReason=None&request_guid=3c9b4a68-a63b-4ef1-8011-ddb81cf8366d
[2025-12-15T20:45:24.652+0000] {connectionpool.py:824} WARNING - Retrying (Retry(total=0, connect=None, read=None, redirect=None, status=None)) after connection broken by 'NewConnectionError('<snowflake.connector.vendored.urllib3.connection.HTTPSConnection object at 0x726825a5ad50>: Failed to establish a new connection: [Errno -2] Name or service not known')': /queries/v1/query-request?requestId=578cbd53-c29e-4d26-9dc0-f2270349e0d5&clientStartTime=1765831351707&retryCount=22&retryReason=None&request_guid=876daf3f-74c6-41bf-8153-40183bcf7deb
[2025-12-15T20:45:24.664+0000] {connectionpool.py:824} WARNING - Retrying (Retry(total=0, connect=None, read=None, redirect=None, status=None)) after connection broken by 'NewConnectionError('<snowflake.connector.vendored.urllib3.connection.HTTPSConnection object at 0x726825a48b00>: Failed to establish a new connection: [Errno -2] Name or service not known')': /queries/v1/query-request?requestId=578cbd53-c29e-4d26-9dc0-f2270349e0d5&clientStartTime=1765831351707&retryCount=23&retryReason=None&request_guid=95c40184-f054-45e2-8f40-9ff070e38e53
[2025-12-15T20:45:30.716+0000] {connectionpool.py:824} WARNING - Retrying (Retry(total=0, connect=None, read=None, redirect=None, status=None)) after connection broken by 'NewConnectionError('<snowflake.connector.vendored.urllib3.connection.HTTPSConnection object at 0x726825be8f50>: Failed to establish a new connection: [Errno -2] Name or service not known')': /queries/v1/query-request?requestId=578cbd53-c29e-4d26-9dc0-f2270349e0d5&clientStartTime=1765831351707&retryCount=24&retryReason=None&request_guid=c723b991-9127-495e-9b77-102eac294728
[2025-12-15T20:45:30.736+0000] {connectionpool.py:824} WARNING - Retrying (Retry(total=0, connect=None, read=None, redirect=None, status=None)) after connection broken by 'NewConnectionError('<snowflake.connector.vendored.urllib3.connection.HTTPSConnection object at 0x726825a5a870>: Failed to establish a new connection: [Errno -2] Name or service not known')': /queries/v1/query-request?requestId=578cbd53-c29e-4d26-9dc0-f2270349e0d5&clientStartTime=1765831351707&retryCount=25&retryReason=None&request_guid=1f55a581-ae18-4054-afd9-4e164bed6718
[2025-12-15T20:45:30.752+0000] {connectionpool.py:824} WARNING - Retrying (Retry(total=0, connect=None, read=None, redirect=None, status=None)) after connection broken by 'NewConnectionError('<snowflake.connector.vendored.urllib3.connection.HTTPSConnection object at 0x726825a5be30>: Failed to establish a new connection: [Errno -2] Name or service not known')': /queries/v1/query-request?requestId=578cbd53-c29e-4d26-9dc0-f2270349e0d5&clientStartTime=1765831351707&retryCount=26&retryReason=None&request_guid=b1f17b72-b611-45da-b9bc-69158d82f15c
[2025-12-15T20:45:43.819+0000] {connectionpool.py:824} WARNING - Retrying (Retry(total=0, connect=None, read=None, redirect=None, status=None)) after connection broken by 'NewConnectionError('<snowflake.connector.vendored.urllib3.connection.HTTPSConnection object at 0x726825a5ae10>: Failed to establish a new connection: [Errno -2] Name or service not known')': /queries/v1/query-request?requestId=578cbd53-c29e-4d26-9dc0-f2270349e0d5&clientStartTime=1765831351707&retryCount=27&retryReason=None&request_guid=088decb3-ec08-4b8a-99da-14f2248f8543
[2025-12-15T20:45:54.869+0000] {connectionpool.py:824} WARNING - Retrying (Retry(total=0, connect=None, read=None, redirect=None, status=None)) after connection broken by 'NewConnectionError('<snowflake.connector.vendored.urllib3.connection.HTTPSConnection object at 0x726825a5b650>: Failed to establish a new connection: [Errno -2] Name or service not known')': /queries/v1/query-request?requestId=578cbd53-c29e-4d26-9dc0-f2270349e0d5&clientStartTime=1765831351707&retryCount=28&retryReason=None&request_guid=1736312f-e0a9-40e9-9c12-04c835d5cd64
[2025-12-15T20:46:05.908+0000] {connectionpool.py:824} WARNING - Retrying (Retry(total=0, connect=None, read=None, redirect=None, status=None)) after connection broken by 'NewConnectionError('<snowflake.connector.vendored.urllib3.connection.HTTPSConnection object at 0x726825be8290>: Failed to establish a new connection: [Errno -2] Name or service not known')': /queries/v1/query-request?requestId=578cbd53-c29e-4d26-9dc0-f2270349e0d5&clientStartTime=1765831351707&retryCount=29&retryReason=None&request_guid=43a7e74f-c42f-4141-a83b-fabbd391ee0e
[2025-12-15T20:46:06.935+0000] {connectionpool.py:824} WARNING - Retrying (Retry(total=0, connect=None, read=None, redirect=None, status=None)) after connection broken by 'NewConnectionError('<snowflake.connector.vendored.urllib3.connection.HTTPSConnection object at 0x726825a483b0>: Failed to establish a new connection: [Errno -2] Name or service not known')': /queries/v1/query-request?requestId=578cbd53-c29e-4d26-9dc0-f2270349e0d5&clientStartTime=1765831351707&retryCount=30&retryReason=None&request_guid=b7390285-f2c9-44b3-ba89-979385c319a4
[2025-12-15T20:46:09.954+0000] {connectionpool.py:824} WARNING - Retrying (Retry(total=0, connect=None, read=None, redirect=None, status=None)) after connection broken by 'NewConnectionError('<snowflake.connector.vendored.urllib3.connection.HTTPSConnection object at 0x726825a58050>: Failed to establish a new connection: [Errno -2] Name or service not known')': /queries/v1/query-request?requestId=578cbd53-c29e-4d26-9dc0-f2270349e0d5&clientStartTime=1765831351707&retryCount=31&retryReason=None&request_guid=d6db73a9-8af7-414c-b556-d360ba0f898a
[2025-12-15T20:46:17.973+0000] {connectionpool.py:824} WARNING - Retrying (Retry(total=0, connect=None, read=None, redirect=None, status=None)) after connection broken by 'NewConnectionError('<snowflake.connector.vendored.urllib3.connection.HTTPSConnection object at 0x726825a5ac00>: Failed to establish a new connection: [Errno -2] Name or service not known')': /queries/v1/query-request?requestId=578cbd53-c29e-4d26-9dc0-f2270349e0d5&clientStartTime=1765831351707&retryCount=32&retryReason=None&request_guid=a86fe4c0-9561-482f-a92d-d59a284439ae
[2025-12-15T20:46:32.994+0000] {connectionpool.py:824} WARNING - Retrying (Retry(total=0, connect=None, read=None, redirect=None, status=None)) after connection broken by 'NewConnectionError('<snowflake.connector.vendored.urllib3.connection.HTTPSConnection object at 0x726825a5b560>: Failed to establish a new connection: [Errno -2] Name or service not known')': /queries/v1/query-request?requestId=578cbd53-c29e-4d26-9dc0-f2270349e0d5&clientStartTime=1765831351707&retryCount=33&retryReason=None&request_guid=ec8bce24-4219-4830-b45f-e104a826a788
[2025-12-15T20:46:40.006+0000] {connectionpool.py:824} WARNING - Retrying (Retry(total=0, connect=None, read=None, redirect=None, status=None)) after connection broken by 'NewConnectionError('<snowflake.connector.vendored.urllib3.connection.HTTPSConnection object at 0x726825a582c0>: Failed to establish a new connection: [Errno -2] Name or service not known')': /queries/v1/query-request?requestId=578cbd53-c29e-4d26-9dc0-f2270349e0d5&clientStartTime=1765831351707&retryCount=34&retryReason=None&request_guid=766a0578-0324-43c1-a134-e1ce45949af0
[2025-12-15T20:46:55.030+0000] {connectionpool.py:824} WARNING - Retrying (Retry(total=0, connect=None, read=None, redirect=None, status=None)) after connection broken by 'NewConnectionError('<snowflake.connector.vendored.urllib3.connection.HTTPSConnection object at 0x726825bfe450>: Failed to establish a new connection: [Errno -2] Name or service not known')': /queries/v1/query-request?requestId=578cbd53-c29e-4d26-9dc0-f2270349e0d5&clientStartTime=1765831351707&retryCount=35&retryReason=None&request_guid=7b7c158e-83d8-4367-af49-43006e0023b4
[2025-12-15T20:46:58.061+0000] {connectionpool.py:824} WARNING - Retrying (Retry(total=0, connect=None, read=None, redirect=None, status=None)) after connection broken by 'NewConnectionError('<snowflake.connector.vendored.urllib3.connection.HTTPSConnection object at 0x726825a4bc20>: Failed to establish a new connection: [Errno -2] Name or service not known')': /queries/v1/query-request?requestId=578cbd53-c29e-4d26-9dc0-f2270349e0d5&clientStartTime=1765831351707&retryCount=36&retryReason=None&request_guid=7237a9ff-3ddc-4c0a-b2a0-d819a41e157a
[2025-12-15T20:47:14.070+0000] {connectionpool.py:824} WARNING - Retrying (Retry(total=0, connect=None, read=None, redirect=None, status=None)) after connection broken by 'NewConnectionError('<snowflake.connector.vendored.urllib3.connection.HTTPSConnection object at 0x726825a58470>: Failed to establish a new connection: [Errno -2] Name or service not known')': /queries/v1/query-request?requestId=578cbd53-c29e-4d26-9dc0-f2270349e0d5&clientStartTime=1765831351707&retryCount=37&retryReason=None&request_guid=a1df96d4-54dd-497e-95ae-972e1f17f034
[2025-12-15T20:47:19.093+0000] {connectionpool.py:824} WARNING - Retrying (Retry(total=0, connect=None, read=None, redirect=None, status=None)) after connection broken by 'NewConnectionError('<snowflake.connector.vendored.urllib3.connection.HTTPSConnection object at 0x726825a5ae10>: Failed to establish a new connection: [Errno -2] Name or service not known')': /queries/v1/query-request?requestId=578cbd53-c29e-4d26-9dc0-f2270349e0d5&clientStartTime=1765831351707&retryCount=38&retryReason=None&request_guid=5a4ae70b-a312-4e23-a25f-88b408d0181c
[2025-12-15T20:47:28.117+0000] {connectionpool.py:824} WARNING - Retrying (Retry(total=0, connect=None, read=None, redirect=None, status=None)) after connection broken by 'NewConnectionError('<snowflake.connector.vendored.urllib3.connection.HTTPSConnection object at 0x726825a25520>: Failed to establish a new connection: [Errno -2] Name or service not known')': /queries/v1/query-request?requestId=578cbd53-c29e-4d26-9dc0-f2270349e0d5&clientStartTime=1765831351707&retryCount=39&retryReason=None&request_guid=31903c52-588f-4b0d-b6d4-c5781f1326d0
[2025-12-15T20:47:44.138+0000] {connectionpool.py:824} WARNING - Retrying (Retry(total=0, connect=None, read=None, redirect=None, status=None)) after connection broken by 'NewConnectionError('<snowflake.connector.vendored.urllib3.connection.HTTPSConnection object at 0x726825bea180>: Failed to establish a new connection: [Errno -2] Name or service not known')': /queries/v1/query-request?requestId=578cbd53-c29e-4d26-9dc0-f2270349e0d5&clientStartTime=1765831351707&retryCount=40&retryReason=None&request_guid=1283faad-868c-4a4c-827c-7664277a83b2
[2025-12-15T20:47:49.185+0000] {connectionpool.py:824} WARNING - Retrying (Retry(total=0, connect=None, read=None, redirect=None, status=None)) after connection broken by 'NewConnectionError('<snowflake.connector.vendored.urllib3.connection.HTTPSConnection object at 0x726825bfe960>: Failed to establish a new connection: [Errno -2] Name or service not known')': /queries/v1/query-request?requestId=578cbd53-c29e-4d26-9dc0-f2270349e0d5&clientStartTime=1765831351707&retryCount=41&retryReason=None&request_guid=40445a4f-9057-407b-9913-6d43aa659a09
[2025-12-15T20:48:03.203+0000] {connectionpool.py:824} WARNING - Retrying (Retry(total=0, connect=None, read=None, redirect=None, status=None)) after connection broken by 'NewConnectionError('<snowflake.connector.vendored.urllib3.connection.HTTPSConnection object at 0x726825bfdee0>: Failed to establish a new connection: [Errno -2] Name or service not known')': /queries/v1/query-request?requestId=578cbd53-c29e-4d26-9dc0-f2270349e0d5&clientStartTime=1765831351707&retryCount=42&retryReason=None&request_guid=02659786-41e3-4536-bf31-055346b6c3c7
[2025-12-15T20:48:16.216+0000] {connectionpool.py:824} WARNING - Retrying (Retry(total=0, connect=None, read=None, redirect=None, status=None)) after connection broken by 'NewConnectionError('<snowflake.connector.vendored.urllib3.connection.HTTPSConnection object at 0x726825a49250>: Failed to establish a new connection: [Errno -2] Name or service not known')': /queries/v1/query-request?requestId=578cbd53-c29e-4d26-9dc0-f2270349e0d5&clientStartTime=1765831351707&retryCount=43&retryReason=None&request_guid=c58e742e-059c-4831-8a1d-b6b175a99e01
[2025-12-15T20:48:16.230+0000] {connectionpool.py:824} WARNING - Retrying (Retry(total=0, connect=None, read=None, redirect=None, status=None)) after connection broken by 'NewConnectionError('<snowflake.connector.vendored.urllib3.connection.HTTPSConnection object at 0x726825bb6f60>: Failed to establish a new connection: [Errno -2] Name or service not known')': /queries/v1/query-request?requestId=578cbd53-c29e-4d26-9dc0-f2270349e0d5&clientStartTime=1765831351707&retryCount=44&retryReason=None&request_guid=41404a87-48f3-4719-884c-baa6de805725
[2025-12-15T20:48:17.245+0000] {connectionpool.py:824} WARNING - Retrying (Retry(total=0, connect=None, read=None, redirect=None, status=None)) after connection broken by 'NewConnectionError('<snowflake.connector.vendored.urllib3.connection.HTTPSConnection object at 0x726825bebe30>: Failed to establish a new connection: [Errno -2] Name or service not known')': /queries/v1/query-request?requestId=578cbd53-c29e-4d26-9dc0-f2270349e0d5&clientStartTime=1765831351707&retryCount=45&retryReason=None&request_guid=759068c5-0990-4fe0-9188-18c561a1aec0
[2025-12-15T20:48:24.287+0000] {connectionpool.py:824} WARNING - Retrying (Retry(total=0, connect=None, read=None, redirect=None, status=None)) after connection broken by 'NewConnectionError('<snowflake.connector.vendored.urllib3.connection.HTTPSConnection object at 0x726825be90d0>: Failed to establish a new connection: [Errno -2] Name or service not known')': /queries/v1/query-request?requestId=578cbd53-c29e-4d26-9dc0-f2270349e0d5&clientStartTime=1765831351707&retryCount=46&retryReason=None&request_guid=4c017b25-4875-4d5d-9a52-85ec048561f3
[2025-12-15T20:48:38.304+0000] {connectionpool.py:824} WARNING - Retrying (Retry(total=0, connect=None, read=None, redirect=None, status=None)) after connection broken by 'NewConnectionError('<snowflake.connector.vendored.urllib3.connection.HTTPSConnection object at 0x726825a59e80>: Failed to establish a new connection: [Errno -2] Name or service not known')': /queries/v1/query-request?requestId=578cbd53-c29e-4d26-9dc0-f2270349e0d5&clientStartTime=1765831351707&retryCount=47&retryReason=None&request_guid=acd2fe6e-4f74-467d-a58a-884f3373ed4a
[2025-12-15T20:48:39.319+0000] {connectionpool.py:824} WARNING - Retrying (Retry(total=0, connect=None, read=None, redirect=None, status=None)) after connection broken by 'NewConnectionError('<snowflake.connector.vendored.urllib3.connection.HTTPSConnection object at 0x726825a5bbc0>: Failed to establish a new connection: [Errno -2] Name or service not known')': /queries/v1/query-request?requestId=578cbd53-c29e-4d26-9dc0-f2270349e0d5&clientStartTime=1765831351707&retryCount=48&retryReason=None&request_guid=750c1764-09ff-44ae-aabf-4ee3634e36aa
[2025-12-15T20:48:45.337+0000] {connectionpool.py:824} WARNING - Retrying (Retry(total=0, connect=None, read=None, redirect=None, status=None)) after connection broken by 'NewConnectionError('<snowflake.connector.vendored.urllib3.connection.HTTPSConnection object at 0x726825be9100>: Failed to establish a new connection: [Errno -2] Name or service not known')': /queries/v1/query-request?requestId=578cbd53-c29e-4d26-9dc0-f2270349e0d5&clientStartTime=1765831351707&retryCount=49&retryReason=None&request_guid=fbdb4a60-0b9a-4375-a237-0f34d92a0b8a
[2025-12-15T20:48:59.355+0000] {connectionpool.py:824} WARNING - Retrying (Retry(total=0, connect=None, read=None, redirect=None, status=None)) after connection broken by 'NewConnectionError('<snowflake.connector.vendored.urllib3.connection.HTTPSConnection object at 0x726825bebce0>: Failed to establish a new connection: [Errno -2] Name or service not known')': /queries/v1/query-request?requestId=578cbd53-c29e-4d26-9dc0-f2270349e0d5&clientStartTime=1765831351707&retryCount=50&retryReason=None&request_guid=e3598658-5b90-4705-bed6-15b22bab1cf5
[2025-12-15T20:49:15.362+0000] {connectionpool.py:824} WARNING - Retrying (Retry(total=0, connect=None, read=None, redirect=None, status=None)) after connection broken by 'NewConnectionError('<snowflake.connector.vendored.urllib3.connection.HTTPSConnection object at 0x726825a48ef0>: Failed to establish a new connection: [Errno -2] Name or service not known')': /queries/v1/query-request?requestId=578cbd53-c29e-4d26-9dc0-f2270349e0d5&clientStartTime=1765831351707&retryCount=51&retryReason=None&request_guid=4511241f-f804-4eeb-8de7-3087c7f0540b
[2025-12-15T20:49:25.387+0000] {connectionpool.py:824} WARNING - Retrying (Retry(total=0, connect=None, read=None, redirect=None, status=None)) after connection broken by 'NewConnectionError('<snowflake.connector.vendored.urllib3.connection.HTTPSConnection object at 0x726825a48aa0>: Failed to establish a new connection: [Errno -2] Name or service not known')': /queries/v1/query-request?requestId=578cbd53-c29e-4d26-9dc0-f2270349e0d5&clientStartTime=1765831351707&retryCount=52&retryReason=None&request_guid=3cdb93cc-b5e6-4aee-8a04-8ca791e50191
[2025-12-15T20:49:35.398+0000] {connectionpool.py:824} WARNING - Retrying (Retry(total=0, connect=None, read=None, redirect=None, status=None)) after connection broken by 'NewConnectionError('<snowflake.connector.vendored.urllib3.connection.HTTPSConnection object at 0x726825a5bbc0>: Failed to establish a new connection: [Errno -2] Name or service not known')': /queries/v1/query-request?requestId=578cbd53-c29e-4d26-9dc0-f2270349e0d5&clientStartTime=1765831351707&retryCount=53&retryReason=None&request_guid=dc2919f5-8acc-4ba3-9156-ea1db927ac11
[2025-12-15T20:49:35.409+0000] {connectionpool.py:824} WARNING - Retrying (Retry(total=0, connect=None, read=None, redirect=None, status=None)) after connection broken by 'NewConnectionError('<snowflake.connector.vendored.urllib3.connection.HTTPSConnection object at 0x726825a59700>: Failed to establish a new connection: [Errno -2] Name or service not known')': /queries/v1/query-request?requestId=578cbd53-c29e-4d26-9dc0-f2270349e0d5&clientStartTime=1765831351707&retryCount=54&retryReason=None&request_guid=4893620d-0d4a-4b60-b7bb-e4909197f926
[2025-12-15T20:49:38.430+0000] {connectionpool.py:824} WARNING - Retrying (Retry(total=0, connect=None, read=None, redirect=None, status=None)) after connection broken by 'NewConnectionError('<snowflake.connector.vendored.urllib3.connection.HTTPSConnection object at 0x726825a5aba0>: Failed to establish a new connection: [Errno -2] Name or service not known')': /queries/v1/query-request?requestId=578cbd53-c29e-4d26-9dc0-f2270349e0d5&clientStartTime=1765831351707&retryCount=55&retryReason=None&request_guid=5dd2f170-f37a-4421-a1ea-87f6cf49695f
[2025-12-15T20:49:38.452+0000] {connectionpool.py:824} WARNING - Retrying (Retry(total=0, connect=None, read=None, redirect=None, status=None)) after connection broken by 'NewConnectionError('<snowflake.connector.vendored.urllib3.connection.HTTPSConnection object at 0x726825a4b470>: Failed to establish a new connection: [Errno -2] Name or service not known')': /queries/v1/query-request?requestId=578cbd53-c29e-4d26-9dc0-f2270349e0d5&clientStartTime=1765831351707&retryCount=56&retryReason=None&request_guid=3537add5-d632-4074-90d4-883fe813d5e0
[2025-12-15T20:49:51.478+0000] {connectionpool.py:824} WARNING - Retrying (Retry(total=0, connect=None, read=None, redirect=None, status=None)) after connection broken by 'NewConnectionError('<snowflake.connector.vendored.urllib3.connection.HTTPSConnection object at 0x72683efb6810>: Failed to establish a new connection: [Errno -2] Name or service not known')': /queries/v1/query-request?requestId=578cbd53-c29e-4d26-9dc0-f2270349e0d5&clientStartTime=1765831351707&retryCount=57&retryReason=None&request_guid=81b22df6-529d-466a-81ae-f1dc85c8c31a
[2025-12-15T20:49:54.512+0000] {connectionpool.py:824} WARNING - Retrying (Retry(total=0, connect=None, read=None, redirect=None, status=None)) after connection broken by 'NewConnectionError('<snowflake.connector.vendored.urllib3.connection.HTTPSConnection object at 0x726825beb0e0>: Failed to establish a new connection: [Errno -2] Name or service not known')': /queries/v1/query-request?requestId=578cbd53-c29e-4d26-9dc0-f2270349e0d5&clientStartTime=1765831351707&retryCount=58&retryReason=None&request_guid=d6fdb675-0d5b-4128-bb54-0ca72f3e47f3
[2025-12-15T20:50:08.524+0000] {connectionpool.py:824} WARNING - Retrying (Retry(total=0, connect=None, read=None, redirect=None, status=None)) after connection broken by 'NewConnectionError('<snowflake.connector.vendored.urllib3.connection.HTTPSConnection object at 0x726825a5afc0>: Failed to establish a new connection: [Errno -2] Name or service not known')': /queries/v1/query-request?requestId=578cbd53-c29e-4d26-9dc0-f2270349e0d5&clientStartTime=1765831351707&retryCount=59&retryReason=None&request_guid=dc41587e-4485-4cae-b862-8a255075f31e
[2025-12-15T20:50:08.550+0000] {connectionpool.py:824} WARNING - Retrying (Retry(total=0, connect=None, read=None, redirect=None, status=None)) after connection broken by 'NewConnectionError('<snowflake.connector.vendored.urllib3.connection.HTTPSConnection object at 0x726825a5ac00>: Failed to establish a new connection: [Errno -2] Name or service not known')': /queries/v1/query-request?requestId=578cbd53-c29e-4d26-9dc0-f2270349e0d5&clientStartTime=1765831351707&retryCount=60&retryReason=None&request_guid=c7c660ec-aae1-4407-a152-e406ba5ea8af
[2025-12-15T20:50:21.592+0000] {connectionpool.py:824} WARNING - Retrying (Retry(total=0, connect=None, read=None, redirect=None, status=None)) after connection broken by 'NewConnectionError('<snowflake.connector.vendored.urllib3.connection.HTTPSConnection object at 0x726825a5b080>: Failed to establish a new connection: [Errno -2] Name or service not known')': /queries/v1/query-request?requestId=578cbd53-c29e-4d26-9dc0-f2270349e0d5&clientStartTime=1765831351707&retryCount=61&retryReason=None&request_guid=27008af3-938e-4c8c-a479-190f4253162c
[2025-12-15T20:50:37.629+0000] {connectionpool.py:824} WARNING - Retrying (Retry(total=0, connect=None, read=None, redirect=None, status=None)) after connection broken by 'NewConnectionError('<snowflake.connector.vendored.urllib3.connection.HTTPSConnection object at 0x726825bfcb90>: Failed to establish a new connection: [Errno -2] Name or service not known')': /queries/v1/query-request?requestId=578cbd53-c29e-4d26-9dc0-f2270349e0d5&clientStartTime=1765831351707&retryCount=62&retryReason=None&request_guid=5ad48a4a-ff2a-43e0-afc2-527594bd0a1d
[2025-12-15T20:50:51.673+0000] {connectionpool.py:824} WARNING - Retrying (Retry(total=0, connect=None, read=None, redirect=None, status=None)) after connection broken by 'NewConnectionError('<snowflake.connector.vendored.urllib3.connection.HTTPSConnection object at 0x726825a5a1b0>: Failed to establish a new connection: [Errno -2] Name or service not known')': /queries/v1/query-request?requestId=578cbd53-c29e-4d26-9dc0-f2270349e0d5&clientStartTime=1765831351707&retryCount=63&retryReason=None&request_guid=cc9b51f9-bd1e-4281-9975-0c0cfbf0be47
[2025-12-15T20:50:53.695+0000] {connectionpool.py:824} WARNING - Retrying (Retry(total=0, connect=None, read=None, redirect=None, status=None)) after connection broken by 'NewConnectionError('<snowflake.connector.vendored.urllib3.connection.HTTPSConnection object at 0x726825a599d0>: Failed to establish a new connection: [Errno -2] Name or service not known')': /queries/v1/query-request?requestId=578cbd53-c29e-4d26-9dc0-f2270349e0d5&clientStartTime=1765831351707&retryCount=64&retryReason=None&request_guid=8667e0bb-666f-4c9c-a383-8d0132a2e45d
[2025-12-15T20:51:01.764+0000] {connectionpool.py:824} WARNING - Retrying (Retry(total=0, connect=None, read=None, redirect=None, status=None)) after connection broken by 'NewConnectionError('<snowflake.connector.vendored.urllib3.connection.HTTPSConnection object at 0x726825be8aa0>: Failed to establish a new connection: [Errno -2] Name or service not known')': /queries/v1/query-request?requestId=578cbd53-c29e-4d26-9dc0-f2270349e0d5&clientStartTime=1765831351707&retryCount=65&retryReason=None&request_guid=a289b585-9f86-4609-85dc-82321a7c1432
[2025-12-15T20:51:02.777+0000] {connectionpool.py:824} WARNING - Retrying (Retry(total=0, connect=None, read=None, redirect=None, status=None)) after connection broken by 'NewConnectionError('<snowflake.connector.vendored.urllib3.connection.HTTPSConnection object at 0x726825dff3e0>: Failed to establish a new connection: [Errno -2] Name or service not known')': /queries/v1/query-request?requestId=578cbd53-c29e-4d26-9dc0-f2270349e0d5&clientStartTime=1765831351707&retryCount=66&retryReason=None&request_guid=e3fc7dfb-b741-459d-a48a-f50b669d44cf
[2025-12-15T20:51:07.811+0000] {connectionpool.py:824} WARNING - Retrying (Retry(total=0, connect=None, read=None, redirect=None, status=None)) after connection broken by 'NewConnectionError('<snowflake.connector.vendored.urllib3.connection.HTTPSConnection object at 0x726825a48fe0>: Failed to establish a new connection: [Errno -2] Name or service not known')': /queries/v1/query-request?requestId=578cbd53-c29e-4d26-9dc0-f2270349e0d5&clientStartTime=1765831351707&retryCount=67&retryReason=None&request_guid=3ba0a807-2a40-4ec2-8a1f-9c706277ae28
[2025-12-15T20:51:09.834+0000] {connectionpool.py:824} WARNING - Retrying (Retry(total=0, connect=None, read=None, redirect=None, status=None)) after connection broken by 'NewConnectionError('<snowflake.connector.vendored.urllib3.connection.HTTPSConnection object at 0x726825bfe0c0>: Failed to establish a new connection: [Errno -2] Name or service not known')': /queries/v1/query-request?requestId=578cbd53-c29e-4d26-9dc0-f2270349e0d5&clientStartTime=1765831351707&retryCount=68&retryReason=None&request_guid=71f3302d-b179-4700-9026-e72a3dc30a39
[2025-12-15T20:51:17.862+0000] {connectionpool.py:824} WARNING - Retrying (Retry(total=0, connect=None, read=None, redirect=None, status=None)) after connection broken by 'NewConnectionError('<snowflake.connector.vendored.urllib3.connection.HTTPSConnection object at 0x726825bfdbb0>: Failed to establish a new connection: [Errno -2] Name or service not known')': /queries/v1/query-request?requestId=578cbd53-c29e-4d26-9dc0-f2270349e0d5&clientStartTime=1765831351707&retryCount=69&retryReason=None&request_guid=b51af25a-cd34-4c4f-92f1-b4f392700811
[2025-12-15T20:51:19.900+0000] {connectionpool.py:824} WARNING - Retrying (Retry(total=0, connect=None, read=None, redirect=None, status=None)) after connection broken by 'NewConnectionError('<snowflake.connector.vendored.urllib3.connection.HTTPSConnection object at 0x726825a48b60>: Failed to establish a new connection: [Errno -2] Name or service not known')': /queries/v1/query-request?requestId=578cbd53-c29e-4d26-9dc0-f2270349e0d5&clientStartTime=1765831351707&retryCount=70&retryReason=None&request_guid=57812545-a20e-4408-8082-6948bfdbe9de
[2025-12-15T20:51:30.939+0000] {connectionpool.py:824} WARNING - Retrying (Retry(total=0, connect=None, read=None, redirect=None, status=None)) after connection broken by 'NewConnectionError('<snowflake.connector.vendored.urllib3.connection.HTTPSConnection object at 0x726825bb7590>: Failed to establish a new connection: [Errno -2] Name or service not known')': /queries/v1/query-request?requestId=578cbd53-c29e-4d26-9dc0-f2270349e0d5&clientStartTime=1765831351707&retryCount=71&retryReason=None&request_guid=6f5804f3-8f6d-48f4-96f3-179720f724ab
[2025-12-15T20:51:40.962+0000] {connectionpool.py:824} WARNING - Retrying (Retry(total=0, connect=None, read=None, redirect=None, status=None)) after connection broken by 'NewConnectionError('<snowflake.connector.vendored.urllib3.connection.HTTPSConnection object at 0x726825be93a0>: Failed to establish a new connection: [Errno -2] Name or service not known')': /queries/v1/query-request?requestId=578cbd53-c29e-4d26-9dc0-f2270349e0d5&clientStartTime=1765831351707&retryCount=72&retryReason=None&request_guid=ac583ba0-6a17-4331-9ed4-be56ea19fffb
[2025-12-15T20:51:42.983+0000] {connectionpool.py:824} WARNING - Retrying (Retry(total=0, connect=None, read=None, redirect=None, status=None)) after connection broken by 'NewConnectionError('<snowflake.connector.vendored.urllib3.connection.HTTPSConnection object at 0x726825a5bf50>: Failed to establish a new connection: [Errno -2] Name or service not known')': /queries/v1/query-request?requestId=578cbd53-c29e-4d26-9dc0-f2270349e0d5&clientStartTime=1765831351707&retryCount=73&retryReason=None&request_guid=c96fe96d-bc5a-4864-83a9-72a92ee3f85e
[2025-12-15T20:51:46.014+0000] {connectionpool.py:824} WARNING - Retrying (Retry(total=0, connect=None, read=None, redirect=None, status=None)) after connection broken by 'NewConnectionError('<snowflake.connector.vendored.urllib3.connection.HTTPSConnection object at 0x726825a59f70>: Failed to establish a new connection: [Errno -2] Name or service not known')': /queries/v1/query-request?requestId=578cbd53-c29e-4d26-9dc0-f2270349e0d5&clientStartTime=1765831351707&retryCount=74&retryReason=None&request_guid=62a503c7-50e4-4eff-94c5-ff0c5cf30b1d
[2025-12-15T20:51:58.051+0000] {connectionpool.py:824} WARNING - Retrying (Retry(total=0, connect=None, read=None, redirect=None, status=None)) after connection broken by 'NewConnectionError('<snowflake.connector.vendored.urllib3.connection.HTTPSConnection object at 0x726825bdbe30>: Failed to establish a new connection: [Errno -2] Name or service not known')': /queries/v1/query-request?requestId=578cbd53-c29e-4d26-9dc0-f2270349e0d5&clientStartTime=1765831351707&retryCount=75&retryReason=None&request_guid=dcc5e4f1-50aa-4ee1-87bf-f78aba8c2df9
[2025-12-15T20:52:07.073+0000] {connectionpool.py:824} WARNING - Retrying (Retry(total=0, connect=None, read=None, redirect=None, status=None)) after connection broken by 'NewConnectionError('<snowflake.connector.vendored.urllib3.connection.HTTPSConnection object at 0x726825be9370>: Failed to establish a new connection: [Errno -2] Name or service not known')': /queries/v1/query-request?requestId=578cbd53-c29e-4d26-9dc0-f2270349e0d5&clientStartTime=1765831351707&retryCount=76&retryReason=None&request_guid=c9a32ea1-3d3b-44c5-8a9a-e51d82b47e77
[2025-12-15T20:52:15.120+0000] {connectionpool.py:824} WARNING - Retrying (Retry(total=0, connect=None, read=None, redirect=None, status=None)) after connection broken by 'NewConnectionError('<snowflake.connector.vendored.urllib3.connection.HTTPSConnection object at 0x726825a24ad0>: Failed to establish a new connection: [Errno -2] Name or service not known')': /queries/v1/query-request?requestId=578cbd53-c29e-4d26-9dc0-f2270349e0d5&clientStartTime=1765831351707&retryCount=77&retryReason=None&request_guid=95075486-2a38-43e4-802f-f6ea72c1ef8b
[2025-12-15T20:52:30.192+0000] {connectionpool.py:824} WARNING - Retrying (Retry(total=0, connect=None, read=None, redirect=None, status=None)) after connection broken by 'NewConnectionError('<snowflake.connector.vendored.urllib3.connection.HTTPSConnection object at 0x726825a48b60>: Failed to establish a new connection: [Errno -2] Name or service not known')': /queries/v1/query-request?requestId=578cbd53-c29e-4d26-9dc0-f2270349e0d5&clientStartTime=1765831351707&retryCount=78&retryReason=None&request_guid=dc24c91b-6d68-48c7-be6a-9c2ca1437339
[2025-12-15T20:52:38.216+0000] {connectionpool.py:824} WARNING - Retrying (Retry(total=0, connect=None, read=None, redirect=None, status=None)) after connection broken by 'NewConnectionError('<snowflake.connector.vendored.urllib3.connection.HTTPSConnection object at 0x726825a59f70>: Failed to establish a new connection: [Errno -2] Name or service not known')': /queries/v1/query-request?requestId=578cbd53-c29e-4d26-9dc0-f2270349e0d5&clientStartTime=1765831351707&retryCount=79&retryReason=None&request_guid=a5c3fd41-6494-4c74-a65f-72d435158dd9
[2025-12-15T20:52:52.264+0000] {connectionpool.py:824} WARNING - Retrying (Retry(total=0, connect=None, read=None, redirect=None, status=None)) after connection broken by 'NewConnectionError('<snowflake.connector.vendored.urllib3.connection.HTTPSConnection object at 0x726825a5bd70>: Failed to establish a new connection: [Errno -2] Name or service not known')': /queries/v1/query-request?requestId=578cbd53-c29e-4d26-9dc0-f2270349e0d5&clientStartTime=1765831351707&retryCount=80&retryReason=None&request_guid=2209f56c-7772-4212-af04-28f280cb1812
[2025-12-15T20:53:07.278+0000] {connectionpool.py:824} WARNING - Retrying (Retry(total=0, connect=None, read=None, redirect=None, status=None)) after connection broken by 'NewConnectionError('<snowflake.connector.vendored.urllib3.connection.HTTPSConnection object at 0x726825bfc230>: Failed to establish a new connection: [Errno -2] Name or service not known')': /queries/v1/query-request?requestId=578cbd53-c29e-4d26-9dc0-f2270349e0d5&clientStartTime=1765831351707&retryCount=81&retryReason=None&request_guid=266e60cb-25ee-43b5-ac72-af910e1ccd45
[2025-12-15T20:53:08.298+0000] {connectionpool.py:824} WARNING - Retrying (Retry(total=0, connect=None, read=None, redirect=None, status=None)) after connection broken by 'NewConnectionError('<snowflake.connector.vendored.urllib3.connection.HTTPSConnection object at 0x726825bdae40>: Failed to establish a new connection: [Errno -2] Name or service not known')': /queries/v1/query-request?requestId=578cbd53-c29e-4d26-9dc0-f2270349e0d5&clientStartTime=1765831351707&retryCount=82&retryReason=None&request_guid=b63cc8c6-5b6b-40df-85fe-52d692ddbc8d
[2025-12-15T20:53:08.323+0000] {connectionpool.py:824} WARNING - Retrying (Retry(total=0, connect=None, read=None, redirect=None, status=None)) after connection broken by 'NewConnectionError('<snowflake.connector.vendored.urllib3.connection.HTTPSConnection object at 0x726825bfcc80>: Failed to establish a new connection: [Errno -2] Name or service not known')': /queries/v1/query-request?requestId=578cbd53-c29e-4d26-9dc0-f2270349e0d5&clientStartTime=1765831351707&retryCount=83&retryReason=None&request_guid=f37c2bb9-18fd-474c-8f0c-330d733d2328
[2025-12-15T20:53:16.354+0000] {connectionpool.py:824} WARNING - Retrying (Retry(total=0, connect=None, read=None, redirect=None, status=None)) after connection broken by 'NewConnectionError('<snowflake.connector.vendored.urllib3.connection.HTTPSConnection object at 0x726825bfc770>: Failed to establish a new connection: [Errno -2] Name or service not known')': /queries/v1/query-request?requestId=578cbd53-c29e-4d26-9dc0-f2270349e0d5&clientStartTime=1765831351707&retryCount=84&retryReason=None&request_guid=9011fb25-fe1b-43b0-919c-6f67a28f7791
[2025-12-15T20:53:31.389+0000] {connectionpool.py:824} WARNING - Retrying (Retry(total=0, connect=None, read=None, redirect=None, status=None)) after connection broken by 'NewConnectionError('<snowflake.connector.vendored.urllib3.connection.HTTPSConnection object at 0x726825a5bf50>: Failed to establish a new connection: [Errno -2] Name or service not known')': /queries/v1/query-request?requestId=578cbd53-c29e-4d26-9dc0-f2270349e0d5&clientStartTime=1765831351707&retryCount=85&retryReason=None&request_guid=b5e9c8c4-bb64-494d-9b39-c5341efa3342
[2025-12-15T20:53:35.439+0000] {connectionpool.py:824} WARNING - Retrying (Retry(total=0, connect=None, read=None, redirect=None, status=None)) after connection broken by 'NewConnectionError('<snowflake.connector.vendored.urllib3.connection.HTTPSConnection object at 0x726825a5a270>: Failed to establish a new connection: [Errno -2] Name or service not known')': /queries/v1/query-request?requestId=578cbd53-c29e-4d26-9dc0-f2270349e0d5&clientStartTime=1765831351707&retryCount=86&retryReason=None&request_guid=c6fd1bae-75f9-4325-8b43-6f73fa377183
[2025-12-15T20:53:48.476+0000] {connectionpool.py:824} WARNING - Retrying (Retry(total=0, connect=None, read=None, redirect=None, status=None)) after connection broken by 'NewConnectionError('<snowflake.connector.vendored.urllib3.connection.HTTPSConnection object at 0x726825be8b00>: Failed to establish a new connection: [Errno -2] Name or service not known')': /queries/v1/query-request?requestId=578cbd53-c29e-4d26-9dc0-f2270349e0d5&clientStartTime=1765831351707&retryCount=87&retryReason=None&request_guid=a8c0b13d-4178-4e3c-af62-b60def3b9f46
[2025-12-15T20:53:53.517+0000] {connectionpool.py:824} WARNING - Retrying (Retry(total=0, connect=None, read=None, redirect=None, status=None)) after connection broken by 'NewConnectionError('<snowflake.connector.vendored.urllib3.connection.HTTPSConnection object at 0x726825bea690>: Failed to establish a new connection: [Errno -2] Name or service not known')': /queries/v1/query-request?requestId=578cbd53-c29e-4d26-9dc0-f2270349e0d5&clientStartTime=1765831351707&retryCount=88&retryReason=None&request_guid=b513678f-3c28-4c89-a7c2-f210b20179cb
[2025-12-15T20:54:04.631+0000] {connectionpool.py:824} WARNING - Retrying (Retry(total=0, connect=None, read=None, redirect=None, status=None)) after connection broken by 'NewConnectionError('<snowflake.connector.vendored.urllib3.connection.HTTPSConnection object at 0x726825bd9370>: Failed to establish a new connection: [Errno -2] Name or service not known')': /queries/v1/query-request?requestId=578cbd53-c29e-4d26-9dc0-f2270349e0d5&clientStartTime=1765831351707&retryCount=89&retryReason=None&request_guid=a90e60d2-e272-40d0-84e5-4c2f65dfc5ce
[2025-12-15T20:54:20.697+0000] {connectionpool.py:824} WARNING - Retrying (Retry(total=0, connect=None, read=None, redirect=None, status=None)) after connection broken by 'NewConnectionError('<snowflake.connector.vendored.urllib3.connection.HTTPSConnection object at 0x726825bebe30>: Failed to establish a new connection: [Errno -2] Name or service not known')': /queries/v1/query-request?requestId=578cbd53-c29e-4d26-9dc0-f2270349e0d5&clientStartTime=1765831351707&retryCount=90&retryReason=None&request_guid=17266c3c-1f81-4e6b-9505-a639b0daecc0
[2025-12-15T20:54:30.735+0000] {connectionpool.py:824} WARNING - Retrying (Retry(total=0, connect=None, read=None, redirect=None, status=None)) after connection broken by 'NewConnectionError('<snowflake.connector.vendored.urllib3.connection.HTTPSConnection object at 0x726825a5be00>: Failed to establish a new connection: [Errno -2] Name or service not known')': /queries/v1/query-request?requestId=578cbd53-c29e-4d26-9dc0-f2270349e0d5&clientStartTime=1765831351707&retryCount=91&retryReason=None&request_guid=38deaaf5-89bb-484b-8ee9-a4ea66ea1de2
[2025-12-15T20:54:32.743+0000] {connectionpool.py:824} WARNING - Retrying (Retry(total=0, connect=None, read=None, redirect=None, status=None)) after connection broken by 'NewConnectionError('<snowflake.connector.vendored.urllib3.connection.HTTPSConnection object at 0x726825a59820>: Failed to establish a new connection: [Errno -2] Name or service not known')': /queries/v1/query-request?requestId=578cbd53-c29e-4d26-9dc0-f2270349e0d5&clientStartTime=1765831351707&retryCount=92&retryReason=None&request_guid=930cd9ec-eb4b-452d-8f8b-766fbf7f5190
[2025-12-15T20:54:37.816+0000] {connectionpool.py:824} WARNING - Retrying (Retry(total=0, connect=None, read=None, redirect=None, status=None)) after connection broken by 'NewConnectionError('<snowflake.connector.vendored.urllib3.connection.HTTPSConnection object at 0x726825a49190>: Failed to establish a new connection: [Errno -2] Name or service not known')': /queries/v1/query-request?requestId=578cbd53-c29e-4d26-9dc0-f2270349e0d5&clientStartTime=1765831351707&retryCount=93&retryReason=None&request_guid=9cf96dce-0dc5-44ac-85c1-e37b30d7924b
[2025-12-15T20:54:53.851+0000] {connectionpool.py:824} WARNING - Retrying (Retry(total=0, connect=None, read=None, redirect=None, status=None)) after connection broken by 'NewConnectionError('<snowflake.connector.vendored.urllib3.connection.HTTPSConnection object at 0x726825bfc140>: Failed to establish a new connection: [Errno -2] Name or service not known')': /queries/v1/query-request?requestId=578cbd53-c29e-4d26-9dc0-f2270349e0d5&clientStartTime=1765831351707&retryCount=94&retryReason=None&request_guid=2d568b67-2d1a-437d-aec2-9cb42dcc7b1e
[2025-12-15T20:55:02.908+0000] {connectionpool.py:824} WARNING - Retrying (Retry(total=0, connect=None, read=None, redirect=None, status=None)) after connection broken by 'NewConnectionError('<snowflake.connector.vendored.urllib3.connection.HTTPSConnection object at 0x726825bd8620>: Failed to establish a new connection: [Errno -2] Name or service not known')': /queries/v1/query-request?requestId=578cbd53-c29e-4d26-9dc0-f2270349e0d5&clientStartTime=1765831351707&retryCount=95&retryReason=None&request_guid=6fcc377d-e5a0-4337-844d-de05584ba6e3
[2025-12-15T20:55:02.975+0000] {connectionpool.py:824} WARNING - Retrying (Retry(total=0, connect=None, read=None, redirect=None, status=None)) after connection broken by 'NewConnectionError('<snowflake.connector.vendored.urllib3.connection.HTTPSConnection object at 0x726825bfc290>: Failed to establish a new connection: [Errno -2] Name or service not known')': /queries/v1/query-request?requestId=578cbd53-c29e-4d26-9dc0-f2270349e0d5&clientStartTime=1765831351707&retryCount=96&retryReason=None&request_guid=a0fc62d3-8fc9-4918-9816-d8aee3e35b06
[2025-12-15T20:55:14.014+0000] {connectionpool.py:824} WARNING - Retrying (Retry(total=0, connect=None, read=None, redirect=None, status=None)) after connection broken by 'NewConnectionError('<snowflake.connector.vendored.urllib3.connection.HTTPSConnection object at 0x726825a24b00>: Failed to establish a new connection: [Errno -2] Name or service not known')': /queries/v1/query-request?requestId=578cbd53-c29e-4d26-9dc0-f2270349e0d5&clientStartTime=1765831351707&retryCount=97&retryReason=None&request_guid=d7c2e2ba-8728-44d4-aa30-9e24d2bf2077
[2025-12-15T20:55:17.069+0000] {connectionpool.py:824} WARNING - Retrying (Retry(total=0, connect=None, read=None, redirect=None, status=None)) after connection broken by 'NewConnectionError('<snowflake.connector.vendored.urllib3.connection.HTTPSConnection object at 0x726825a59fa0>: Failed to establish a new connection: [Errno -2] Name or service not known')': /queries/v1/query-request?requestId=578cbd53-c29e-4d26-9dc0-f2270349e0d5&clientStartTime=1765831351707&retryCount=98&retryReason=None&request_guid=8761f59f-5643-4fb6-9f21-a15fa7d8a851
[2025-12-15T20:55:30.116+0000] {connectionpool.py:824} WARNING - Retrying (Retry(total=0, connect=None, read=None, redirect=None, status=None)) after connection broken by 'NewConnectionError('<snowflake.connector.vendored.urllib3.connection.HTTPSConnection object at 0x726825be9ee0>: Failed to establish a new connection: [Errno -2] Name or service not known')': /queries/v1/query-request?requestId=578cbd53-c29e-4d26-9dc0-f2270349e0d5&clientStartTime=1765831351707&retryCount=99&retryReason=None&request_guid=ce57f6c4-6a7c-48cb-8cf6-80a67ccbc7ad
[2025-12-15T20:55:45.139+0000] {connectionpool.py:824} WARNING - Retrying (Retry(total=0, connect=None, read=None, redirect=None, status=None)) after connection broken by 'NewConnectionError('<snowflake.connector.vendored.urllib3.connection.HTTPSConnection object at 0x726825bebe30>: Failed to establish a new connection: [Errno -2] Name or service not known')': /queries/v1/query-request?requestId=578cbd53-c29e-4d26-9dc0-f2270349e0d5&clientStartTime=1765831351707&retryCount=100&retryReason=None&request_guid=f192addb-f9b4-4b66-ae0d-5072e9e79bc5
[2025-12-15T20:55:58.173+0000] {connectionpool.py:824} WARNING - Retrying (Retry(total=0, connect=None, read=None, redirect=None, status=None)) after connection broken by 'NewConnectionError('<snowflake.connector.vendored.urllib3.connection.HTTPSConnection object at 0x726825bdac90>: Failed to establish a new connection: [Errno -2] Name or service not known')': /queries/v1/query-request?requestId=578cbd53-c29e-4d26-9dc0-f2270349e0d5&clientStartTime=1765831351707&retryCount=101&retryReason=None&request_guid=699d831d-ece0-44ad-9f35-cb88d42be3ea
[2025-12-15T20:56:11.188+0000] {connectionpool.py:824} WARNING - Retrying (Retry(total=0, connect=None, read=None, redirect=None, status=None)) after connection broken by 'NewConnectionError('<snowflake.connector.vendored.urllib3.connection.HTTPSConnection object at 0x726825bd98b0>: Failed to establish a new connection: [Errno -2] Name or service not known')': /queries/v1/query-request?requestId=578cbd53-c29e-4d26-9dc0-f2270349e0d5&clientStartTime=1765831351707&retryCount=102&retryReason=None&request_guid=3ec9e0c7-c51f-4332-8ddb-1434c9458970
[2025-12-15T20:56:13.217+0000] {connectionpool.py:824} WARNING - Retrying (Retry(total=0, connect=None, read=None, redirect=None, status=None)) after connection broken by 'NewConnectionError('<snowflake.connector.vendored.urllib3.connection.HTTPSConnection object at 0x726825beb500>: Failed to establish a new connection: [Errno -2] Name or service not known')': /queries/v1/query-request?requestId=578cbd53-c29e-4d26-9dc0-f2270349e0d5&clientStartTime=1765831351707&retryCount=103&retryReason=None&request_guid=31d53887-d974-42a3-b4db-e2bf3a216286
[2025-12-15T20:56:19.266+0000] {connectionpool.py:824} WARNING - Retrying (Retry(total=0, connect=None, read=None, redirect=None, status=None)) after connection broken by 'NewConnectionError('<snowflake.connector.vendored.urllib3.connection.HTTPSConnection object at 0x726825a587a0>: Failed to establish a new connection: [Errno -2] Name or service not known')': /queries/v1/query-request?requestId=578cbd53-c29e-4d26-9dc0-f2270349e0d5&clientStartTime=1765831351707&retryCount=104&retryReason=None&request_guid=500a829b-9723-4878-9cbf-edeb1620417e
[2025-12-15T20:56:23.316+0000] {connectionpool.py:824} WARNING - Retrying (Retry(total=0, connect=None, read=None, redirect=None, status=None)) after connection broken by 'NewConnectionError('<snowflake.connector.vendored.urllib3.connection.HTTPSConnection object at 0x72682592e780>: Failed to establish a new connection: [Errno -2] Name or service not known')': /queries/v1/query-request?requestId=578cbd53-c29e-4d26-9dc0-f2270349e0d5&clientStartTime=1765831351707&retryCount=105&retryReason=None&request_guid=3542af3e-6e24-4be9-a673-d469a94a7847
[2025-12-15T20:56:30.350+0000] {connectionpool.py:824} WARNING - Retrying (Retry(total=0, connect=None, read=None, redirect=None, status=None)) after connection broken by 'NewConnectionError('<snowflake.connector.vendored.urllib3.connection.HTTPSConnection object at 0x726825a4b230>: Failed to establish a new connection: [Errno -2] Name or service not known')': /queries/v1/query-request?requestId=578cbd53-c29e-4d26-9dc0-f2270349e0d5&clientStartTime=1765831351707&retryCount=106&retryReason=None&request_guid=a31a829a-ce50-4452-ae27-03ed0f0890d8
[2025-12-15T20:56:30.372+0000] {connectionpool.py:824} WARNING - Retrying (Retry(total=0, connect=None, read=None, redirect=None, status=None)) after connection broken by 'NewConnectionError('<snowflake.connector.vendored.urllib3.connection.HTTPSConnection object at 0x726825bdafc0>: Failed to establish a new connection: [Errno -2] Name or service not known')': /queries/v1/query-request?requestId=578cbd53-c29e-4d26-9dc0-f2270349e0d5&clientStartTime=1765831351707&retryCount=107&retryReason=None&request_guid=4fe7aeb0-1570-40f4-9e29-c604e8954361
[2025-12-15T20:56:40.403+0000] {connectionpool.py:824} WARNING - Retrying (Retry(total=0, connect=None, read=None, redirect=None, status=None)) after connection broken by 'NewConnectionError('<snowflake.connector.vendored.urllib3.connection.HTTPSConnection object at 0x726825bd9ac0>: Failed to establish a new connection: [Errno -2] Name or service not known')': /queries/v1/query-request?requestId=578cbd53-c29e-4d26-9dc0-f2270349e0d5&clientStartTime=1765831351707&retryCount=108&retryReason=None&request_guid=a7a9343d-e875-4916-9bbe-fdb05904d258
[2025-12-15T20:56:42.435+0000] {connectionpool.py:824} WARNING - Retrying (Retry(total=0, connect=None, read=None, redirect=None, status=None)) after connection broken by 'NewConnectionError('<snowflake.connector.vendored.urllib3.connection.HTTPSConnection object at 0x726825bda450>: Failed to establish a new connection: [Errno -2] Name or service not known')': /queries/v1/query-request?requestId=578cbd53-c29e-4d26-9dc0-f2270349e0d5&clientStartTime=1765831351707&retryCount=109&retryReason=None&request_guid=a8d4bc2f-bfcd-4397-b265-0eb6bc4aed39
[2025-12-15T20:56:58.472+0000] {connectionpool.py:824} WARNING - Retrying (Retry(total=0, connect=None, read=None, redirect=None, status=None)) after connection broken by 'NewConnectionError('<snowflake.connector.vendored.urllib3.connection.HTTPSConnection object at 0x726825a25790>: Failed to establish a new connection: [Errno -2] Name or service not known')': /queries/v1/query-request?requestId=578cbd53-c29e-4d26-9dc0-f2270349e0d5&clientStartTime=1765831351707&retryCount=110&retryReason=None&request_guid=121a0e17-c900-4eb0-8398-f18c30da2304
[2025-12-15T20:57:05.607+0000] {connectionpool.py:824} WARNING - Retrying (Retry(total=0, connect=None, read=None, redirect=None, status=None)) after connection broken by 'NewConnectionError('<snowflake.connector.vendored.urllib3.connection.HTTPSConnection object at 0x726825a5b1d0>: Failed to establish a new connection: [Errno -2] Name or service not known')': /queries/v1/query-request?requestId=578cbd53-c29e-4d26-9dc0-f2270349e0d5&clientStartTime=1765831351707&retryCount=111&retryReason=None&request_guid=20c855ef-6204-4676-adad-a373f3f44e69
[2025-12-15T20:57:08.631+0000] {connectionpool.py:824} WARNING - Retrying (Retry(total=0, connect=None, read=None, redirect=None, status=None)) after connection broken by 'NewConnectionError('<snowflake.connector.vendored.urllib3.connection.HTTPSConnection object at 0x726825bea420>: Failed to establish a new connection: [Errno -2] Name or service not known')': /queries/v1/query-request?requestId=578cbd53-c29e-4d26-9dc0-f2270349e0d5&clientStartTime=1765831351707&retryCount=112&retryReason=None&request_guid=0271e004-ba16-4710-b4d1-14fb1165a619
[2025-12-15T20:57:24.652+0000] {connectionpool.py:824} WARNING - Retrying (Retry(total=0, connect=None, read=None, redirect=None, status=None)) after connection broken by 'NewConnectionError('<snowflake.connector.vendored.urllib3.connection.HTTPSConnection object at 0x726825bd97f0>: Failed to establish a new connection: [Errno -2] Name or service not known')': /queries/v1/query-request?requestId=578cbd53-c29e-4d26-9dc0-f2270349e0d5&clientStartTime=1765831351707&retryCount=113&retryReason=None&request_guid=2de52aae-da02-44bb-bce3-b9907338e6ec
[2025-12-15T20:57:30.691+0000] {connectionpool.py:824} WARNING - Retrying (Retry(total=0, connect=None, read=None, redirect=None, status=None)) after connection broken by 'NewConnectionError('<snowflake.connector.vendored.urllib3.connection.HTTPSConnection object at 0x726825bdb950>: Failed to establish a new connection: [Errno -2] Name or service not known')': /queries/v1/query-request?requestId=578cbd53-c29e-4d26-9dc0-f2270349e0d5&clientStartTime=1765831351707&retryCount=114&retryReason=None&request_guid=fa1f2954-fe08-4ab6-b46c-139edf928d8a
[2025-12-15T20:57:35.717+0000] {connectionpool.py:824} WARNING - Retrying (Retry(total=0, connect=None, read=None, redirect=None, status=None)) after connection broken by 'NewConnectionError('<snowflake.connector.vendored.urllib3.connection.HTTPSConnection object at 0x726825bd8dd0>: Failed to establish a new connection: [Errno -2] Name or service not known')': /queries/v1/query-request?requestId=578cbd53-c29e-4d26-9dc0-f2270349e0d5&clientStartTime=1765831351707&retryCount=115&retryReason=None&request_guid=0bed65dc-0e04-4b3c-856d-f6f69c3a5822
[2025-12-15T20:57:47.746+0000] {connectionpool.py:824} WARNING - Retrying (Retry(total=0, connect=None, read=None, redirect=None, status=None)) after connection broken by 'NewConnectionError('<snowflake.connector.vendored.urllib3.connection.HTTPSConnection object at 0x726825a5a930>: Failed to establish a new connection: [Errno -2] Name or service not known')': /queries/v1/query-request?requestId=578cbd53-c29e-4d26-9dc0-f2270349e0d5&clientStartTime=1765831351707&retryCount=116&retryReason=None&request_guid=70fc2bf8-20c2-4e8e-816e-fd15f3dff505
[2025-12-15T20:57:56.776+0000] {connectionpool.py:824} WARNING - Retrying (Retry(total=0, connect=None, read=None, redirect=None, status=None)) after connection broken by 'NewConnectionError('<snowflake.connector.vendored.urllib3.connection.HTTPSConnection object at 0x726825bea120>: Failed to establish a new connection: [Errno -2] Name or service not known')': /queries/v1/query-request?requestId=578cbd53-c29e-4d26-9dc0-f2270349e0d5&clientStartTime=1765831351707&retryCount=117&retryReason=None&request_guid=9a066811-3b1c-43a8-8e1a-2d803b95d23a
[2025-12-15T20:58:04.792+0000] {connectionpool.py:824} WARNING - Retrying (Retry(total=0, connect=None, read=None, redirect=None, status=None)) after connection broken by 'NewConnectionError('<snowflake.connector.vendored.urllib3.connection.HTTPSConnection object at 0x726825be9250>: Failed to establish a new connection: [Errno -2] Name or service not known')': /queries/v1/query-request?requestId=578cbd53-c29e-4d26-9dc0-f2270349e0d5&clientStartTime=1765831351707&retryCount=118&retryReason=None&request_guid=418006c2-898a-44d7-9671-997db17082a9
[2025-12-15T20:58:19.835+0000] {connectionpool.py:824} WARNING - Retrying (Retry(total=0, connect=None, read=None, redirect=None, status=None)) after connection broken by 'NewConnectionError('<snowflake.connector.vendored.urllib3.connection.HTTPSConnection object at 0x726825bfc230>: Failed to establish a new connection: [Errno -2] Name or service not known')': /queries/v1/query-request?requestId=578cbd53-c29e-4d26-9dc0-f2270349e0d5&clientStartTime=1765831351707&retryCount=119&retryReason=None&request_guid=859041cf-5354-48b4-a85b-8a8de51d9b44
[2025-12-15T20:58:22.861+0000] {connectionpool.py:824} WARNING - Retrying (Retry(total=0, connect=None, read=None, redirect=None, status=None)) after connection broken by 'NewConnectionError('<snowflake.connector.vendored.urllib3.connection.HTTPSConnection object at 0x726825bdb410>: Failed to establish a new connection: [Errno -2] Name or service not known')': /queries/v1/query-request?requestId=578cbd53-c29e-4d26-9dc0-f2270349e0d5&clientStartTime=1765831351707&retryCount=120&retryReason=None&request_guid=b9de310e-3c98-472a-b7f6-ea74bb51048c
[2025-12-15T20:58:38.895+0000] {connectionpool.py:824} WARNING - Retrying (Retry(total=0, connect=None, read=None, redirect=None, status=None)) after connection broken by 'NewConnectionError('<snowflake.connector.vendored.urllib3.connection.HTTPSConnection object at 0x726825bda270>: Failed to establish a new connection: [Errno -2] Name or service not known')': /queries/v1/query-request?requestId=578cbd53-c29e-4d26-9dc0-f2270349e0d5&clientStartTime=1765831351707&retryCount=121&retryReason=None&request_guid=541af981-c5da-4d73-83dd-c023346b6808
[2025-12-15T20:58:51.933+0000] {connectionpool.py:824} WARNING - Retrying (Retry(total=0, connect=None, read=None, redirect=None, status=None)) after connection broken by 'NewConnectionError('<snowflake.connector.vendored.urllib3.connection.HTTPSConnection object at 0x726825bdb1a0>: Failed to establish a new connection: [Errno -2] Name or service not known')': /queries/v1/query-request?requestId=578cbd53-c29e-4d26-9dc0-f2270349e0d5&clientStartTime=1765831351707&retryCount=122&retryReason=None&request_guid=aac83577-4d11-49ef-a0c9-cb579c6ce56e
[2025-12-15T20:58:59.955+0000] {connectionpool.py:824} WARNING - Retrying (Retry(total=0, connect=None, read=None, redirect=None, status=None)) after connection broken by 'NewConnectionError('<snowflake.connector.vendored.urllib3.connection.HTTPSConnection object at 0x726825bfd9d0>: Failed to establish a new connection: [Errno -2] Name or service not known')': /queries/v1/query-request?requestId=578cbd53-c29e-4d26-9dc0-f2270349e0d5&clientStartTime=1765831351707&retryCount=123&retryReason=None&request_guid=79cdb19d-cadc-4e99-8ba4-f29c5a87707f
[2025-12-15T20:59:15.002+0000] {connectionpool.py:824} WARNING - Retrying (Retry(total=0, connect=None, read=None, redirect=None, status=None)) after connection broken by 'NewConnectionError('<snowflake.connector.vendored.urllib3.connection.HTTPSConnection object at 0x726825bebc80>: Failed to establish a new connection: [Errno -2] Name or service not known')': /queries/v1/query-request?requestId=578cbd53-c29e-4d26-9dc0-f2270349e0d5&clientStartTime=1765831351707&retryCount=124&retryReason=None&request_guid=d3367fbf-263c-445e-baeb-4feeb3d34ab5
[2025-12-15T20:59:28.065+0000] {connectionpool.py:824} WARNING - Retrying (Retry(total=0, connect=None, read=None, redirect=None, status=None)) after connection broken by 'NewConnectionError('<snowflake.connector.vendored.urllib3.connection.HTTPSConnection object at 0x726825be9d90>: Failed to establish a new connection: [Errno -2] Name or service not known')': /queries/v1/query-request?requestId=578cbd53-c29e-4d26-9dc0-f2270349e0d5&clientStartTime=1765831351707&retryCount=125&retryReason=None&request_guid=2e82bf3b-dc4c-467b-a5aa-7b36368ecd3c
[2025-12-15T20:59:40.084+0000] {connectionpool.py:824} WARNING - Retrying (Retry(total=0, connect=None, read=None, redirect=None, status=None)) after connection broken by 'NewConnectionError('<snowflake.connector.vendored.urllib3.connection.HTTPSConnection object at 0x726825a58200>: Failed to establish a new connection: [Errno -2] Name or service not known')': /queries/v1/query-request?requestId=578cbd53-c29e-4d26-9dc0-f2270349e0d5&clientStartTime=1765831351707&retryCount=126&retryReason=None&request_guid=06cbf158-b5fc-4fc0-b22a-210064bd7f5c
[2025-12-15T20:59:50.103+0000] {connectionpool.py:824} WARNING - Retrying (Retry(total=0, connect=None, read=None, redirect=None, status=None)) after connection broken by 'NewConnectionError('<snowflake.connector.vendored.urllib3.connection.HTTPSConnection object at 0x726825a5b080>: Failed to establish a new connection: [Errno -2] Name or service not known')': /queries/v1/query-request?requestId=578cbd53-c29e-4d26-9dc0-f2270349e0d5&clientStartTime=1765831351707&retryCount=127&retryReason=None&request_guid=d0ecb4df-6656-4f34-82a4-e2408409a976
[2025-12-15T20:59:53.157+0000] {connectionpool.py:824} WARNING - Retrying (Retry(total=0, connect=None, read=None, redirect=None, status=None)) after connection broken by 'NewConnectionError('<snowflake.connector.vendored.urllib3.connection.HTTPSConnection object at 0x726825a5b800>: Failed to establish a new connection: [Errno -2] Name or service not known')': /queries/v1/query-request?requestId=578cbd53-c29e-4d26-9dc0-f2270349e0d5&clientStartTime=1765831351707&retryCount=128&retryReason=None&request_guid=aac6fad1-4dbe-4005-85c0-cd9e9561b42b
[2025-12-15T21:00:01.205+0000] {connectionpool.py:824} WARNING - Retrying (Retry(total=0, connect=None, read=None, redirect=None, status=None)) after connection broken by 'NewConnectionError('<snowflake.connector.vendored.urllib3.connection.HTTPSConnection object at 0x726825bda0f0>: Failed to establish a new connection: [Errno -2] Name or service not known')': /queries/v1/query-request?requestId=578cbd53-c29e-4d26-9dc0-f2270349e0d5&clientStartTime=1765831351707&retryCount=129&retryReason=None&request_guid=ea419ba6-f551-487b-8b81-dfe3cba9ddc6
[2025-12-15T21:00:14.318+0000] {connectionpool.py:824} WARNING - Retrying (Retry(total=0, connect=None, read=None, redirect=None, status=None)) after connection broken by 'NewConnectionError('<snowflake.connector.vendored.urllib3.connection.HTTPSConnection object at 0x726825a59010>: Failed to establish a new connection: [Errno -2] Name or service not known')': /queries/v1/query-request?requestId=578cbd53-c29e-4d26-9dc0-f2270349e0d5&clientStartTime=1765831351707&retryCount=130&retryReason=None&request_guid=5dff3228-edd0-47b4-99fd-afca3f401b3f
[2025-12-15T21:00:14.563+0000] {connectionpool.py:824} WARNING - Retrying (Retry(total=0, connect=None, read=None, redirect=None, status=None)) after connection broken by 'NewConnectionError('<snowflake.connector.vendored.urllib3.connection.HTTPSConnection object at 0x726825be97c0>: Failed to establish a new connection: [Errno -2] Name or service not known')': /queries/v1/query-request?requestId=578cbd53-c29e-4d26-9dc0-f2270349e0d5&clientStartTime=1765831351707&retryCount=131&retryReason=None&request_guid=5140fc56-66bf-4e0b-962e-a391810b64ad
[2025-12-15T21:00:19.711+0000] {connectionpool.py:824} WARNING - Retrying (Retry(total=0, connect=None, read=None, redirect=None, status=None)) after connection broken by 'NewConnectionError('<snowflake.connector.vendored.urllib3.connection.HTTPSConnection object at 0x726825beaea0>: Failed to establish a new connection: [Errno -2] Name or service not known')': /queries/v1/query-request?requestId=578cbd53-c29e-4d26-9dc0-f2270349e0d5&clientStartTime=1765831351707&retryCount=132&retryReason=None&request_guid=c61c67de-f701-4b6d-9300-0b3907e6efd0
[2025-12-15T21:00:23.787+0000] {connectionpool.py:824} WARNING - Retrying (Retry(total=0, connect=None, read=None, redirect=None, status=None)) after connection broken by 'NewConnectionError('<snowflake.connector.vendored.urllib3.connection.HTTPSConnection object at 0x726825bfc380>: Failed to establish a new connection: [Errno -2] Name or service not known')': /queries/v1/query-request?requestId=578cbd53-c29e-4d26-9dc0-f2270349e0d5&clientStartTime=1765831351707&retryCount=133&retryReason=None&request_guid=961464fa-f672-4dab-9620-db133aa67254
[2025-12-15T21:00:34.821+0000] {connectionpool.py:824} WARNING - Retrying (Retry(total=0, connect=None, read=None, redirect=None, status=None)) after connection broken by 'NewConnectionError('<snowflake.connector.vendored.urllib3.connection.HTTPSConnection object at 0x726825bda090>: Failed to establish a new connection: [Errno -2] Name or service not known')': /queries/v1/query-request?requestId=578cbd53-c29e-4d26-9dc0-f2270349e0d5&clientStartTime=1765831351707&retryCount=134&retryReason=None&request_guid=e5ea4e6f-3cfd-47ee-b6f5-c829976d6bf8
[2025-12-15T21:00:37.901+0000] {connectionpool.py:824} WARNING - Retrying (Retry(total=0, connect=None, read=None, redirect=None, status=None)) after connection broken by 'NewConnectionError('<snowflake.connector.vendored.urllib3.connection.HTTPSConnection object at 0x726825bdb050>: Failed to establish a new connection: [Errno -2] Name or service not known')': /queries/v1/query-request?requestId=578cbd53-c29e-4d26-9dc0-f2270349e0d5&clientStartTime=1765831351707&retryCount=135&retryReason=None&request_guid=86e5d239-4003-4f6f-ae47-c0804cb9a15f
[2025-12-15T21:00:39.425+0000] {connectionpool.py:824} WARNING - Retrying (Retry(total=0, connect=None, read=None, redirect=None, status=None)) after connection broken by 'NewConnectionError('<snowflake.connector.vendored.urllib3.connection.HTTPSConnection object at 0x726825bfc770>: Failed to establish a new connection: [Errno -2] Name or service not known')': /queries/v1/query-request?requestId=578cbd53-c29e-4d26-9dc0-f2270349e0d5&clientStartTime=1765831351707&retryCount=136&retryReason=None&request_guid=14cfbb14-7fc8-4210-8b6c-d4c9b04956ca
[2025-12-15T21:08:52.196+0000] {local_task_job_runner.py:214} ERROR - Heartbeat time limit exceeded!
[2025-12-15T21:08:52.494+0000] {local_task_job_runner.py:222} INFO - ::endgroup::
[2025-12-15T21:08:53.281+0000] {process_utils.py:132} INFO - Sending 15 to group 69350. PIDs of all processes in the group: [69350]
[2025-12-15T21:08:53.403+0000] {process_utils.py:87} INFO - Sending the signal 15 to group 69350
[2025-12-15T21:08:53.599+0000] {taskinstance.py:2611} ERROR - Received SIGTERM. Terminating subprocesses.
[2025-12-15T21:08:53.697+0000] {taskinstance.py:441} INFO - ::group::Post task execution logs
[2025-12-15T21:08:59.377+0000] {taskinstance.py:2905} ERROR - Task failed with exception
Traceback (most recent call last):
  File "/home/airflow/.local/lib/python3.12/site-packages/snowflake/connector/vendored/urllib3/connection.py", line 174, in _new_conn
    conn = connection.create_connection(
           ^^^^^^^^^^^^^^^^^^^^^^^^^^^^^
  File "/home/airflow/.local/lib/python3.12/site-packages/snowflake/connector/vendored/urllib3/util/connection.py", line 79, in create_connection
    for res in socket.getaddrinfo(host, port, family, socket.SOCK_STREAM):
               ^^^^^^^^^^^^^^^^^^^^^^^^^^^^^^^^^^^^^^^^^^^^^^^^^^^^^^^^^^
  File "/usr/local/lib/python3.12/socket.py", line 964, in getaddrinfo
    for res in _socket.getaddrinfo(host, port, family, type, proto, flags):
               ^^^^^^^^^^^^^^^^^^^^^^^^^^^^^^^^^^^^^^^^^^^^^^^^^^^^^^^^^^^
socket.gaierror: [Errno -2] Name or service not known

During handling of the above exception, another exception occurred:

Traceback (most recent call last):
  File "/home/airflow/.local/lib/python3.12/site-packages/snowflake/connector/vendored/urllib3/connectionpool.py", line 715, in urlopen
    httplib_response = self._make_request(
                       ^^^^^^^^^^^^^^^^^^^
  File "/home/airflow/.local/lib/python3.12/site-packages/snowflake/connector/vendored/urllib3/connectionpool.py", line 404, in _make_request
    self._validate_conn(conn)
  File "/home/airflow/.local/lib/python3.12/site-packages/snowflake/connector/vendored/urllib3/connectionpool.py", line 1058, in _validate_conn
    conn.connect()
  File "/home/airflow/.local/lib/python3.12/site-packages/snowflake/connector/vendored/urllib3/connection.py", line 363, in connect
    self.sock = conn = self._new_conn()
                       ^^^^^^^^^^^^^^^^
  File "/home/airflow/.local/lib/python3.12/site-packages/snowflake/connector/vendored/urllib3/connection.py", line 186, in _new_conn
    raise NewConnectionError(
snowflake.connector.vendored.urllib3.exceptions.NewConnectionError: <snowflake.connector.vendored.urllib3.connection.HTTPSConnection object at 0x726825a4a180>: Failed to establish a new connection: [Errno -2] Name or service not known

During handling of the above exception, another exception occurred:

Traceback (most recent call last):
  File "/home/airflow/.local/lib/python3.12/site-packages/snowflake/connector/vendored/requests/adapters.py", line 486, in send
    resp = conn.urlopen(
           ^^^^^^^^^^^^^
  File "/home/airflow/.local/lib/python3.12/site-packages/snowflake/connector/vendored/urllib3/connectionpool.py", line 827, in urlopen
    return self.urlopen(
           ^^^^^^^^^^^^^
  File "/home/airflow/.local/lib/python3.12/site-packages/snowflake/connector/vendored/urllib3/connectionpool.py", line 799, in urlopen
    retries = retries.increment(
              ^^^^^^^^^^^^^^^^^^
  File "/home/airflow/.local/lib/python3.12/site-packages/snowflake/connector/vendored/urllib3/util/retry.py", line 592, in increment
    raise MaxRetryError(_pool, url, error or ResponseError(cause))
snowflake.connector.vendored.urllib3.exceptions.MaxRetryError: HTTPSConnectionPool(host='xh42336.eu-west-2.aws.snowflakecomputing.com', port=443): Max retries exceeded with url: /queries/v1/query-request?requestId=578cbd53-c29e-4d26-9dc0-f2270349e0d5&clientStartTime=1765831351707&retryCount=136&retryReason=None&request_guid=14cfbb14-7fc8-4210-8b6c-d4c9b04956ca (Caused by NewConnectionError('<snowflake.connector.vendored.urllib3.connection.HTTPSConnection object at 0x726825a4a180>: Failed to establish a new connection: [Errno -2] Name or service not known'))

During handling of the above exception, another exception occurred:

Traceback (most recent call last):
  File "/home/airflow/.local/lib/python3.12/site-packages/snowflake/connector/network.py", line 1078, in _request_exec
    raw_ret = session.request(
              ^^^^^^^^^^^^^^^^
  File "/home/airflow/.local/lib/python3.12/site-packages/snowflake/connector/vendored/requests/sessions.py", line 589, in request
    resp = self.send(prep, **send_kwargs)
           ^^^^^^^^^^^^^^^^^^^^^^^^^^^^^^
  File "/home/airflow/.local/lib/python3.12/site-packages/snowflake/connector/vendored/requests/sessions.py", line 703, in send
    r = adapter.send(request, **kwargs)
        ^^^^^^^^^^^^^^^^^^^^^^^^^^^^^^^
  File "/home/airflow/.local/lib/python3.12/site-packages/snowflake/connector/vendored/requests/adapters.py", line 519, in send
    raise ConnectionError(e, request=request)
snowflake.connector.vendored.requests.exceptions.ConnectionError: HTTPSConnectionPool(host='xh42336.eu-west-2.aws.snowflakecomputing.com', port=443): Max retries exceeded with url: /queries/v1/query-request?requestId=578cbd53-c29e-4d26-9dc0-f2270349e0d5&clientStartTime=1765831351707&retryCount=136&retryReason=None&request_guid=14cfbb14-7fc8-4210-8b6c-d4c9b04956ca (Caused by NewConnectionError('<snowflake.connector.vendored.urllib3.connection.HTTPSConnection object at 0x726825a4a180>: Failed to establish a new connection: [Errno -2] Name or service not known'))

During handling of the above exception, another exception occurred:

Traceback (most recent call last):
  File "/home/airflow/.local/lib/python3.12/site-packages/snowflake/connector/network.py", line 884, in _request_exec_wrapper
    return_object = self._request_exec(
                    ^^^^^^^^^^^^^^^^^^^
  File "/home/airflow/.local/lib/python3.12/site-packages/snowflake/connector/network.py", line 1182, in _request_exec
    raise RetryRequest(err)
snowflake.connector.network.RetryRequest: HTTPSConnectionPool(host='xh42336.eu-west-2.aws.snowflakecomputing.com', port=443): Max retries exceeded with url: /queries/v1/query-request?requestId=578cbd53-c29e-4d26-9dc0-f2270349e0d5&clientStartTime=1765831351707&retryCount=136&retryReason=None&request_guid=14cfbb14-7fc8-4210-8b6c-d4c9b04956ca (Caused by NewConnectionError('<snowflake.connector.vendored.urllib3.connection.HTTPSConnection object at 0x726825a4a180>: Failed to establish a new connection: [Errno -2] Name or service not known'))

During handling of the above exception, another exception occurred:

Traceback (most recent call last):
  File "/home/airflow/.local/lib/python3.12/site-packages/airflow/models/taskinstance.py", line 465, in _execute_task
    result = _execute_callable(context=context, **execute_callable_kwargs)
             ^^^^^^^^^^^^^^^^^^^^^^^^^^^^^^^^^^^^^^^^^^^^^^^^^^^^^^^^^^^^^
  File "/home/airflow/.local/lib/python3.12/site-packages/airflow/models/taskinstance.py", line 432, in _execute_callable
    return execute_callable(context=context, **execute_callable_kwargs)
           ^^^^^^^^^^^^^^^^^^^^^^^^^^^^^^^^^^^^^^^^^^^^^^^^^^^^^^^^^^^^
  File "/home/airflow/.local/lib/python3.12/site-packages/airflow/models/baseoperator.py", line 401, in wrapper
    return func(self, *args, **kwargs)
           ^^^^^^^^^^^^^^^^^^^^^^^^^^^
  File "/home/airflow/.local/lib/python3.12/site-packages/airflow/operators/python.py", line 235, in execute
    return_value = self.execute_callable()
                   ^^^^^^^^^^^^^^^^^^^^^^^
  File "/home/airflow/.local/lib/python3.12/site-packages/airflow/operators/python.py", line 252, in execute_callable
    return self.python_callable(*self.op_args, **self.op_kwargs)
           ^^^^^^^^^^^^^^^^^^^^^^^^^^^^^^^^^^^^^^^^^^^^^^^^^^^^^
  File "/opt/airflow/dags/minio_to_snowflake.py", line 96, in load_into_snowflake
    cur.execute(f"""PUT file://{f} @%bronze_stock_quotes_raw""")
  File "/home/airflow/.local/lib/python3.12/site-packages/snowflake/connector/cursor.py", line 977, in execute
    ret = self._execute_helper(query, **kwargs)
          ^^^^^^^^^^^^^^^^^^^^^^^^^^^^^^^^^^^^^
  File "/home/airflow/.local/lib/python3.12/site-packages/snowflake/connector/cursor.py", line 694, in _execute_helper
    ret = self._connection.cmd_query(
          ^^^^^^^^^^^^^^^^^^^^^^^^^^^
  File "/home/airflow/.local/lib/python3.12/site-packages/snowflake/connector/connection.py", line 1328, in cmd_query
    ret = self.rest.request(
          ^^^^^^^^^^^^^^^^^^
  File "/home/airflow/.local/lib/python3.12/site-packages/snowflake/connector/network.py", line 493, in request
    return self._post_request(
           ^^^^^^^^^^^^^^^^^^^
  File "/home/airflow/.local/lib/python3.12/site-packages/snowflake/connector/network.py", line 734, in _post_request
    ret = self.fetch(
          ^^^^^^^^^^^
  File "/home/airflow/.local/lib/python3.12/site-packages/snowflake/connector/network.py", line 843, in fetch
    ret = self._request_exec_wrapper(
          ^^^^^^^^^^^^^^^^^^^^^^^^^^^
  File "/home/airflow/.local/lib/python3.12/site-packages/snowflake/connector/network.py", line 955, in _request_exec_wrapper
    time.sleep(float(retry_ctx.current_sleep_time))
  File "/home/airflow/.local/lib/python3.12/site-packages/airflow/models/taskinstance.py", line 2613, in signal_handler
    raise AirflowTaskTerminated("Task received SIGTERM signal")
airflow.exceptions.AirflowTaskTerminated: Task received SIGTERM signal
[2025-12-15T21:09:00.093+0000] {taskinstance.py:1206} INFO - Marking task as UP_FOR_RETRY. dag_id=minio_to_snowflake, task_id=load_into_snowflake, run_id=scheduled__2025-12-15T20:35:00+00:00, execution_date=20251215T203500, start_date=20251215T204010, end_date=20251215T210859
[2025-12-15T21:09:04.792+0000] {process_utils.py:80} INFO - Process psutil.Process(pid=69350, status='terminated', exitcode=2, started='20:40:10') (69350) terminated with exit code 2
